<?xml version="1.0" encoding="UTF-8"?>
<robot generator="Robot 7.4.2 (Python 3.14.4 on linux)" generated="2026-09-12T14:13:39.836507" rpa="false" schemaversion="5">
<suite id="s1" name="cat9000v lab" source="/home/dcantor/cat9000v/tests/suites">
<suite id="s1-s1" name="09 Nautobot" source="/home/dcantor/cat9000v/tests/suites/09_nautobot.robot">
<test id="s1-s1-t1" name="Nautobot is healthy with a Celery worker" line="8">
<kw name="Nautobot Get" owner="LabLib">
<msg time="2026-09-12T14:13:40.472710" level="INFO" html="true">&lt;pre&gt;nms$ grep ^NAUTOBOT_SUPERUSER_API_TOKEN /opt/nautobot/.env | cut -d= -f2
rc=0
5836bb41b6d2bbda3f3398936a8d33b58d3f8e6c
&lt;/pre&gt;</msg>
<msg time="2026-09-12T14:13:41.491258" level="INFO">GET http://10.0.0.10:8080/api/status/ -&gt; 200
{"django-version":"5.2.17","installed-apps":{"constance":null,"corsheaders":null,"db_file_storage":null,"django.contrib.admin":null,"django.contrib.auth":null,"django.contrib.contenttypes":null,"django.contrib.humanize":null,"django.contrib.messages":null,"django.contrib.sessions":null,"django.contrib.staticfiles":null,"django_ajax_tables":null,"django_celery_beat":"2.9.0..","django_celery_results":"2.6.0..","django_extensions":"4.1.0.final.0","django_filters":"25.2","django_jinja":null,"django_prometheus":"2.5.0","django_tables2":"3.0.1","drf_spectacular":"0.29.0","drf_spectacular_sidecar":"2026.8.1","graphene_django":"3.2.3","health_check":"3.20.8","health_check.storage":null,"nautobot.circuits":null,"nautobot.cloud":null,"nautobot.core":null,"nautobot.data_validation":null,"nautobot.dcim":null,"nautobot.extras":null,"nautobot.ipam":null,"nautobot.load_balancers":null,"nautobot.tenancy":null,"nautobot.users":null,"nautobot.virtualization":null,"nautobot.vpn":null,"nautobot.wireless":null,"nautobot_bgp_models":"3.1.1","nautobot_device_onboarding":"5.5.1","nautobot_golden_config":"3.0.7","nautobot_plugin_nornir":"3.2.4","nautobot_ssot":"4.6.1","rest_framework":"3.17.2","silk":"5.5.2","social_django":"5.9.0","taggit":"6.1.0","timezone_field":"7.2.2"},"nautobot-version":"3.2.4","nautobot-apps":{"nautobot_bgp_models":"3.1.1","nautobot_device_onboarding":"5.5.1","nautobot_golden_config":"3.0.7","nautobot_plugin_nornir":"3.2.4","nautobot_ssot":"4.6.1"},"plugins":{"nautobot_bgp_mod</msg>
<msg time="2026-09-12T14:13:41.491563" level="INFO">${st} = {'django-version': '5.2.17', 'installed-apps': {'constance': None, 'corsheaders': None, 'db_file_storage': None, 'django.contrib.admin': None, 'django.contrib.auth': None, 'django.contrib.contenttypes...</msg>
<var>${st}</var>
<arg>status/</arg>
<doc>GET /api/&lt;path&gt; and return the parsed JSON (results list for list endpoints).</doc>
<status status="PASS" start="2026-09-12T14:13:40.030202" elapsed="1.461398"/>
</kw>
<kw name="Should Match Regexp" owner="BuiltIn">
<arg>${st}[nautobot-version]</arg>
<arg>^3\\.</arg>
<doc>Fails if ``string`` does not match ``pattern`` as a regular expression.</doc>
<status status="PASS" start="2026-09-12T14:13:41.491776" elapsed="0.000404"/>
</kw>
<kw name="Should Be True" owner="BuiltIn">
<arg>${st}[celery-workers-running] &gt;= 1</arg>
<doc>Fails if the given condition is not true.</doc>
<status status="PASS" start="2026-09-12T14:13:41.492275" elapsed="0.000344"/>
</kw>
<status status="PASS" start="2026-09-12T14:13:40.029547" elapsed="1.463156"/>
</test>
<test id="s1-s1-t2" name="Lab apps are installed" line="13">
<kw name="Nautobot Get" owner="LabLib">
<msg time="2026-09-12T14:13:42.508888" level="INFO">GET http://10.0.0.10:8080/api/status/ -&gt; 200
{"django-version":"5.2.17","installed-apps":{"constance":null,"corsheaders":null,"db_file_storage":null,"django.contrib.admin":null,"django.contrib.auth":null,"django.contrib.contenttypes":null,"django.contrib.humanize":null,"django.contrib.messages":null,"django.contrib.sessions":null,"django.contrib.staticfiles":null,"django_ajax_tables":null,"django_celery_beat":"2.9.0..","django_celery_results":"2.6.0..","django_extensions":"4.1.0.final.0","django_filters":"25.2","django_jinja":null,"django_prometheus":"2.5.0","django_tables2":"3.0.1","drf_spectacular":"0.29.0","drf_spectacular_sidecar":"2026.8.1","graphene_django":"3.2.3","health_check":"3.20.8","health_check.storage":null,"nautobot.circuits":null,"nautobot.cloud":null,"nautobot.core":null,"nautobot.data_validation":null,"nautobot.dcim":null,"nautobot.extras":null,"nautobot.ipam":null,"nautobot.load_balancers":null,"nautobot.tenancy":null,"nautobot.users":null,"nautobot.virtualization":null,"nautobot.vpn":null,"nautobot.wireless":null,"nautobot_bgp_models":"3.1.1","nautobot_device_onboarding":"5.5.1","nautobot_golden_config":"3.0.7","nautobot_plugin_nornir":"3.2.4","nautobot_ssot":"4.6.1","rest_framework":"3.17.2","silk":"5.5.2","social_django":"5.9.0","taggit":"6.1.0","timezone_field":"7.2.2"},"nautobot-version":"3.2.4","nautobot-apps":{"nautobot_bgp_models":"3.1.1","nautobot_device_onboarding":"5.5.1","nautobot_golden_config":"3.0.7","nautobot_plugin_nornir":"3.2.4","nautobot_ssot":"4.6.1"},"plugins":{"nautobot_bgp_mod</msg>
<msg time="2026-09-12T14:13:42.509210" level="INFO">${st} = {'django-version': '5.2.17', 'installed-apps': {'constance': None, 'corsheaders': None, 'db_file_storage': None, 'django.contrib.admin': None, 'django.contrib.auth': None, 'django.contrib.contenttypes...</msg>
<var>${st}</var>
<arg>status/</arg>
<doc>GET /api/&lt;path&gt; and return the parsed JSON (results list for list endpoints).</doc>
<status status="PASS" start="2026-09-12T14:13:41.493096" elapsed="1.016144"/>
</kw>
<for flavor="IN">
<iter>
<kw name="Dictionary Should Contain Key" owner="Collections">
<arg>${st}[installed-apps]</arg>
<arg>${app}</arg>
<doc>Fails if ``key`` is not found from ``dictionary``.</doc>
<status status="PASS" start="2026-09-12T14:13:42.509634" elapsed="0.000196"/>
</kw>
<var name="${app}">nautobot_device_onboarding</var>
<status status="PASS" start="2026-09-12T14:13:42.509521" elapsed="0.000337"/>
</iter>
<iter>
<kw name="Dictionary Should Contain Key" owner="Collections">
<arg>${st}[installed-apps]</arg>
<arg>${app}</arg>
<doc>Fails if ``key`` is not found from ``dictionary``.</doc>
<status status="PASS" start="2026-09-12T14:13:42.509983" elapsed="0.000122"/>
</kw>
<var name="${app}">nautobot_golden_config</var>
<status status="PASS" start="2026-09-12T14:13:42.509923" elapsed="0.000207"/>
</iter>
<iter>
<kw name="Dictionary Should Contain Key" owner="Collections">
<arg>${st}[installed-apps]</arg>
<arg>${app}</arg>
<doc>Fails if ``key`` is not found from ``dictionary``.</doc>
<status status="PASS" start="2026-09-12T14:13:42.510228" elapsed="0.000129"/>
</kw>
<var name="${app}">nautobot_plugin_nornir</var>
<status status="PASS" start="2026-09-12T14:13:42.510184" elapsed="0.000198"/>
</iter>
<iter>
<kw name="Dictionary Should Contain Key" owner="Collections">
<arg>${st}[installed-apps]</arg>
<arg>${app}</arg>
<doc>Fails if ``key`` is not found from ``dictionary``.</doc>
<status status="PASS" start="2026-09-12T14:13:42.510504" elapsed="0.000148"/>
</kw>
<var name="${app}">nautobot_ssot</var>
<status status="PASS" start="2026-09-12T14:13:42.510434" elapsed="0.000246"/>
</iter>
<var>${app}</var>
<value>nautobot_device_onboarding</value>
<value>nautobot_golden_config</value>
<value>nautobot_plugin_nornir</value>
<value>nautobot_ssot</value>
<status status="PASS" start="2026-09-12T14:13:42.509336" elapsed="0.001364"/>
</for>
<status status="PASS" start="2026-09-12T14:13:41.492873" elapsed="1.017918"/>
</test>
<test id="s1-s1-t3" name="Every lab node is a device in the lab location" line="19">
<for flavor="IN">
<iter>
<kw name="Nautobot Get" owner="LabLib">
<msg time="2026-09-12T14:13:42.708328" level="INFO">GET http://10.0.0.10:8080/api/dcim/devices/?name=sw1&amp;depth=1 -&gt; 200
{"count":1,"next":null,"previous":null,"results":[{"id":"21cb1c46-34dc-4749-a8f6-a5536d670990","object_type":"dcim.device","display":"sw1","url":"http://10.0.0.10:8080/api/dcim/devices/21cb1c46-34dc-4749-a8f6-a5536d670990/","natural_slug":"sw1__cat9000v-lab_21cb","face":null,"local_config_context_data":{"bgp":{"asn":65000}},"local_config_context_data_owner_object_id":null,"name":"sw1","serial":"98R34VA1AR9","asset_tag":null,"position":null,"device_redundancy_group_priority":null,"vc_position":null,"vc_priority":null,"comments":"","local_config_context_schema":null,"local_config_context_data_owner_content_type":null,"device_type":{"id":"cc8c62c8-54b3-4a8b-b40c-0b5f673176e2","object_type":"dcim.devicetype","display":"Cisco C9KV-UADP-8P","url":"http://10.0.0.10:8080/api/dcim/device-types/cc8c62c8-54b3-4a8b-b40c-0b5f673176e2/","natural_slug":"cisco_c9kv-uadp-8p_cc8c","subdevice_role":null,"front_image":null,"rear_image":null,"model":"C9KV-UADP-8P","part_number":"C9KV-UADP-8P","u_height":1,"is_full_depth":true,"comments":"","manufacturer":{"id":"9e02045c-38a4-4db3-97f1-532c4f0b671f","object_type":"dcim.manufacturer","url":"http://10.0.0.10:8080/api/dcim/manufacturers/9e02045c-38a4-4db3-97f1-532c4f0b671f/"},"device_family":null,"created":"2026-09-12T15:29:18.811443Z","last_updated":"2026-09-12T15:29:18.811455Z","notes_url":"http://10.0.0.10:8080/api/dcim/device-types/cc8c62c8-54b3-4a8b-b40c-0b5f673176e2/notes/","custom_fields":{}},"status":{"id":"8f248011-2a05-4668-8162-ac48e85a9f2</msg>
<msg time="2026-09-12T14:13:42.708791" level="INFO">${r} = {'count': 1, 'next': None, 'previous': None, 'results': [{'id': '21cb1c46-34dc-4749-a8f6-a5536d670990', 'object_type': 'dcim.device', 'display': 'sw1', 'url': 'http://10.0.0.10:8080/api/dcim/devices/2...</msg>
<var>${r}</var>
<arg>dcim/devices/</arg>
<arg>name=${node}</arg>
<arg>depth=1</arg>
<doc>GET /api/&lt;path&gt; and return the parsed JSON (results list for list endpoints).</doc>
<status status="PASS" start="2026-09-12T14:13:42.511300" elapsed="0.197535"/>
</kw>
<kw name="Should Be Equal As Integers" owner="BuiltIn">
<msg time="2026-09-12T14:13:42.709437" level="INFO">Argument types are:
&lt;class 'int'&gt;
&lt;class 'str'&gt;</msg>
<arg>${r}[count]</arg>
<arg>1</arg>
<arg>msg=${node} missing in Nautobot</arg>
<doc>Fails if objects are unequal after converting them to integers.</doc>
<status status="PASS" start="2026-09-12T14:13:42.709014" elapsed="0.000501"/>
</kw>
<kw name="Should Be Equal" owner="BuiltIn">
<arg>${r}[results][0][location][name]</arg>
<arg>cat9000v-lab</arg>
<doc>Fails if the given objects are unequal.</doc>
<status status="PASS" start="2026-09-12T14:13:42.709641" elapsed="0.000310"/>
</kw>
<var name="${node}">sw1</var>
<status status="PASS" start="2026-09-12T14:13:42.511245" elapsed="0.198764"/>
</iter>
<iter>
<kw name="Nautobot Get" owner="LabLib">
<msg time="2026-09-12T14:13:42.967109" level="INFO">GET http://10.0.0.10:8080/api/dcim/devices/?name=sw2&amp;depth=1 -&gt; 200
{"count":1,"next":null,"previous":null,"results":[{"id":"8e29dbf2-9a51-4c11-9392-73bfec02f23f","object_type":"dcim.device","display":"sw2","url":"http://10.0.0.10:8080/api/dcim/devices/8e29dbf2-9a51-4c11-9392-73bfec02f23f/","natural_slug":"sw2__cat9000v-lab_8e29","face":null,"local_config_context_data":{"bgp":{"asn":65000}},"local_config_context_data_owner_object_id":null,"name":"sw2","serial":"9PD2HA43NFP","asset_tag":null,"position":null,"device_redundancy_group_priority":null,"vc_position":null,"vc_priority":null,"comments":"","local_config_context_schema":null,"local_config_context_data_owner_content_type":null,"device_type":{"id":"cc8c62c8-54b3-4a8b-b40c-0b5f673176e2","object_type":"dcim.devicetype","display":"Cisco C9KV-UADP-8P","url":"http://10.0.0.10:8080/api/dcim/device-types/cc8c62c8-54b3-4a8b-b40c-0b5f673176e2/","natural_slug":"cisco_c9kv-uadp-8p_cc8c","subdevice_role":null,"front_image":null,"rear_image":null,"model":"C9KV-UADP-8P","part_number":"C9KV-UADP-8P","u_height":1,"is_full_depth":true,"comments":"","manufacturer":{"id":"9e02045c-38a4-4db3-97f1-532c4f0b671f","object_type":"dcim.manufacturer","url":"http://10.0.0.10:8080/api/dcim/manufacturers/9e02045c-38a4-4db3-97f1-532c4f0b671f/"},"device_family":null,"created":"2026-09-12T15:29:18.811443Z","last_updated":"2026-09-12T15:29:18.811455Z","notes_url":"http://10.0.0.10:8080/api/dcim/device-types/cc8c62c8-54b3-4a8b-b40c-0b5f673176e2/notes/","custom_fields":{}},"status":{"id":"8f248011-2a05-4668-8162-ac48e85a9f2</msg>
<msg time="2026-09-12T14:13:42.967556" level="INFO">${r} = {'count': 1, 'next': None, 'previous': None, 'results': [{'id': '8e29dbf2-9a51-4c11-9392-73bfec02f23f', 'object_type': 'dcim.device', 'display': 'sw2', 'url': 'http://10.0.0.10:8080/api/dcim/devices/8...</msg>
<var>${r}</var>
<arg>dcim/devices/</arg>
<arg>name=${node}</arg>
<arg>depth=1</arg>
<doc>GET /api/&lt;path&gt; and return the parsed JSON (results list for list endpoints).</doc>
<status status="PASS" start="2026-09-12T14:13:42.710220" elapsed="0.257378"/>
</kw>
<kw name="Should Be Equal As Integers" owner="BuiltIn">
<msg time="2026-09-12T14:13:42.968197" level="INFO">Argument types are:
&lt;class 'int'&gt;
&lt;class 'str'&gt;</msg>
<arg>${r}[count]</arg>
<arg>1</arg>
<arg>msg=${node} missing in Nautobot</arg>
<doc>Fails if objects are unequal after converting them to integers.</doc>
<status status="PASS" start="2026-09-12T14:13:42.967767" elapsed="0.000498"/>
</kw>
<kw name="Should Be Equal" owner="BuiltIn">
<arg>${r}[results][0][location][name]</arg>
<arg>cat9000v-lab</arg>
<doc>Fails if the given objects are unequal.</doc>
<status status="PASS" start="2026-09-12T14:13:42.968380" elapsed="0.000312"/>
</kw>
<var name="${node}">sw2</var>
<status status="PASS" start="2026-09-12T14:13:42.710132" elapsed="0.258599"/>
</iter>
<iter>
<kw name="Nautobot Get" owner="LabLib">
<msg time="2026-09-12T14:13:43.121417" level="INFO">GET http://10.0.0.10:8080/api/dcim/devices/?name=host1&amp;depth=1 -&gt; 200
{"count":1,"next":null,"previous":null,"results":[{"id":"c836d109-72ec-4422-bc80-34f10f8c86a9","object_type":"dcim.device","display":"host1","url":"http://10.0.0.10:8080/api/dcim/devices/c836d109-72ec-4422-bc80-34f10f8c86a9/","natural_slug":"host1__cat9000v-lab_c836","face":null,"local_config_context_data":null,"local_config_context_data_owner_object_id":null,"name":"host1","serial":"","asset_tag":null,"position":null,"device_redundancy_group_priority":null,"vc_position":null,"vc_priority":null,"comments":"","local_config_context_schema":null,"local_config_context_data_owner_content_type":null,"device_type":{"id":"03f7b79e-f61c-468f-b748-1eb31f3b6d8d","object_type":"dcim.devicetype","display":"Generic CirrOS VM","url":"http://10.0.0.10:8080/api/dcim/device-types/03f7b79e-f61c-468f-b748-1eb31f3b6d8d/","natural_slug":"generic_cirros-vm_03f7","subdevice_role":null,"front_image":null,"rear_image":null,"model":"CirrOS VM","part_number":"","u_height":0,"is_full_depth":true,"comments":"","manufacturer":{"id":"6e5e9a31-7073-4050-a86e-7963a07461a5","object_type":"dcim.manufacturer","url":"http://10.0.0.10:8080/api/dcim/manufacturers/6e5e9a31-7073-4050-a86e-7963a07461a5/"},"device_family":null,"created":"2026-09-12T15:30:44.759482Z","last_updated":"2026-09-12T15:30:44.759494Z","notes_url":"http://10.0.0.10:8080/api/dcim/device-types/03f7b79e-f61c-468f-b748-1eb31f3b6d8d/notes/","custom_fields":{}},"status":{"id":"8f248011-2a05-4668-8162-ac48e85a9f28","object_type":"extras.status","displ</msg>
<msg time="2026-09-12T14:13:43.121825" level="INFO">${r} = {'count': 1, 'next': None, 'previous': None, 'results': [{'id': 'c836d109-72ec-4422-bc80-34f10f8c86a9', 'object_type': 'dcim.device', 'display': 'host1', 'url': 'http://10.0.0.10:8080/api/dcim/devices...</msg>
<var>${r}</var>
<arg>dcim/devices/</arg>
<arg>name=${node}</arg>
<arg>depth=1</arg>
<doc>GET /api/&lt;path&gt; and return the parsed JSON (results list for list endpoints).</doc>
<status status="PASS" start="2026-09-12T14:13:42.968942" elapsed="0.152959"/>
</kw>
<kw name="Should Be Equal As Integers" owner="BuiltIn">
<msg time="2026-09-12T14:13:43.122490" level="INFO">Argument types are:
&lt;class 'int'&gt;
&lt;class 'str'&gt;</msg>
<arg>${r}[count]</arg>
<arg>1</arg>
<arg>msg=${node} missing in Nautobot</arg>
<doc>Fails if objects are unequal after converting them to integers.</doc>
<status status="PASS" start="2026-09-12T14:13:43.122085" elapsed="0.000465"/>
</kw>
<kw name="Should Be Equal" owner="BuiltIn">
<arg>${r}[results][0][location][name]</arg>
<arg>cat9000v-lab</arg>
<doc>Fails if the given objects are unequal.</doc>
<status status="PASS" start="2026-09-12T14:13:43.122653" elapsed="0.000265"/>
</kw>
<var name="${node}">host1</var>
<status status="PASS" start="2026-09-12T14:13:42.968847" elapsed="0.154104"/>
</iter>
<iter>
<kw name="Nautobot Get" owner="LabLib">
<msg time="2026-09-12T14:13:43.279139" level="INFO">GET http://10.0.0.10:8080/api/dcim/devices/?name=host2&amp;depth=1 -&gt; 200
{"count":1,"next":null,"previous":null,"results":[{"id":"f59574f7-835b-484a-a45b-c6a9f86bce05","object_type":"dcim.device","display":"host2","url":"http://10.0.0.10:8080/api/dcim/devices/f59574f7-835b-484a-a45b-c6a9f86bce05/","natural_slug":"host2__cat9000v-lab_f595","face":null,"local_config_context_data":null,"local_config_context_data_owner_object_id":null,"name":"host2","serial":"","asset_tag":null,"position":null,"device_redundancy_group_priority":null,"vc_position":null,"vc_priority":null,"comments":"","local_config_context_schema":null,"local_config_context_data_owner_content_type":null,"device_type":{"id":"03f7b79e-f61c-468f-b748-1eb31f3b6d8d","object_type":"dcim.devicetype","display":"Generic CirrOS VM","url":"http://10.0.0.10:8080/api/dcim/device-types/03f7b79e-f61c-468f-b748-1eb31f3b6d8d/","natural_slug":"generic_cirros-vm_03f7","subdevice_role":null,"front_image":null,"rear_image":null,"model":"CirrOS VM","part_number":"","u_height":0,"is_full_depth":true,"comments":"","manufacturer":{"id":"6e5e9a31-7073-4050-a86e-7963a07461a5","object_type":"dcim.manufacturer","url":"http://10.0.0.10:8080/api/dcim/manufacturers/6e5e9a31-7073-4050-a86e-7963a07461a5/"},"device_family":null,"created":"2026-09-12T15:30:44.759482Z","last_updated":"2026-09-12T15:30:44.759494Z","notes_url":"http://10.0.0.10:8080/api/dcim/device-types/03f7b79e-f61c-468f-b748-1eb31f3b6d8d/notes/","custom_fields":{}},"status":{"id":"8f248011-2a05-4668-8162-ac48e85a9f28","object_type":"extras.status","displ</msg>
<msg time="2026-09-12T14:13:43.279563" level="INFO">${r} = {'count': 1, 'next': None, 'previous': None, 'results': [{'id': 'f59574f7-835b-484a-a45b-c6a9f86bce05', 'object_type': 'dcim.device', 'display': 'host2', 'url': 'http://10.0.0.10:8080/api/dcim/devices...</msg>
<var>${r}</var>
<arg>dcim/devices/</arg>
<arg>name=${node}</arg>
<arg>depth=1</arg>
<doc>GET /api/&lt;path&gt; and return the parsed JSON (results list for list endpoints).</doc>
<status status="PASS" start="2026-09-12T14:13:43.123146" elapsed="0.156455"/>
</kw>
<kw name="Should Be Equal As Integers" owner="BuiltIn">
<msg time="2026-09-12T14:13:43.280262" level="INFO">Argument types are:
&lt;class 'int'&gt;
&lt;class 'str'&gt;</msg>
<arg>${r}[count]</arg>
<arg>1</arg>
<arg>msg=${node} missing in Nautobot</arg>
<doc>Fails if objects are unequal after converting them to integers.</doc>
<status status="PASS" start="2026-09-12T14:13:43.279780" elapsed="0.000554"/>
</kw>
<kw name="Should Be Equal" owner="BuiltIn">
<arg>${r}[results][0][location][name]</arg>
<arg>cat9000v-lab</arg>
<doc>Fails if the given objects are unequal.</doc>
<status status="PASS" start="2026-09-12T14:13:43.280451" elapsed="0.000335"/>
</kw>
<var name="${node}">host2</var>
<status status="PASS" start="2026-09-12T14:13:43.123071" elapsed="0.157759"/>
</iter>
<iter>
<kw name="Nautobot Get" owner="LabLib">
<msg time="2026-09-12T14:13:43.483109" level="INFO">GET http://10.0.0.10:8080/api/dcim/devices/?name=nms&amp;depth=1 -&gt; 200
{"count":1,"next":null,"previous":null,"results":[{"id":"113f4ff4-7935-4aad-af14-e786e0ae9cf3","object_type":"dcim.device","display":"nms","url":"http://10.0.0.10:8080/api/dcim/devices/113f4ff4-7935-4aad-af14-e786e0ae9cf3/","natural_slug":"nms__cat9000v-lab_113f","face":null,"local_config_context_data":null,"local_config_context_data_owner_object_id":null,"name":"nms","serial":"","asset_tag":null,"position":null,"device_redundancy_group_priority":null,"vc_position":null,"vc_priority":null,"comments":"","local_config_context_schema":null,"local_config_context_data_owner_content_type":null,"device_type":{"id":"1f549e30-d0c8-4be5-b504-8313b49b7e08","object_type":"dcim.devicetype","display":"Generic Ubuntu VM","url":"http://10.0.0.10:8080/api/dcim/device-types/1f549e30-d0c8-4be5-b504-8313b49b7e08/","natural_slug":"generic_ubuntu-vm_1f54","subdevice_role":null,"front_image":null,"rear_image":null,"model":"Ubuntu VM","part_number":"","u_height":0,"is_full_depth":true,"comments":"","manufacturer":{"id":"6e5e9a31-7073-4050-a86e-7963a07461a5","object_type":"dcim.manufacturer","url":"http://10.0.0.10:8080/api/dcim/manufacturers/6e5e9a31-7073-4050-a86e-7963a07461a5/"},"device_family":null,"created":"2026-09-12T15:30:44.845637Z","last_updated":"2026-09-12T15:30:44.845649Z","notes_url":"http://10.0.0.10:8080/api/dcim/device-types/1f549e30-d0c8-4be5-b504-8313b49b7e08/notes/","custom_fields":{}},"status":{"id":"8f248011-2a05-4668-8162-ac48e85a9f28","object_type":"extras.status","display":"A</msg>
<msg time="2026-09-12T14:13:43.483512" level="INFO">${r} = {'count': 1, 'next': None, 'previous': None, 'results': [{'id': '113f4ff4-7935-4aad-af14-e786e0ae9cf3', 'object_type': 'dcim.device', 'display': 'nms', 'url': 'http://10.0.0.10:8080/api/dcim/devices/1...</msg>
<var>${r}</var>
<arg>dcim/devices/</arg>
<arg>name=${node}</arg>
<arg>depth=1</arg>
<doc>GET /api/&lt;path&gt; and return the parsed JSON (results list for list endpoints).</doc>
<status status="PASS" start="2026-09-12T14:13:43.281066" elapsed="0.202489"/>
</kw>
<kw name="Should Be Equal As Integers" owner="BuiltIn">
<msg time="2026-09-12T14:13:43.484133" level="INFO">Argument types are:
&lt;class 'int'&gt;
&lt;class 'str'&gt;</msg>
<arg>${r}[count]</arg>
<arg>1</arg>
<arg>msg=${node} missing in Nautobot</arg>
<doc>Fails if objects are unequal after converting them to integers.</doc>
<status status="PASS" start="2026-09-12T14:13:43.483714" elapsed="0.000480"/>
</kw>
<kw name="Should Be Equal" owner="BuiltIn">
<arg>${r}[results][0][location][name]</arg>
<arg>cat9000v-lab</arg>
<doc>Fails if the given objects are unequal.</doc>
<status status="PASS" start="2026-09-12T14:13:43.484311" elapsed="0.000301"/>
</kw>
<var name="${node}">nms</var>
<status status="PASS" start="2026-09-12T14:13:43.280962" elapsed="0.203689"/>
</iter>
<var>${node}</var>
<value>sw1</value>
<value>sw2</value>
<value>host1</value>
<value>host2</value>
<value>nms</value>
<status status="PASS" start="2026-09-12T14:13:42.511161" elapsed="0.973525"/>
</for>
<status status="PASS" start="2026-09-12T14:13:42.510953" elapsed="0.973851"/>
</test>
<test id="s1-s1-t4" name="Switch identity in Nautobot matches the running switches" line="26">
<for flavor="IN">
<iter>
<kw name="Nautobot Get" owner="LabLib">
<msg time="2026-09-12T14:13:43.676919" level="INFO">GET http://10.0.0.10:8080/api/dcim/devices/?name=sw1&amp;depth=1 -&gt; 200
{"count":1,"next":null,"previous":null,"results":[{"id":"21cb1c46-34dc-4749-a8f6-a5536d670990","object_type":"dcim.device","display":"sw1","url":"http://10.0.0.10:8080/api/dcim/devices/21cb1c46-34dc-4749-a8f6-a5536d670990/","natural_slug":"sw1__cat9000v-lab_21cb","face":null,"local_config_context_data":{"bgp":{"asn":65000}},"local_config_context_data_owner_object_id":null,"name":"sw1","serial":"98R34VA1AR9","asset_tag":null,"position":null,"device_redundancy_group_priority":null,"vc_position":null,"vc_priority":null,"comments":"","local_config_context_schema":null,"local_config_context_data_owner_content_type":null,"device_type":{"id":"cc8c62c8-54b3-4a8b-b40c-0b5f673176e2","object_type":"dcim.devicetype","display":"Cisco C9KV-UADP-8P","url":"http://10.0.0.10:8080/api/dcim/device-types/cc8c62c8-54b3-4a8b-b40c-0b5f673176e2/","natural_slug":"cisco_c9kv-uadp-8p_cc8c","subdevice_role":null,"front_image":null,"rear_image":null,"model":"C9KV-UADP-8P","part_number":"C9KV-UADP-8P","u_height":1,"is_full_depth":true,"comments":"","manufacturer":{"id":"9e02045c-38a4-4db3-97f1-532c4f0b671f","object_type":"dcim.manufacturer","url":"http://10.0.0.10:8080/api/dcim/manufacturers/9e02045c-38a4-4db3-97f1-532c4f0b671f/"},"device_family":null,"created":"2026-09-12T15:29:18.811443Z","last_updated":"2026-09-12T15:29:18.811455Z","notes_url":"http://10.0.0.10:8080/api/dcim/device-types/cc8c62c8-54b3-4a8b-b40c-0b5f673176e2/notes/","custom_fields":{}},"status":{"id":"8f248011-2a05-4668-8162-ac48e85a9f2</msg>
<msg time="2026-09-12T14:13:43.677330" level="INFO">${d} = {'count': 1, 'next': None, 'previous': None, 'results': [{'id': '21cb1c46-34dc-4749-a8f6-a5536d670990', 'object_type': 'dcim.device', 'display': 'sw1', 'url': 'http://10.0.0.10:8080/api/dcim/devices/2...</msg>
<var>${d}</var>
<arg>dcim/devices/</arg>
<arg>name=${sw}</arg>
<arg>depth=1</arg>
<doc>GET /api/&lt;path&gt; and return the parsed JSON (results list for list endpoints).</doc>
<status status="PASS" start="2026-09-12T14:13:43.485506" elapsed="0.191855"/>
</kw>
<kw name="Set Variable" owner="BuiltIn">
<msg time="2026-09-12T14:13:43.677913" level="INFO">${dev} = {'id': '21cb1c46-34dc-4749-a8f6-a5536d670990', 'object_type': 'dcim.device', 'display': 'sw1', 'url': 'http://10.0.0.10:8080/api/dcim/devices/21cb1c46-34dc-4749-a8f6-a5536d670990/', 'natural_slug': 's...</msg>
<var>${dev}</var>
<arg>${d}[results][0]</arg>
<doc>Returns the given values which can then be assigned to a variables.</doc>
<status status="PASS" start="2026-09-12T14:13:43.677510" elapsed="0.000428"/>
</kw>
<kw name="Should Be Equal" owner="BuiltIn">
<arg>${dev}[device_type][model]</arg>
<arg>C9KV-UADP-8P</arg>
<doc>Fails if the given objects are unequal.</doc>
<status status="PASS" start="2026-09-12T14:13:43.678042" elapsed="0.000256"/>
</kw>
<kw name="Should Be Equal" owner="BuiltIn">
<arg>${dev}[primary_ip4][host]</arg>
<arg>${SWITCHES}[${sw}][host]</arg>
<doc>Fails if the given objects are unequal.</doc>
<status status="PASS" start="2026-09-12T14:13:43.678392" elapsed="0.000279"/>
</kw>
<kw name="Show" owner="common">
<kw name="Switch Host" owner="common">
<kw name="Set Variable" owner="BuiltIn">
<msg time="2026-09-12T14:13:43.679768" level="INFO">${host} = 10.0.0.11</msg>
<var>${host}</var>
<arg>${SWITCHES}[${sw}][host]</arg>
<doc>Returns the given values which can then be assigned to a variables.</doc>
<status status="PASS" start="2026-09-12T14:13:43.679515" elapsed="0.000277"/>
</kw>
<return>
<value>${host}</value>
<status status="PASS" start="2026-09-12T14:13:43.679857" elapsed="0.000052"/>
</return>
<msg time="2026-09-12T14:13:43.680038" level="INFO">${host} = 10.0.0.11</msg>
<var>${host}</var>
<arg>${sw}</arg>
<status status="PASS" start="2026-09-12T14:13:43.679296" elapsed="0.000765"/>
</kw>
<kw name="Run Command" owner="LabLib">
<msg time="2026-09-12T14:13:45.209672" level="INFO" html="true">&lt;pre&gt;10.0.0.11# show version | include System Serial Number|Model Number
Model Number                       : 
System Serial Number               : 98R34VA1AR9&lt;/pre&gt;</msg>
<msg time="2026-09-12T14:13:45.209865" level="INFO">${out} = Model Number                       : 
System Serial Number               : 98R34VA1AR9</msg>
<var>${out}</var>
<arg>${host}</arg>
<arg>${command}</arg>
<arg>${timeout}</arg>
<doc>Run a show/exec command on a switch over SSH and return its output.</doc>
<status status="PASS" start="2026-09-12T14:13:43.680140" elapsed="1.529763"/>
</kw>
<return>
<value>${out}</value>
<status status="PASS" start="2026-09-12T14:13:45.210012" elapsed="0.000077"/>
</return>
<msg time="2026-09-12T14:13:45.210311" level="INFO">${ver} = Model Number                       : 
System Serial Number               : 98R34VA1AR9</msg>
<var>${ver}</var>
<arg>${sw}</arg>
<arg>show version | include System Serial Number|Model Number</arg>
<doc>Run a show command on a switch by name.</doc>
<status status="PASS" start="2026-09-12T14:13:43.678859" elapsed="1.531486"/>
</kw>
<kw name="Should Contain" owner="BuiltIn">
<arg>${ver}</arg>
<arg>${dev}[serial]</arg>
<doc>Fails if ``container`` does not contain ``item`` one or more times.</doc>
<status status="PASS" start="2026-09-12T14:13:45.210500" elapsed="0.000732"/>
</kw>
<kw name="Should Be Equal" owner="BuiltIn">
<arg>${dev}[software_version][version]</arg>
<arg>${SOFTWARE_VERSION}</arg>
<doc>Fails if the given objects are unequal.</doc>
<status status="PASS" start="2026-09-12T14:13:45.211372" elapsed="0.000355"/>
</kw>
<kw name="Show" owner="common">
<kw name="Switch Host" owner="common">
<kw name="Set Variable" owner="BuiltIn">
<msg time="2026-09-12T14:13:45.212904" level="INFO">${host} = 10.0.0.11</msg>
<var>${host}</var>
<arg>${SWITCHES}[${sw}][host]</arg>
<doc>Returns the given values which can then be assigned to a variables.</doc>
<status status="PASS" start="2026-09-12T14:13:45.212581" elapsed="0.000353"/>
</kw>
<return>
<value>${host}</value>
<status status="PASS" start="2026-09-12T14:13:45.212989" elapsed="0.000044"/>
</return>
<msg time="2026-09-12T14:13:45.213155" level="INFO">${host} = 10.0.0.11</msg>
<var>${host}</var>
<arg>${sw}</arg>
<status status="PASS" start="2026-09-12T14:13:45.212303" elapsed="0.000882"/>
</kw>
<kw name="Run Command" owner="LabLib">
<msg time="2026-09-12T14:13:45.710126" level="INFO" html="true">&lt;pre&gt;10.0.0.11# show version | include ^Cisco IOS XE Software
Cisco IOS XE Software, Version 17.18.02&lt;/pre&gt;</msg>
<msg time="2026-09-12T14:13:45.710336" level="INFO">${out} = Cisco IOS XE Software, Version 17.18.02</msg>
<var>${out}</var>
<arg>${host}</arg>
<arg>${command}</arg>
<arg>${timeout}</arg>
<doc>Run a show/exec command on a switch over SSH and return its output.</doc>
<status status="PASS" start="2026-09-12T14:13:45.213284" elapsed="0.497093"/>
</kw>
<return>
<value>${out}</value>
<status status="PASS" start="2026-09-12T14:13:45.710475" elapsed="0.000058"/>
</return>
<msg time="2026-09-12T14:13:45.710696" level="INFO">${run} = Cisco IOS XE Software, Version 17.18.02</msg>
<var>${run}</var>
<arg>${sw}</arg>
<arg>show version | include ^Cisco IOS XE Software</arg>
<doc>Run a show command on a switch by name.</doc>
<status status="PASS" start="2026-09-12T14:13:45.211897" elapsed="0.498826"/>
</kw>
<kw name="Get Regexp Matches" owner="String">
<msg time="2026-09-12T14:13:45.711270" level="INFO">${ios} = ['17.18.02']</msg>
<var>${ios}</var>
<arg>${run}</arg>
<arg>Version (\\S+)</arg>
<arg>1</arg>
<doc>Returns a list of all non-overlapping matches in the given string.</doc>
<status status="PASS" start="2026-09-12T14:13:45.710873" elapsed="0.000425"/>
</kw>
<kw name="Evaluate" owner="BuiltIn">
<msg time="2026-09-12T14:13:45.711928" level="INFO">${norm} = 17.18.2</msg>
<var>${norm}</var>
<arg>".".join(str(int(x)) for x in "${ios}[0]".split("."))</arg>
<doc>Evaluates the given expression in Python and returns the result.</doc>
<status status="PASS" start="2026-09-12T14:13:45.711403" elapsed="0.000553"/>
</kw>
<kw name="Should Be Equal" owner="BuiltIn">
<arg>${norm}</arg>
<arg>${SOFTWARE_VERSION}</arg>
<doc>Fails if the given objects are unequal.</doc>
<status status="PASS" start="2026-09-12T14:13:45.712069" elapsed="0.000315"/>
</kw>
<var name="${sw}">sw1</var>
<status status="PASS" start="2026-09-12T14:13:43.485424" elapsed="2.227000"/>
</iter>
<iter>
<kw name="Nautobot Get" owner="LabLib">
<msg time="2026-09-12T14:13:45.879934" level="INFO">GET http://10.0.0.10:8080/api/dcim/devices/?name=sw2&amp;depth=1 -&gt; 200
{"count":1,"next":null,"previous":null,"results":[{"id":"8e29dbf2-9a51-4c11-9392-73bfec02f23f","object_type":"dcim.device","display":"sw2","url":"http://10.0.0.10:8080/api/dcim/devices/8e29dbf2-9a51-4c11-9392-73bfec02f23f/","natural_slug":"sw2__cat9000v-lab_8e29","face":null,"local_config_context_data":{"bgp":{"asn":65000}},"local_config_context_data_owner_object_id":null,"name":"sw2","serial":"9PD2HA43NFP","asset_tag":null,"position":null,"device_redundancy_group_priority":null,"vc_position":null,"vc_priority":null,"comments":"","local_config_context_schema":null,"local_config_context_data_owner_content_type":null,"device_type":{"id":"cc8c62c8-54b3-4a8b-b40c-0b5f673176e2","object_type":"dcim.devicetype","display":"Cisco C9KV-UADP-8P","url":"http://10.0.0.10:8080/api/dcim/device-types/cc8c62c8-54b3-4a8b-b40c-0b5f673176e2/","natural_slug":"cisco_c9kv-uadp-8p_cc8c","subdevice_role":null,"front_image":null,"rear_image":null,"model":"C9KV-UADP-8P","part_number":"C9KV-UADP-8P","u_height":1,"is_full_depth":true,"comments":"","manufacturer":{"id":"9e02045c-38a4-4db3-97f1-532c4f0b671f","object_type":"dcim.manufacturer","url":"http://10.0.0.10:8080/api/dcim/manufacturers/9e02045c-38a4-4db3-97f1-532c4f0b671f/"},"device_family":null,"created":"2026-09-12T15:29:18.811443Z","last_updated":"2026-09-12T15:29:18.811455Z","notes_url":"http://10.0.0.10:8080/api/dcim/device-types/cc8c62c8-54b3-4a8b-b40c-0b5f673176e2/notes/","custom_fields":{}},"status":{"id":"8f248011-2a05-4668-8162-ac48e85a9f2</msg>
<msg time="2026-09-12T14:13:45.880387" level="INFO">${d} = {'count': 1, 'next': None, 'previous': None, 'results': [{'id': '8e29dbf2-9a51-4c11-9392-73bfec02f23f', 'object_type': 'dcim.device', 'display': 'sw2', 'url': 'http://10.0.0.10:8080/api/dcim/devices/8...</msg>
<var>${d}</var>
<arg>dcim/devices/</arg>
<arg>name=${sw}</arg>
<arg>depth=1</arg>
<doc>GET /api/&lt;path&gt; and return the parsed JSON (results list for list endpoints).</doc>
<status status="PASS" start="2026-09-12T14:13:45.712657" elapsed="0.167766"/>
</kw>
<kw name="Set Variable" owner="BuiltIn">
<msg time="2026-09-12T14:13:45.881047" level="INFO">${dev} = {'id': '8e29dbf2-9a51-4c11-9392-73bfec02f23f', 'object_type': 'dcim.device', 'display': 'sw2', 'url': 'http://10.0.0.10:8080/api/dcim/devices/8e29dbf2-9a51-4c11-9392-73bfec02f23f/', 'natural_slug': 's...</msg>
<var>${dev}</var>
<arg>${d}[results][0]</arg>
<doc>Returns the given values which can then be assigned to a variables.</doc>
<status status="PASS" start="2026-09-12T14:13:45.880595" elapsed="0.000484"/>
</kw>
<kw name="Should Be Equal" owner="BuiltIn">
<arg>${dev}[device_type][model]</arg>
<arg>C9KV-UADP-8P</arg>
<doc>Fails if the given objects are unequal.</doc>
<status status="PASS" start="2026-09-12T14:13:45.881182" elapsed="0.000281"/>
</kw>
<kw name="Should Be Equal" owner="BuiltIn">
<arg>${dev}[primary_ip4][host]</arg>
<arg>${SWITCHES}[${sw}][host]</arg>
<doc>Fails if the given objects are unequal.</doc>
<status status="PASS" start="2026-09-12T14:13:45.881558" elapsed="0.000311"/>
</kw>
<kw name="Show" owner="common">
<kw name="Switch Host" owner="common">
<kw name="Set Variable" owner="BuiltIn">
<msg time="2026-09-12T14:13:45.882837" level="INFO">${host} = 10.0.0.12</msg>
<var>${host}</var>
<arg>${SWITCHES}[${sw}][host]</arg>
<doc>Returns the given values which can then be assigned to a variables.</doc>
<status status="PASS" start="2026-09-12T14:13:45.882589" elapsed="0.000272"/>
</kw>
<return>
<value>${host}</value>
<status status="PASS" start="2026-09-12T14:13:45.882905" elapsed="0.000041"/>
</return>
<msg time="2026-09-12T14:13:45.883079" level="INFO">${host} = 10.0.0.12</msg>
<var>${host}</var>
<arg>${sw}</arg>
<status status="PASS" start="2026-09-12T14:13:45.882356" elapsed="0.000746"/>
</kw>
<kw name="Run Command" owner="LabLib">
<msg time="2026-09-12T14:13:47.374020" level="INFO" html="true">&lt;pre&gt;10.0.0.12# show version | include System Serial Number|Model Number
Model Number                       : 
System Serial Number               : 9PD2HA43NFP&lt;/pre&gt;</msg>
<msg time="2026-09-12T14:13:47.374206" level="INFO">${out} = Model Number                       : 
System Serial Number               : 9PD2HA43NFP</msg>
<var>${out}</var>
<arg>${host}</arg>
<arg>${command}</arg>
<arg>${timeout}</arg>
<doc>Run a show/exec command on a switch over SSH and return its output.</doc>
<status status="PASS" start="2026-09-12T14:13:45.883183" elapsed="1.491049"/>
</kw>
<return>
<value>${out}</value>
<status status="PASS" start="2026-09-12T14:13:47.374312" elapsed="0.000067"/>
</return>
<msg time="2026-09-12T14:13:47.374525" level="INFO">${ver} = Model Number                       : 
System Serial Number               : 9PD2HA43NFP</msg>
<var>${ver}</var>
<arg>${sw}</arg>
<arg>show version | include System Serial Number|Model Number</arg>
<doc>Run a show command on a switch by name.</doc>
<status status="PASS" start="2026-09-12T14:13:45.882042" elapsed="1.492506"/>
</kw>
<kw name="Should Contain" owner="BuiltIn">
<arg>${ver}</arg>
<arg>${dev}[serial]</arg>
<doc>Fails if ``container`` does not contain ``item`` one or more times.</doc>
<status status="PASS" start="2026-09-12T14:13:47.374678" elapsed="0.000400"/>
</kw>
<kw name="Should Be Equal" owner="BuiltIn">
<arg>${dev}[software_version][version]</arg>
<arg>${SOFTWARE_VERSION}</arg>
<doc>Fails if the given objects are unequal.</doc>
<status status="PASS" start="2026-09-12T14:13:47.375178" elapsed="0.000263"/>
</kw>
<kw name="Show" owner="common">
<kw name="Switch Host" owner="common">
<kw name="Set Variable" owner="BuiltIn">
<msg time="2026-09-12T14:13:47.376355" level="INFO">${host} = 10.0.0.12</msg>
<var>${host}</var>
<arg>${SWITCHES}[${sw}][host]</arg>
<doc>Returns the given values which can then be assigned to a variables.</doc>
<status status="PASS" start="2026-09-12T14:13:47.376101" elapsed="0.000278"/>
</kw>
<return>
<value>${host}</value>
<status status="PASS" start="2026-09-12T14:13:47.376417" elapsed="0.000027"/>
</return>
<msg time="2026-09-12T14:13:47.376539" level="INFO">${host} = 10.0.0.12</msg>
<var>${host}</var>
<arg>${sw}</arg>
<status status="PASS" start="2026-09-12T14:13:47.375870" elapsed="0.000691"/>
</kw>
<kw name="Run Command" owner="LabLib">
<msg time="2026-09-12T14:13:47.872969" level="INFO" html="true">&lt;pre&gt;10.0.0.12# show version | include ^Cisco IOS XE Software
Cisco IOS XE Software, Version 17.18.02&lt;/pre&gt;</msg>
<msg time="2026-09-12T14:13:47.873128" level="INFO">${out} = Cisco IOS XE Software, Version 17.18.02</msg>
<var>${out}</var>
<arg>${host}</arg>
<arg>${command}</arg>
<arg>${timeout}</arg>
<doc>Run a show/exec command on a switch over SSH and return its output.</doc>
<status status="PASS" start="2026-09-12T14:13:47.376633" elapsed="0.496514"/>
</kw>
<return>
<value>${out}</value>
<status status="PASS" start="2026-09-12T14:13:47.873207" elapsed="0.000065"/>
</return>
<msg time="2026-09-12T14:13:47.873448" level="INFO">${run} = Cisco IOS XE Software, Version 17.18.02</msg>
<var>${run}</var>
<arg>${sw}</arg>
<arg>show version | include ^Cisco IOS XE Software</arg>
<doc>Run a show command on a switch by name.</doc>
<status status="PASS" start="2026-09-12T14:13:47.375588" elapsed="0.497882"/>
</kw>
<kw name="Get Regexp Matches" owner="String">
<msg time="2026-09-12T14:13:47.873874" level="INFO">${ios} = ['17.18.02']</msg>
<var>${ios}</var>
<arg>${run}</arg>
<arg>Version (\\S+)</arg>
<arg>1</arg>
<doc>Returns a list of all non-overlapping matches in the given string.</doc>
<status status="PASS" start="2026-09-12T14:13:47.873604" elapsed="0.000301"/>
</kw>
<kw name="Evaluate" owner="BuiltIn">
<msg time="2026-09-12T14:13:47.874481" level="INFO">${norm} = 17.18.2</msg>
<var>${norm}</var>
<arg>".".join(str(int(x)) for x in "${ios}[0]".split("."))</arg>
<doc>Evaluates the given expression in Python and returns the result.</doc>
<status status="PASS" start="2026-09-12T14:13:47.874034" elapsed="0.000475"/>
</kw>
<kw name="Should Be Equal" owner="BuiltIn">
<arg>${norm}</arg>
<arg>${SOFTWARE_VERSION}</arg>
<doc>Fails if the given objects are unequal.</doc>
<status status="PASS" start="2026-09-12T14:13:47.874586" elapsed="0.000231"/>
</kw>
<var name="${sw}">sw2</var>
<status status="PASS" start="2026-09-12T14:13:45.712580" elapsed="2.162265"/>
</iter>
<var>${sw}</var>
<value>@{SWITCH_NAMES}</value>
<status status="PASS" start="2026-09-12T14:13:43.485238" elapsed="4.389639"/>
</for>
<status status="PASS" start="2026-09-12T14:13:43.484989" elapsed="4.389966"/>
</test>
<test id="s1-s1-t5" name="Services and OOB settings come from the lab-services config context" line="42">
<kw name="Nautobot Graphql" owner="LabLib">
<msg time="2026-09-12T14:13:48.056293" level="INFO">GraphQL { devices(role:"core-switch") { name config_context interfaces(name:"GigabitEthernet0/0") { vrf { name } ip_addresses { address } } } }
-&gt; 200 {"data":{"devices":[{"name":"sw1","config_context":{"oob":{"acl":"MGMT-ACCESS","vrf":"Mgmt-vrf","prefix":"10.0.0.0/24","gateway":"10.0.0.10"},"snmp":{"contact":"netops@lab.local","location":"cat9000v-lab","community":"lab","trap_hosts":["10.0.0.10"]},"banner_motd":"Managed by Network-as-Code (Terraform). Manual changes will be reverted.","domain_name":"lab.local","ntp_servers":[{"ip":"10.0.0.10","prefer":true}],"syslog_hosts":["10.0.0.10"],"quarantine_vlan":999,"bgp":{"asn":65000}},"interfaces":[{"vrf":{"name":"Mgmt-vrf"},"ip_addresses":[{"address":"10.0.0.11/24"}]}]},{"name":"sw2","config_context":{"oob":{"acl":"MGMT-ACCESS","vrf":"Mgmt-vrf","prefix":"10.0.0.0/24","gateway":"10.0.0.10"},"snmp":{"contact":"netops@lab.local","location":"cat9000v-lab","community":"lab","trap_hosts":["10.0.0.10"]},"banner_motd":"Managed by Network-as-Code (Terraform). Manual changes will be reverted.","domain_name":"lab.local","ntp_servers":[{"ip":"10.0.0.10","prefer":true}],"syslog_hosts":["10.0.0.10"],"quarantine_vlan":999,"bgp":{"asn":65000}},"interfaces":[{"vrf":{"name":"Mgmt-vrf"},"ip_addresses":[{"address":"10.0.0.12/24"}]}]}]}}</msg>
<msg time="2026-09-12T14:13:48.056541" level="INFO">${d} = {'devices': [{'name': 'sw1', 'config_context': {'oob': {'acl': 'MGMT-ACCESS', 'vrf': 'Mgmt-vrf', 'prefix': '10.0.0.0/24', 'gateway': '10.0.0.10'}, 'snmp': {'contact': 'netops@lab.local', 'location': '...</msg>
<var>${d}</var>
<arg>{ devices(role:"core-switch") { name config_context interfaces(name:"GigabitEthernet0/0") { vrf { name } ip_addresses { address } } } }</arg>
<status status="PASS" start="2026-09-12T14:13:47.875326" elapsed="0.181238"/>
</kw>
<for flavor="IN">
<iter>
<kw name="Set Variable" owner="BuiltIn">
<msg time="2026-09-12T14:13:48.057358" level="INFO">${cc} = {'oob': {'acl': 'MGMT-ACCESS', 'vrf': 'Mgmt-vrf', 'prefix': '10.0.0.0/24', 'gateway': '10.0.0.10'}, 'snmp': {'contact': 'netops@lab.local', 'location': 'cat9000v-lab', 'community': 'lab', 'trap_hosts'...</msg>
<var>${cc}</var>
<arg>${dev}[config_context]</arg>
<doc>Returns the given values which can then be assigned to a variables.</doc>
<status status="PASS" start="2026-09-12T14:13:48.057008" elapsed="0.000377"/>
</kw>
<kw name="Should Be Equal" owner="BuiltIn">
<arg>${cc}[domain_name]</arg>
<arg>${DOMAIN_NAME}</arg>
<doc>Fails if the given objects are unequal.</doc>
<status status="PASS" start="2026-09-12T14:13:48.057482" elapsed="0.000241"/>
</kw>
<kw name="Should Be Equal" owner="BuiltIn">
<arg>${cc}[oob][vrf]</arg>
<arg>Mgmt-vrf</arg>
<doc>Fails if the given objects are unequal.</doc>
<status status="PASS" start="2026-09-12T14:13:48.057818" elapsed="0.000251"/>
</kw>
<kw name="Should Be Equal" owner="BuiltIn">
<arg>${cc}[oob][gateway]</arg>
<arg>${NMS}[host]</arg>
<doc>Fails if the given objects are unequal.</doc>
<status status="PASS" start="2026-09-12T14:13:48.058140" elapsed="0.000295"/>
</kw>
<kw name="Should Be Equal" owner="BuiltIn">
<arg>${cc}[oob][acl]</arg>
<arg>${MGMT_ACL}</arg>
<doc>Fails if the given objects are unequal.</doc>
<status status="PASS" start="2026-09-12T14:13:48.058532" elapsed="0.000239"/>
</kw>
<kw name="Should Be Equal" owner="BuiltIn">
<arg>${cc}[ntp_servers][0][ip]</arg>
<arg>${NTP_SERVER}</arg>
<doc>Fails if the given objects are unequal.</doc>
<status status="PASS" start="2026-09-12T14:13:48.058838" elapsed="0.000252"/>
</kw>
<kw name="Should Be Equal" owner="BuiltIn">
<arg>${cc}[syslog_hosts][0]</arg>
<arg>${SYSLOG_HOST}</arg>
<doc>Fails if the given objects are unequal.</doc>
<status status="PASS" start="2026-09-12T14:13:48.059170" elapsed="0.000269"/>
</kw>
<kw name="Should Be Equal" owner="BuiltIn">
<arg>${cc}[snmp][community]</arg>
<arg>${SNMP_COMMUNITY}</arg>
<doc>Fails if the given objects are unequal.</doc>
<status status="PASS" start="2026-09-12T14:13:48.059527" elapsed="0.000206"/>
</kw>
<kw name="Should Be Equal" owner="BuiltIn">
<arg>${cc}[snmp][location]</arg>
<arg>${SNMP_LOCATION}</arg>
<doc>Fails if the given objects are unequal.</doc>
<status status="PASS" start="2026-09-12T14:13:48.059799" elapsed="0.000201"/>
</kw>
<kw name="Should Be Equal" owner="BuiltIn">
<arg>${dev}[interfaces][0][vrf][name]</arg>
<arg>Mgmt-vrf</arg>
<doc>Fails if the given objects are unequal.</doc>
<status status="PASS" start="2026-09-12T14:13:48.060062" elapsed="0.000190"/>
</kw>
<kw name="Should Be Equal" owner="BuiltIn">
<arg>${dev}[interfaces][0][ip_addresses][0][address]</arg>
<arg>${SWITCHES}[${dev}[name]][host]/24</arg>
<doc>Fails if the given objects are unequal.</doc>
<status status="PASS" start="2026-09-12T14:13:48.060345" elapsed="0.000284"/>
</kw>
<var name="${dev}">{'name': 'sw1', 'config_context': {'oob': {'acl': 'MGMT-ACCESS', 'vrf': 'Mgmt-vrf', 'prefix': '10.0.0.0/24', 'gateway': '10.0.0.10'}, 'snmp': {'contact': 'netops@lab.local', 'location': 'cat9000v-lab'...</var>
<status status="PASS" start="2026-09-12T14:13:48.056873" elapsed="0.003784"/>
</iter>
<iter>
<kw name="Set Variable" owner="BuiltIn">
<msg time="2026-09-12T14:13:48.061047" level="INFO">${cc} = {'oob': {'acl': 'MGMT-ACCESS', 'vrf': 'Mgmt-vrf', 'prefix': '10.0.0.0/24', 'gateway': '10.0.0.10'}, 'snmp': {'contact': 'netops@lab.local', 'location': 'cat9000v-lab', 'community': 'lab', 'trap_hosts'...</msg>
<var>${cc}</var>
<arg>${dev}[config_context]</arg>
<doc>Returns the given values which can then be assigned to a variables.</doc>
<status status="PASS" start="2026-09-12T14:13:48.060846" elapsed="0.000222"/>
</kw>
<kw name="Should Be Equal" owner="BuiltIn">
<arg>${cc}[domain_name]</arg>
<arg>${DOMAIN_NAME}</arg>
<doc>Fails if the given objects are unequal.</doc>
<status status="PASS" start="2026-09-12T14:13:48.061128" elapsed="0.000215"/>
</kw>
<kw name="Should Be Equal" owner="BuiltIn">
<arg>${cc}[oob][vrf]</arg>
<arg>Mgmt-vrf</arg>
<doc>Fails if the given objects are unequal.</doc>
<status status="PASS" start="2026-09-12T14:13:48.061410" elapsed="0.000174"/>
</kw>
<kw name="Should Be Equal" owner="BuiltIn">
<arg>${cc}[oob][gateway]</arg>
<arg>${NMS}[host]</arg>
<doc>Fails if the given objects are unequal.</doc>
<status status="PASS" start="2026-09-12T14:13:48.061643" elapsed="0.000180"/>
</kw>
<kw name="Should Be Equal" owner="BuiltIn">
<arg>${cc}[oob][acl]</arg>
<arg>${MGMT_ACL}</arg>
<doc>Fails if the given objects are unequal.</doc>
<status status="PASS" start="2026-09-12T14:13:48.061879" elapsed="0.000184"/>
</kw>
<kw name="Should Be Equal" owner="BuiltIn">
<arg>${cc}[ntp_servers][0][ip]</arg>
<arg>${NTP_SERVER}</arg>
<doc>Fails if the given objects are unequal.</doc>
<status status="PASS" start="2026-09-12T14:13:48.062122" elapsed="0.000211"/>
</kw>
<kw name="Should Be Equal" owner="BuiltIn">
<arg>${cc}[syslog_hosts][0]</arg>
<arg>${SYSLOG_HOST}</arg>
<doc>Fails if the given objects are unequal.</doc>
<status status="PASS" start="2026-09-12T14:13:48.062393" elapsed="0.000180"/>
</kw>
<kw name="Should Be Equal" owner="BuiltIn">
<arg>${cc}[snmp][community]</arg>
<arg>${SNMP_COMMUNITY}</arg>
<doc>Fails if the given objects are unequal.</doc>
<status status="PASS" start="2026-09-12T14:13:48.062630" elapsed="0.000180"/>
</kw>
<kw name="Should Be Equal" owner="BuiltIn">
<arg>${cc}[snmp][location]</arg>
<arg>${SNMP_LOCATION}</arg>
<doc>Fails if the given objects are unequal.</doc>
<status status="PASS" start="2026-09-12T14:13:48.062870" elapsed="0.000186"/>
</kw>
<kw name="Should Be Equal" owner="BuiltIn">
<arg>${dev}[interfaces][0][vrf][name]</arg>
<arg>Mgmt-vrf</arg>
<doc>Fails if the given objects are unequal.</doc>
<status status="PASS" start="2026-09-12T14:13:48.063112" elapsed="0.000178"/>
</kw>
<kw name="Should Be Equal" owner="BuiltIn">
<arg>${dev}[interfaces][0][ip_addresses][0][address]</arg>
<arg>${SWITCHES}[${dev}[name]][host]/24</arg>
<doc>Fails if the given objects are unequal.</doc>
<status status="PASS" start="2026-09-12T14:13:48.063348" elapsed="0.000197"/>
</kw>
<var name="${dev}">{'name': 'sw2', 'config_context': {'oob': {'acl': 'MGMT-ACCESS', 'vrf': 'Mgmt-vrf', 'prefix': '10.0.0.0/24', 'gateway': '10.0.0.10'}, 'snmp': {'contact': 'netops@lab.local', 'location': 'cat9000v-lab'...</var>
<status status="PASS" start="2026-09-12T14:13:48.060786" elapsed="0.002782"/>
</iter>
<var>${dev}</var>
<value>@{d}[devices]</value>
<status status="PASS" start="2026-09-12T14:13:48.056645" elapsed="0.006945"/>
</for>
<status status="PASS" start="2026-09-12T14:13:47.875104" elapsed="0.188556"/>
</test>
<test id="s1-s1-t6" name="VLAN group holds the modelled VLANs" line="58">
<kw name="Nautobot Graphql" owner="LabLib">
<msg time="2026-09-12T14:13:48.086303" level="INFO">GraphQL { vlan_groups(name:"cat9000v-lab") { vlans { vid name } } }
-&gt; 200 {"data":{"vlan_groups":[{"vlans":[{"vid":10,"name":"USERS"},{"vid":20,"name":"SERVERS"},{"vid":99,"name":"NATIVE"},{"vid":100,"name":"TRANSIT"},{"vid":101,"name":"TRANSIT-A"},{"vid":110,"name":"L3-110"},{"vid":111,"name":"L3-111"},{"vid":112,"name":"L3-112"},{"vid":113,"name":"L3-113"},{"vid":114,"name":"L3-114"},{"vid":115,"name":"L3-115"},{"vid":116,"name":"L3-116"},{"vid":117,"name":"L3-117"},{"vid":118,"name":"L3-118"},{"vid":119,"name":"L3-119"},{"vid":210,"name":"L2-210"},{"vid":211,"name":"L2-211"},{"vid":212,"name":"L2-212"},{"vid":213,"name":"L2-213"},{"vid":214,"name":"L2-214"},{"vid":215,"name":"L2-215"},{"vid":216,"name":"L2-216"},{"vid":217,"name":"L2-217"},{"vid":218,"name":"L2-218"},{"vid":219,"name":"L2-219"},{"vid":999,"name":"QUARANTINE"}]}]}}</msg>
<msg time="2026-09-12T14:13:48.086623" level="INFO">${vg} = {'vlan_groups': [{'vlans': [{'vid': 10, 'name': 'USERS'}, {'vid': 20, 'name': 'SERVERS'}, {'vid': 99, 'name': 'NATIVE'}, {'vid': 100, 'name': 'TRANSIT'}, {'vid': 101, 'name': 'TRANSIT-A'}, {'vid': 110...</msg>
<var>${vg}</var>
<arg>{ vlan_groups(name:"cat9000v-lab") { vlans { vid name } } }</arg>
<status status="PASS" start="2026-09-12T14:13:48.064058" elapsed="0.022603"/>
</kw>
<kw name="Create Dictionary" owner="BuiltIn">
<msg time="2026-09-12T14:13:48.087363" level="INFO">${got} = {}</msg>
<var>${got}</var>
<doc>Creates and returns a dictionary based on the given ``items``.</doc>
<status status="PASS" start="2026-09-12T14:13:48.086847" elapsed="0.000548"/>
</kw>
<for flavor="IN">
<iter>
<kw name="Convert To String" owner="BuiltIn">
<msg time="2026-09-12T14:13:48.088107" level="INFO">${vid} = 10</msg>
<var>${vid}</var>
<arg>${v}[vid]</arg>
<doc>Converts the given item to a Unicode string.</doc>
<status status="PASS" start="2026-09-12T14:13:48.087753" elapsed="0.000385"/>
</kw>
<kw name="Set To Dictionary" owner="Collections">
<arg>${got}</arg>
<arg>${vid}</arg>
<arg>${v}[name]</arg>
<doc>Adds the given ``key_value_pairs`` and/or ``items`` to the ``dictionary``.</doc>
<status status="PASS" start="2026-09-12T14:13:48.088251" elapsed="0.000347"/>
</kw>
<var name="${v}">{'vid': 10, 'name': 'USERS'}</var>
<status status="PASS" start="2026-09-12T14:13:48.087661" elapsed="0.001005"/>
</iter>
<iter>
<kw name="Convert To String" owner="BuiltIn">
<msg time="2026-09-12T14:13:48.089192" level="INFO">${vid} = 20</msg>
<var>${vid}</var>
<arg>${v}[vid]</arg>
<doc>Converts the given item to a Unicode string.</doc>
<status status="PASS" start="2026-09-12T14:13:48.088855" elapsed="0.000389"/>
</kw>
<kw name="Set To Dictionary" owner="Collections">
<arg>${got}</arg>
<arg>${vid}</arg>
<arg>${v}[name]</arg>
<doc>Adds the given ``key_value_pairs`` and/or ``items`` to the ``dictionary``.</doc>
<status status="PASS" start="2026-09-12T14:13:48.089321" elapsed="0.000183"/>
</kw>
<var name="${v}">{'vid': 20, 'name': 'SERVERS'}</var>
<status status="PASS" start="2026-09-12T14:13:48.088770" elapsed="0.000762"/>
</iter>
<iter>
<kw name="Convert To String" owner="BuiltIn">
<msg time="2026-09-12T14:13:48.089834" level="INFO">${vid} = 99</msg>
<var>${vid}</var>
<arg>${v}[vid]</arg>
<doc>Converts the given item to a Unicode string.</doc>
<status status="PASS" start="2026-09-12T14:13:48.089643" elapsed="0.000209"/>
</kw>
<kw name="Set To Dictionary" owner="Collections">
<arg>${got}</arg>
<arg>${vid}</arg>
<arg>${v}[name]</arg>
<doc>Adds the given ``key_value_pairs`` and/or ``items`` to the ``dictionary``.</doc>
<status status="PASS" start="2026-09-12T14:13:48.089910" elapsed="0.000175"/>
</kw>
<var name="${v}">{'vid': 99, 'name': 'NATIVE'}</var>
<status status="PASS" start="2026-09-12T14:13:48.089594" elapsed="0.000517"/>
</iter>
<iter>
<kw name="Convert To String" owner="BuiltIn">
<msg time="2026-09-12T14:13:48.090430" level="INFO">${vid} = 100</msg>
<var>${vid}</var>
<arg>${v}[vid]</arg>
<doc>Converts the given item to a Unicode string.</doc>
<status status="PASS" start="2026-09-12T14:13:48.090220" elapsed="0.000228"/>
</kw>
<kw name="Set To Dictionary" owner="Collections">
<arg>${got}</arg>
<arg>${vid}</arg>
<arg>${v}[name]</arg>
<doc>Adds the given ``key_value_pairs`` and/or ``items`` to the ``dictionary``.</doc>
<status status="PASS" start="2026-09-12T14:13:48.090510" elapsed="0.000128"/>
</kw>
<var name="${v}">{'vid': 100, 'name': 'TRANSIT'}</var>
<status status="PASS" start="2026-09-12T14:13:48.090173" elapsed="0.000498"/>
</iter>
<iter>
<kw name="Convert To String" owner="BuiltIn">
<msg time="2026-09-12T14:13:48.091043" level="INFO">${vid} = 101</msg>
<var>${vid}</var>
<arg>${v}[vid]</arg>
<doc>Converts the given item to a Unicode string.</doc>
<status status="PASS" start="2026-09-12T14:13:48.090791" elapsed="0.000277"/>
</kw>
<kw name="Set To Dictionary" owner="Collections">
<arg>${got}</arg>
<arg>${vid}</arg>
<arg>${v}[name]</arg>
<doc>Adds the given ``key_value_pairs`` and/or ``items`` to the ``dictionary``.</doc>
<status status="PASS" start="2026-09-12T14:13:48.091157" elapsed="0.000189"/>
</kw>
<var name="${v}">{'vid': 101, 'name': 'TRANSIT-A'}</var>
<status status="PASS" start="2026-09-12T14:13:48.090734" elapsed="0.000646"/>
</iter>
<iter>
<kw name="Convert To String" owner="BuiltIn">
<msg time="2026-09-12T14:13:48.091685" level="INFO">${vid} = 110</msg>
<var>${vid}</var>
<arg>${v}[vid]</arg>
<doc>Converts the given item to a Unicode string.</doc>
<status status="PASS" start="2026-09-12T14:13:48.091493" elapsed="0.000209"/>
</kw>
<kw name="Set To Dictionary" owner="Collections">
<arg>${got}</arg>
<arg>${vid}</arg>
<arg>${v}[name]</arg>
<doc>Adds the given ``key_value_pairs`` and/or ``items`` to the ``dictionary``.</doc>
<status status="PASS" start="2026-09-12T14:13:48.091764" elapsed="0.000122"/>
</kw>
<var name="${v}">{'vid': 110, 'name': 'L3-110'}</var>
<status status="PASS" start="2026-09-12T14:13:48.091445" elapsed="0.000469"/>
</iter>
<iter>
<kw name="Convert To String" owner="BuiltIn">
<msg time="2026-09-12T14:13:48.092227" level="INFO">${vid} = 111</msg>
<var>${vid}</var>
<arg>${v}[vid]</arg>
<doc>Converts the given item to a Unicode string.</doc>
<status status="PASS" start="2026-09-12T14:13:48.092049" elapsed="0.000194"/>
</kw>
<kw name="Set To Dictionary" owner="Collections">
<arg>${got}</arg>
<arg>${vid}</arg>
<arg>${v}[name]</arg>
<doc>Adds the given ``key_value_pairs`` and/or ``items`` to the ``dictionary``.</doc>
<status status="PASS" start="2026-09-12T14:13:48.092294" elapsed="0.000123"/>
</kw>
<var name="${v}">{'vid': 111, 'name': 'L3-111'}</var>
<status status="PASS" start="2026-09-12T14:13:48.092001" elapsed="0.000448"/>
</iter>
<iter>
<kw name="Convert To String" owner="BuiltIn">
<msg time="2026-09-12T14:13:48.092782" level="INFO">${vid} = 112</msg>
<var>${vid}</var>
<arg>${v}[vid]</arg>
<doc>Converts the given item to a Unicode string.</doc>
<status status="PASS" start="2026-09-12T14:13:48.092571" elapsed="0.000229"/>
</kw>
<kw name="Set To Dictionary" owner="Collections">
<arg>${got}</arg>
<arg>${vid}</arg>
<arg>${v}[name]</arg>
<doc>Adds the given ``key_value_pairs`` and/or ``items`` to the ``dictionary``.</doc>
<status status="PASS" start="2026-09-12T14:13:48.092860" elapsed="0.000180"/>
</kw>
<var name="${v}">{'vid': 112, 'name': 'L3-112'}</var>
<status status="PASS" start="2026-09-12T14:13:48.092522" elapsed="0.000545"/>
</iter>
<iter>
<kw name="Convert To String" owner="BuiltIn">
<msg time="2026-09-12T14:13:48.093379" level="INFO">${vid} = 113</msg>
<var>${vid}</var>
<arg>${v}[vid]</arg>
<doc>Converts the given item to a Unicode string.</doc>
<status status="PASS" start="2026-09-12T14:13:48.093176" elapsed="0.000225"/>
</kw>
<kw name="Set To Dictionary" owner="Collections">
<arg>${got}</arg>
<arg>${vid}</arg>
<arg>${v}[name]</arg>
<doc>Adds the given ``key_value_pairs`` and/or ``items`` to the ``dictionary``.</doc>
<status status="PASS" start="2026-09-12T14:13:48.093486" elapsed="0.000177"/>
</kw>
<var name="${v}">{'vid': 113, 'name': 'L3-113'}</var>
<status status="PASS" start="2026-09-12T14:13:48.093128" elapsed="0.000562"/>
</iter>
<iter>
<kw name="Convert To String" owner="BuiltIn">
<msg time="2026-09-12T14:13:48.094030" level="INFO">${vid} = 114</msg>
<var>${vid}</var>
<arg>${v}[vid]</arg>
<doc>Converts the given item to a Unicode string.</doc>
<status status="PASS" start="2026-09-12T14:13:48.093826" elapsed="0.000222"/>
</kw>
<kw name="Set To Dictionary" owner="Collections">
<arg>${got}</arg>
<arg>${vid}</arg>
<arg>${v}[name]</arg>
<doc>Adds the given ``key_value_pairs`` and/or ``items`` to the ``dictionary``.</doc>
<status status="PASS" start="2026-09-12T14:13:48.094105" elapsed="0.000130"/>
</kw>
<var name="${v}">{'vid': 114, 'name': 'L3-114'}</var>
<status status="PASS" start="2026-09-12T14:13:48.093757" elapsed="0.000513"/>
</iter>
<iter>
<kw name="Convert To String" owner="BuiltIn">
<msg time="2026-09-12T14:13:48.094610" level="INFO">${vid} = 115</msg>
<var>${vid}</var>
<arg>${v}[vid]</arg>
<doc>Converts the given item to a Unicode string.</doc>
<status status="PASS" start="2026-09-12T14:13:48.094382" elapsed="0.000245"/>
</kw>
<kw name="Set To Dictionary" owner="Collections">
<arg>${got}</arg>
<arg>${vid}</arg>
<arg>${v}[name]</arg>
<doc>Adds the given ``key_value_pairs`` and/or ``items`` to the ``dictionary``.</doc>
<status status="PASS" start="2026-09-12T14:13:48.094686" elapsed="0.000128"/>
</kw>
<var name="${v}">{'vid': 115, 'name': 'L3-115'}</var>
<status status="PASS" start="2026-09-12T14:13:48.094336" elapsed="0.000503"/>
</iter>
<iter>
<kw name="Convert To String" owner="BuiltIn">
<msg time="2026-09-12T14:13:48.095122" level="INFO">${vid} = 116</msg>
<var>${vid}</var>
<arg>${v}[vid]</arg>
<doc>Converts the given item to a Unicode string.</doc>
<status status="PASS" start="2026-09-12T14:13:48.094942" elapsed="0.000196"/>
</kw>
<kw name="Set To Dictionary" owner="Collections">
<arg>${got}</arg>
<arg>${vid}</arg>
<arg>${v}[name]</arg>
<doc>Adds the given ``key_value_pairs`` and/or ``items`` to the ``dictionary``.</doc>
<status status="PASS" start="2026-09-12T14:13:48.095192" elapsed="0.000143"/>
</kw>
<var name="${v}">{'vid': 116, 'name': 'L3-116'}</var>
<status status="PASS" start="2026-09-12T14:13:48.094898" elapsed="0.000463"/>
</iter>
<iter>
<kw name="Convert To String" owner="BuiltIn">
<msg time="2026-09-12T14:13:48.095698" level="INFO">${vid} = 117</msg>
<var>${vid}</var>
<arg>${v}[vid]</arg>
<doc>Converts the given item to a Unicode string.</doc>
<status status="PASS" start="2026-09-12T14:13:48.095486" elapsed="0.000230"/>
</kw>
<kw name="Set To Dictionary" owner="Collections">
<arg>${got}</arg>
<arg>${vid}</arg>
<arg>${v}[name]</arg>
<doc>Adds the given ``key_value_pairs`` and/or ``items`` to the ``dictionary``.</doc>
<status status="PASS" start="2026-09-12T14:13:48.095773" elapsed="0.000126"/>
</kw>
<var name="${v}">{'vid': 117, 'name': 'L3-117'}</var>
<status status="PASS" start="2026-09-12T14:13:48.095416" elapsed="0.000507"/>
</iter>
<iter>
<kw name="Convert To String" owner="BuiltIn">
<msg time="2026-09-12T14:13:48.096221" level="INFO">${vid} = 118</msg>
<var>${vid}</var>
<arg>${v}[vid]</arg>
<doc>Converts the given item to a Unicode string.</doc>
<status status="PASS" start="2026-09-12T14:13:48.096039" elapsed="0.000205"/>
</kw>
<kw name="Set To Dictionary" owner="Collections">
<arg>${got}</arg>
<arg>${vid}</arg>
<arg>${v}[name]</arg>
<doc>Adds the given ``key_value_pairs`` and/or ``items`` to the ``dictionary``.</doc>
<status status="PASS" start="2026-09-12T14:13:48.096320" elapsed="0.000145"/>
</kw>
<var name="${v}">{'vid': 118, 'name': 'L3-118'}</var>
<status status="PASS" start="2026-09-12T14:13:48.095988" elapsed="0.000520"/>
</iter>
<iter>
<kw name="Convert To String" owner="BuiltIn">
<msg time="2026-09-12T14:13:48.096828" level="INFO">${vid} = 119</msg>
<var>${vid}</var>
<arg>${v}[vid]</arg>
<doc>Converts the given item to a Unicode string.</doc>
<status status="PASS" start="2026-09-12T14:13:48.096620" elapsed="0.000232"/>
</kw>
<kw name="Set To Dictionary" owner="Collections">
<arg>${got}</arg>
<arg>${vid}</arg>
<arg>${v}[name]</arg>
<doc>Adds the given ``key_value_pairs`` and/or ``items`` to the ``dictionary``.</doc>
<status status="PASS" start="2026-09-12T14:13:48.096917" elapsed="0.000173"/>
</kw>
<var name="${v}">{'vid': 119, 'name': 'L3-119'}</var>
<status status="PASS" start="2026-09-12T14:13:48.096573" elapsed="0.000547"/>
</iter>
<iter>
<kw name="Convert To String" owner="BuiltIn">
<msg time="2026-09-12T14:13:48.097508" level="INFO">${vid} = 210</msg>
<var>${vid}</var>
<arg>${v}[vid]</arg>
<doc>Converts the given item to a Unicode string.</doc>
<status status="PASS" start="2026-09-12T14:13:48.097264" elapsed="0.000265"/>
</kw>
<kw name="Set To Dictionary" owner="Collections">
<arg>${got}</arg>
<arg>${vid}</arg>
<arg>${v}[name]</arg>
<doc>Adds the given ``key_value_pairs`` and/or ``items`` to the ``dictionary``.</doc>
<status status="PASS" start="2026-09-12T14:13:48.097588" elapsed="0.000121"/>
</kw>
<var name="${v}">{'vid': 210, 'name': 'L2-210'}</var>
<status status="PASS" start="2026-09-12T14:13:48.097200" elapsed="0.000532"/>
</iter>
<iter>
<kw name="Convert To String" owner="BuiltIn">
<msg time="2026-09-12T14:13:48.098010" level="INFO">${vid} = 211</msg>
<var>${vid}</var>
<arg>${v}[vid]</arg>
<doc>Converts the given item to a Unicode string.</doc>
<status status="PASS" start="2026-09-12T14:13:48.097833" elapsed="0.000193"/>
</kw>
<kw name="Set To Dictionary" owner="Collections">
<arg>${got}</arg>
<arg>${vid}</arg>
<arg>${v}[name]</arg>
<doc>Adds the given ``key_value_pairs`` and/or ``items`` to the ``dictionary``.</doc>
<status status="PASS" start="2026-09-12T14:13:48.098080" elapsed="0.000117"/>
</kw>
<var name="${v}">{'vid': 211, 'name': 'L2-211'}</var>
<status status="PASS" start="2026-09-12T14:13:48.097790" elapsed="0.000430"/>
</iter>
<iter>
<kw name="Convert To String" owner="BuiltIn">
<msg time="2026-09-12T14:13:48.098518" level="INFO">${vid} = 212</msg>
<var>${vid}</var>
<arg>${v}[vid]</arg>
<doc>Converts the given item to a Unicode string.</doc>
<status status="PASS" start="2026-09-12T14:13:48.098348" elapsed="0.000186"/>
</kw>
<kw name="Set To Dictionary" owner="Collections">
<arg>${got}</arg>
<arg>${vid}</arg>
<arg>${v}[name]</arg>
<doc>Adds the given ``key_value_pairs`` and/or ``items`` to the ``dictionary``.</doc>
<status status="PASS" start="2026-09-12T14:13:48.098587" elapsed="0.000119"/>
</kw>
<var name="${v}">{'vid': 212, 'name': 'L2-212'}</var>
<status status="PASS" start="2026-09-12T14:13:48.098297" elapsed="0.000434"/>
</iter>
<iter>
<kw name="Convert To String" owner="BuiltIn">
<msg time="2026-09-12T14:13:48.099002" level="INFO">${vid} = 213</msg>
<var>${vid}</var>
<arg>${v}[vid]</arg>
<doc>Converts the given item to a Unicode string.</doc>
<status status="PASS" start="2026-09-12T14:13:48.098825" elapsed="0.000193"/>
</kw>
<kw name="Set To Dictionary" owner="Collections">
<arg>${got}</arg>
<arg>${vid}</arg>
<arg>${v}[name]</arg>
<doc>Adds the given ``key_value_pairs`` and/or ``items`` to the ``dictionary``.</doc>
<status status="PASS" start="2026-09-12T14:13:48.099074" elapsed="0.000118"/>
</kw>
<var name="${v}">{'vid': 213, 'name': 'L2-213'}</var>
<status status="PASS" start="2026-09-12T14:13:48.098783" elapsed="0.000432"/>
</iter>
<iter>
<kw name="Convert To String" owner="BuiltIn">
<msg time="2026-09-12T14:13:48.099472" level="INFO">${vid} = 214</msg>
<var>${vid}</var>
<arg>${v}[vid]</arg>
<doc>Converts the given item to a Unicode string.</doc>
<status status="PASS" start="2026-09-12T14:13:48.099312" elapsed="0.000176"/>
</kw>
<kw name="Set To Dictionary" owner="Collections">
<arg>${got}</arg>
<arg>${vid}</arg>
<arg>${v}[name]</arg>
<doc>Adds the given ``key_value_pairs`` and/or ``items`` to the ``dictionary``.</doc>
<status status="PASS" start="2026-09-12T14:13:48.099542" elapsed="0.000120"/>
</kw>
<var name="${v}">{'vid': 214, 'name': 'L2-214'}</var>
<status status="PASS" start="2026-09-12T14:13:48.099270" elapsed="0.000414"/>
</iter>
<iter>
<kw name="Convert To String" owner="BuiltIn">
<msg time="2026-09-12T14:13:48.099938" level="INFO">${vid} = 215</msg>
<var>${vid}</var>
<arg>${v}[vid]</arg>
<doc>Converts the given item to a Unicode string.</doc>
<status status="PASS" start="2026-09-12T14:13:48.099776" elapsed="0.000178"/>
</kw>
<kw name="Set To Dictionary" owner="Collections">
<arg>${got}</arg>
<arg>${vid}</arg>
<arg>${v}[name]</arg>
<doc>Adds the given ``key_value_pairs`` and/or ``items`` to the ``dictionary``.</doc>
<status status="PASS" start="2026-09-12T14:13:48.100027" elapsed="0.000129"/>
</kw>
<var name="${v}">{'vid': 215, 'name': 'L2-215'}</var>
<status status="PASS" start="2026-09-12T14:13:48.099735" elapsed="0.000448"/>
</iter>
<iter>
<kw name="Convert To String" owner="BuiltIn">
<msg time="2026-09-12T14:13:48.100441" level="INFO">${vid} = 216</msg>
<var>${vid}</var>
<arg>${v}[vid]</arg>
<doc>Converts the given item to a Unicode string.</doc>
<status status="PASS" start="2026-09-12T14:13:48.100279" elapsed="0.000177"/>
</kw>
<kw name="Set To Dictionary" owner="Collections">
<arg>${got}</arg>
<arg>${vid}</arg>
<arg>${v}[name]</arg>
<doc>Adds the given ``key_value_pairs`` and/or ``items`` to the ``dictionary``.</doc>
<status status="PASS" start="2026-09-12T14:13:48.100507" elapsed="0.000114"/>
</kw>
<var name="${v}">{'vid': 216, 'name': 'L2-216'}</var>
<status status="PASS" start="2026-09-12T14:13:48.100236" elapsed="0.000407"/>
</iter>
<iter>
<kw name="Convert To String" owner="BuiltIn">
<msg time="2026-09-12T14:13:48.100918" level="INFO">${vid} = 217</msg>
<var>${vid}</var>
<arg>${v}[vid]</arg>
<doc>Converts the given item to a Unicode string.</doc>
<status status="PASS" start="2026-09-12T14:13:48.100739" elapsed="0.000195"/>
</kw>
<kw name="Set To Dictionary" owner="Collections">
<arg>${got}</arg>
<arg>${vid}</arg>
<arg>${v}[name]</arg>
<doc>Adds the given ``key_value_pairs`` and/or ``items`` to the ``dictionary``.</doc>
<status status="PASS" start="2026-09-12T14:13:48.101002" elapsed="0.000122"/>
</kw>
<var name="${v}">{'vid': 217, 'name': 'L2-217'}</var>
<status status="PASS" start="2026-09-12T14:13:48.100693" elapsed="0.000455"/>
</iter>
<iter>
<kw name="Convert To String" owner="BuiltIn">
<msg time="2026-09-12T14:13:48.101411" level="INFO">${vid} = 218</msg>
<var>${vid}</var>
<arg>${v}[vid]</arg>
<doc>Converts the given item to a Unicode string.</doc>
<status status="PASS" start="2026-09-12T14:13:48.101242" elapsed="0.000185"/>
</kw>
<kw name="Set To Dictionary" owner="Collections">
<arg>${got}</arg>
<arg>${vid}</arg>
<arg>${v}[name]</arg>
<doc>Adds the given ``key_value_pairs`` and/or ``items`` to the ``dictionary``.</doc>
<status status="PASS" start="2026-09-12T14:13:48.101478" elapsed="0.000127"/>
</kw>
<var name="${v}">{'vid': 218, 'name': 'L2-218'}</var>
<status status="PASS" start="2026-09-12T14:13:48.101199" elapsed="0.000431"/>
</iter>
<iter>
<kw name="Convert To String" owner="BuiltIn">
<msg time="2026-09-12T14:13:48.101884" level="INFO">${vid} = 219</msg>
<var>${vid}</var>
<arg>${v}[vid]</arg>
<doc>Converts the given item to a Unicode string.</doc>
<status status="PASS" start="2026-09-12T14:13:48.101721" elapsed="0.000179"/>
</kw>
<kw name="Set To Dictionary" owner="Collections">
<arg>${got}</arg>
<arg>${vid}</arg>
<arg>${v}[name]</arg>
<doc>Adds the given ``key_value_pairs`` and/or ``items`` to the ``dictionary``.</doc>
<status status="PASS" start="2026-09-12T14:13:48.101952" elapsed="0.000133"/>
</kw>
<var name="${v}">{'vid': 219, 'name': 'L2-219'}</var>
<status status="PASS" start="2026-09-12T14:13:48.101680" elapsed="0.000429"/>
</iter>
<iter>
<kw name="Convert To String" owner="BuiltIn">
<msg time="2026-09-12T14:13:48.102362" level="INFO">${vid} = 999</msg>
<var>${vid}</var>
<arg>${v}[vid]</arg>
<doc>Converts the given item to a Unicode string.</doc>
<status status="PASS" start="2026-09-12T14:13:48.102203" elapsed="0.000176"/>
</kw>
<kw name="Set To Dictionary" owner="Collections">
<arg>${got}</arg>
<arg>${vid}</arg>
<arg>${v}[name]</arg>
<doc>Adds the given ``key_value_pairs`` and/or ``items`` to the ``dictionary``.</doc>
<status status="PASS" start="2026-09-12T14:13:48.102431" elapsed="0.000113"/>
</kw>
<var name="${v}">{'vid': 999, 'name': 'QUARANTINE'}</var>
<status status="PASS" start="2026-09-12T14:13:48.102161" elapsed="0.000406"/>
</iter>
<var>${v}</var>
<value>@{vg}[vlan_groups][0][vlans]</value>
<status status="PASS" start="2026-09-12T14:13:48.087464" elapsed="0.015122"/>
</for>
<kw name="Dictionaries Should Be Equal" owner="Collections">
<arg>${got}</arg>
<arg>${VLANS}</arg>
<doc>Fails if the given dictionaries are not equal.</doc>
<status status="PASS" start="2026-09-12T14:13:48.102649" elapsed="0.000125"/>
</kw>
<status status="PASS" start="2026-09-12T14:13:48.063822" elapsed="0.039020"/>
</test>
<test id="s1-s1-t7" name="Trunk, access ports, SVIs and cabling are modelled per switch" line="67">
<for flavor="IN">
<iter>
<kw name="Nautobot Graphql" owner="LabLib">
<msg time="2026-09-12T14:13:48.206195" level="INFO">GraphQL { devices(name:"sw1") { interfaces { name mode lag { name } untagged_vlan { vid } tagged_vlans { vid } ip_addresses { address } connected_interface { name device { name } } } } }
-&gt; 200 {"data":{"devices":[{"interfaces":[{"name":"GigabitEthernet0/0","mode":null,"lag":null,"untagged_vlan":null,"tagged_vlans":[],"ip_addresses":[{"address":"10.0.0.11/24"}],"connected_interface":null},{"name":"GigabitEthernet1/0/1","mode":"TAGGED","lag":{"name":"Port-channel1"},"untagged_vlan":{"vid":99},"tagged_vlans":[{"vid":10},{"vid":20},{"vid":100},{"vid":101},{"vid":110},{"vid":111},{"vid":112},{"vid":113},{"vid":114},{"vid":115},{"vid":116},{"vid":117},{"vid":118},{"vid":119},{"vid":210},{"vid":211},{"vid":212},{"vid":213},{"vid":214},{"vid":215},{"vid":216},{"vid":217},{"vid":218},{"vid":219}],"ip_addresses":[],"connected_interface":{"name":"GigabitEthernet1/0/1","device":{"name":"sw2"}}},{"name":"GigabitEthernet1/0/2","mode":"ACCESS","lag":null,"untagged_vlan":{"vid":10},"tagged_vlans":[],"ip_addresses":[],"connected_interface":{"name":"eth1","device":{"name":"host1"}}},{"name":"GigabitEthernet1/0/3","mode":"ACCESS","lag":null,"untagged_vlan":{"vid":10},"tagged_vlans":[],"ip_addresses":[],"connected_interface":null},{"name":"GigabitEthernet1/0/4","mode":"ACCESS","lag":null,"untagged_vlan":{"vid":20},"tagged_vlans":[],"ip_addresses":[],"connected_interface":null},{"name":"GigabitEthernet1/0/5","mode":"TAGGED","lag":{"name":"Port-channel1"},"untagged_vlan":{"vid":99},"tagged_vlans":[{"vid":10},{"vid":20},{"vid":100},{"vid":101},{"vid":110},{"vid":111},{"vid":112},{"vid":113},{"vid":114},{"vid":115},{"vid":116},{"vid":117},{"vid":118},{"vid":119},{"vid":210},{"vid":211},{"vid":212},{"vid":213},{"vid":214},{"vid":215},{"vid":216},{"vid":217},{"vid":218},{"vid":219}],"ip_addresses":[],"connected_interface":{"name":"GigabitEthernet1/0/5","device":{"name":"sw2"}}},{"name":"GigabitEthernet1/0/6","mode":"ACCESS","lag":null,"untagged_vlan":{"vid":999},"tagged_vlans":[],"ip_addresses":[],"connected_interface":null},{"name":"GigabitEthernet1/0/7","mode":"ACCESS","lag":null,"untagged_vlan":{"vid":999},"tagged_vlans":[],"ip_addresses":[],"connected_interface":null},{"name":</msg>
<msg time="2026-09-12T14:13:48.206611" level="INFO">${d} = {'devices': [{'interfaces': [{'name': 'GigabitEthernet0/0', 'mode': None, 'lag': None, 'untagged_vlan': None, 'tagged_vlans': [], 'ip_addresses': [{'address': '10.0.0.11/24'}], 'connected_interface': ...</msg>
<var>${d}</var>
<arg>{ devices(name:"${sw}") { interfaces { name mode lag { name } untagged_vlan { vid } tagged_vlans { vid } ip_addresses { address } connected_interface { name device { name } } } } }</arg>
<status status="PASS" start="2026-09-12T14:13:48.103363" elapsed="0.103289"/>
</kw>
<kw name="Create Dictionary" owner="BuiltIn">
<msg time="2026-09-12T14:13:48.207172" level="INFO">${ifs} = {}</msg>
<var>${ifs}</var>
<doc>Creates and returns a dictionary based on the given ``items``.</doc>
<status status="PASS" start="2026-09-12T14:13:48.206791" elapsed="0.000405"/>
</kw>
<for flavor="IN">
<iter>
<kw name="Set To Dictionary" owner="Collections">
<arg>${ifs}</arg>
<arg>${i}[name]</arg>
<arg>${i}</arg>
<doc>Adds the given ``key_value_pairs`` and/or ``items`` to the ``dictionary``.</doc>
<status status="PASS" start="2026-09-12T14:13:48.207480" elapsed="0.000202"/>
</kw>
<var name="${i}">{'name': 'GigabitEthernet0/0', 'mode': None, 'lag': None, 'untagged_vlan': None, 'tagged_vlans': [], 'ip_addresses': [{'address': '10.0.0.11/24'}], 'connected_interface': None}</var>
<status status="PASS" start="2026-09-12T14:13:48.207405" elapsed="0.000309"/>
</iter>
<iter>
<kw name="Set To Dictionary" owner="Collections">
<arg>${ifs}</arg>
<arg>${i}[name]</arg>
<arg>${i}</arg>
<doc>Adds the given ``key_value_pairs`` and/or ``items`` to the ``dictionary``.</doc>
<status status="PASS" start="2026-09-12T14:13:48.207856" elapsed="0.000229"/>
</kw>
<var name="${i}">{'name': 'GigabitEthernet1/0/1', 'mode': 'TAGGED', 'lag': {'name': 'Port-channel1'}, 'untagged_vlan': {'vid': 99}, 'tagged_vlans': [{'vid': 10}, {'vid': 20}, {'vid': 100}, {'vid': 101}, {'vid': 110}, ...</var>
<status status="PASS" start="2026-09-12T14:13:48.207791" elapsed="0.000325"/>
</iter>
<iter>
<kw name="Set To Dictionary" owner="Collections">
<arg>${ifs}</arg>
<arg>${i}[name]</arg>
<arg>${i}</arg>
<doc>Adds the given ``key_value_pairs`` and/or ``items`` to the ``dictionary``.</doc>
<status status="PASS" start="2026-09-12T14:13:48.208275" elapsed="0.000207"/>
</kw>
<var name="${i}">{'name': 'GigabitEthernet1/0/2', 'mode': 'ACCESS', 'lag': None, 'untagged_vlan': {'vid': 10}, 'tagged_vlans': [], 'ip_addresses': [], 'connected_interface': {'name': 'eth1', 'device': {'name': 'host1'...</var>
<status status="PASS" start="2026-09-12T14:13:48.208188" elapsed="0.000331"/>
</iter>
<iter>
<kw name="Set To Dictionary" owner="Collections">
<arg>${ifs}</arg>
<arg>${i}[name]</arg>
<arg>${i}</arg>
<doc>Adds the given ``key_value_pairs`` and/or ``items`` to the ``dictionary``.</doc>
<status status="PASS" start="2026-09-12T14:13:48.208655" elapsed="0.000154"/>
</kw>
<var name="${i}">{'name': 'GigabitEthernet1/0/3', 'mode': 'ACCESS', 'lag': None, 'untagged_vlan': {'vid': 10}, 'tagged_vlans': [], 'ip_addresses': [], 'connected_interface': None}</var>
<status status="PASS" start="2026-09-12T14:13:48.208588" elapsed="0.000248"/>
</iter>
<iter>
<kw name="Set To Dictionary" owner="Collections">
<arg>${ifs}</arg>
<arg>${i}[name]</arg>
<arg>${i}</arg>
<doc>Adds the given ``key_value_pairs`` and/or ``items`` to the ``dictionary``.</doc>
<status status="PASS" start="2026-09-12T14:13:48.208960" elapsed="0.000163"/>
</kw>
<var name="${i}">{'name': 'GigabitEthernet1/0/4', 'mode': 'ACCESS', 'lag': None, 'untagged_vlan': {'vid': 20}, 'tagged_vlans': [], 'ip_addresses': [], 'connected_interface': None}</var>
<status status="PASS" start="2026-09-12T14:13:48.208902" elapsed="0.000246"/>
</iter>
<iter>
<kw name="Set To Dictionary" owner="Collections">
<arg>${ifs}</arg>
<arg>${i}[name]</arg>
<arg>${i}</arg>
<doc>Adds the given ``key_value_pairs`` and/or ``items`` to the ``dictionary``.</doc>
<status status="PASS" start="2026-09-12T14:13:48.209307" elapsed="0.000153"/>
</kw>
<var name="${i}">{'name': 'GigabitEthernet1/0/5', 'mode': 'TAGGED', 'lag': {'name': 'Port-channel1'}, 'untagged_vlan': {'vid': 99}, 'tagged_vlans': [{'vid': 10}, {'vid': 20}, {'vid': 100}, {'vid': 101}, {'vid': 110}, ...</var>
<status status="PASS" start="2026-09-12T14:13:48.209247" elapsed="0.000244"/>
</iter>
<iter>
<kw name="Set To Dictionary" owner="Collections">
<arg>${ifs}</arg>
<arg>${i}[name]</arg>
<arg>${i}</arg>
<doc>Adds the given ``key_value_pairs`` and/or ``items`` to the ``dictionary``.</doc>
<status status="PASS" start="2026-09-12T14:13:48.209597" elapsed="0.000150"/>
</kw>
<var name="${i}">{'name': 'GigabitEthernet1/0/6', 'mode': 'ACCESS', 'lag': None, 'untagged_vlan': {'vid': 999}, 'tagged_vlans': [], 'ip_addresses': [], 'connected_interface': None}</var>
<status status="PASS" start="2026-09-12T14:13:48.209548" elapsed="0.000228"/>
</iter>
<iter>
<kw name="Set To Dictionary" owner="Collections">
<arg>${ifs}</arg>
<arg>${i}[name]</arg>
<arg>${i}</arg>
<doc>Adds the given ``key_value_pairs`` and/or ``items`` to the ``dictionary``.</doc>
<status status="PASS" start="2026-09-12T14:13:48.209881" elapsed="0.000140"/>
</kw>
<var name="${i}">{'name': 'GigabitEthernet1/0/7', 'mode': 'ACCESS', 'lag': None, 'untagged_vlan': {'vid': 999}, 'tagged_vlans': [], 'ip_addresses': [], 'connected_interface': None}</var>
<status status="PASS" start="2026-09-12T14:13:48.209834" elapsed="0.000214"/>
</iter>
<iter>
<kw name="Set To Dictionary" owner="Collections">
<arg>${ifs}</arg>
<arg>${i}[name]</arg>
<arg>${i}</arg>
<doc>Adds the given ``key_value_pairs`` and/or ``items`` to the ``dictionary``.</doc>
<status status="PASS" start="2026-09-12T14:13:48.210152" elapsed="0.000185"/>
</kw>
<var name="${i}">{'name': 'GigabitEthernet1/0/8', 'mode': 'ACCESS', 'lag': None, 'untagged_vlan': {'vid': 999}, 'tagged_vlans': [], 'ip_addresses': [], 'connected_interface': None}</var>
<status status="PASS" start="2026-09-12T14:13:48.210102" elapsed="0.000266"/>
</iter>
<iter>
<kw name="Set To Dictionary" owner="Collections">
<arg>${ifs}</arg>
<arg>${i}[name]</arg>
<arg>${i}</arg>
<doc>Adds the given ``key_value_pairs`` and/or ``items`` to the ``dictionary``.</doc>
<status status="PASS" start="2026-09-12T14:13:48.210501" elapsed="0.000134"/>
</kw>
<var name="${i}">{'name': 'Loopback0', 'mode': None, 'lag': None, 'untagged_vlan': None, 'tagged_vlans': [], 'ip_addresses': [{'address': '10.255.0.1/32'}], 'connected_interface': None}</var>
<status status="PASS" start="2026-09-12T14:13:48.210446" elapsed="0.000214"/>
</iter>
<iter>
<kw name="Set To Dictionary" owner="Collections">
<arg>${ifs}</arg>
<arg>${i}[name]</arg>
<arg>${i}</arg>
<doc>Adds the given ``key_value_pairs`` and/or ``items`` to the ``dictionary``.</doc>
<status status="PASS" start="2026-09-12T14:13:48.210767" elapsed="0.000125"/>
</kw>
<var name="${i}">{'name': 'Port-channel1', 'mode': 'TAGGED', 'lag': None, 'untagged_vlan': {'vid': 99}, 'tagged_vlans': [{'vid': 10}, {'vid': 20}, {'vid': 100}, {'vid': 101}, {'vid': 110}, {'vid': 111}, {'vid': 112}, ...</var>
<status status="PASS" start="2026-09-12T14:13:48.210717" elapsed="0.000202"/>
</iter>
<iter>
<kw name="Set To Dictionary" owner="Collections">
<arg>${ifs}</arg>
<arg>${i}[name]</arg>
<arg>${i}</arg>
<doc>Adds the given ``key_value_pairs`` and/or ``items`` to the ``dictionary``.</doc>
<status status="PASS" start="2026-09-12T14:13:48.211031" elapsed="0.000125"/>
</kw>
<var name="${i}">{'name': 'Vlan1', 'mode': None, 'lag': None, 'untagged_vlan': None, 'tagged_vlans': [], 'ip_addresses': [], 'connected_interface': None}</var>
<status status="PASS" start="2026-09-12T14:13:48.210981" elapsed="0.000201"/>
</iter>
[...]
<arg>${vrfs}</arg>
<arg>${v}[name]</arg>
<doc>Adds ``values`` to the end of ``list``.</doc>
<status status="PASS" start="2026-09-12T14:13:51.777878" elapsed="0.000155"/>
</kw>
<var name="${v}">{'name': 'TENANT-A', 'rd': '65000:1'}</var>
<status status="PASS" start="2026-09-12T14:13:51.777819" elapsed="0.000244"/>
</iter>
<var>${v}</var>
<value>@{d}[vrfs]</value>
<status status="PASS" start="2026-09-12T14:13:51.777307" elapsed="0.000783"/>
</for>
<kw name="List Should Contain Value" owner="Collections">
<arg>${vrfs}</arg>
<arg>${TENANT_VRF}</arg>
<doc>Fails if the ``value`` is not found from ``list``.</doc>
<status status="PASS" start="2026-09-12T14:13:51.778173" elapsed="0.000181"/>
</kw>
<kw name="List Should Contain Value" owner="Collections">
<arg>${vrfs}</arg>
<arg>Mgmt-vrf</arg>
<doc>Fails if the ``value`` is not found from ``list``.</doc>
<status status="PASS" start="2026-09-12T14:13:51.778429" elapsed="0.000129"/>
</kw>
<for flavor="IN">
<iter>
<kw name="Evaluate" owner="BuiltIn">
<msg time="2026-09-12T14:13:51.779188" level="INFO">${tags} = ['stp-root']</msg>
<var>${tags}</var>
<arg>[t["name"] for t in ${dev}[tags]]</arg>
<doc>Evaluates the given expression in Python and returns the result.</doc>
<status status="PASS" start="2026-09-12T14:13:51.778823" elapsed="0.000390"/>
</kw>
<kw name="Set Variable If" owner="BuiltIn">
<msg time="2026-09-12T14:13:51.779590" level="INFO">${expect} = stp-root</msg>
<var>${expect}</var>
<arg>${STP_PRIORITY}[${dev}[name]] == 4096</arg>
<arg>stp-root</arg>
<arg>stp-backup-root</arg>
<doc>Sets variable based on the given condition.</doc>
<status status="PASS" start="2026-09-12T14:13:51.779306" elapsed="0.000306"/>
</kw>
<kw name="List Should Contain Value" owner="Collections">
<arg>${tags}</arg>
<arg>${expect}</arg>
<doc>Fails if the ``value`` is not found from ``list``.</doc>
<status status="PASS" start="2026-09-12T14:13:51.779695" elapsed="0.000155"/>
</kw>
<kw name="Evaluate" owner="BuiltIn">
<msg time="2026-09-12T14:13:51.780610" level="INFO">${tenant_svis} = ['Vlan101', 'Vlan110', 'Vlan111', 'Vlan112', 'Vlan113', 'Vlan114']</msg>
<var>${tenant_svis}</var>
<arg>sorted(i["name"] for i in ${dev}[interfaces] if i["vrf"] and i["vrf"]["name"] == "${TENANT_VRF}")</arg>
<doc>Evaluates the given expression in Python and returns the result.</doc>
<status status="PASS" start="2026-09-12T14:13:51.779934" elapsed="0.000700"/>
</kw>
<kw name="Length Should Be" owner="BuiltIn">
<msg time="2026-09-12T14:13:51.781053" level="INFO">Length is 6.</msg>
<arg>${tenant_svis}</arg>
<arg>6</arg>
<arg>msg=${dev}[name]: expected Vlan101 + five routed SVIs in ${TENANT_VRF}, got ${tenant_svis}</arg>
<doc>Verifies that the length of the given item is correct.</doc>
<status status="PASS" start="2026-09-12T14:13:51.780716" elapsed="0.000377"/>
</kw>
<var name="${dev}">{'name': 'sw1', 'tags': [{'name': 'stp-root'}], 'vrf_assignments': [{'vrf': {'name': 'TENANT-A'}}, {'vrf': {'name': 'Mgmt-vrf'}}], 'interfaces': [{'name': 'GigabitEthernet0/0', 'vrf': {'name': 'Mgmt-v...</var>
<status status="PASS" start="2026-09-12T14:13:51.778758" elapsed="0.002368"/>
</iter>
<iter>
<kw name="Evaluate" owner="BuiltIn">
<msg time="2026-09-12T14:13:51.781598" level="INFO">${tags} = ['stp-backup-root']</msg>
<var>${tags}</var>
<arg>[t["name"] for t in ${dev}[tags]]</arg>
<doc>Evaluates the given expression in Python and returns the result.</doc>
<status status="PASS" start="2026-09-12T14:13:51.781312" elapsed="0.000309"/>
</kw>
<kw name="Set Variable If" owner="BuiltIn">
<msg time="2026-09-12T14:13:51.782014" level="INFO">${expect} = stp-backup-root</msg>
<var>${expect}</var>
<arg>${STP_PRIORITY}[${dev}[name]] == 4096</arg>
<arg>stp-root</arg>
<arg>stp-backup-root</arg>
<doc>Sets variable based on the given condition.</doc>
<status status="PASS" start="2026-09-12T14:13:51.781710" elapsed="0.000326"/>
</kw>
<kw name="List Should Contain Value" owner="Collections">
<arg>${tags}</arg>
<arg>${expect}</arg>
<doc>Fails if the ``value`` is not found from ``list``.</doc>
<status status="PASS" start="2026-09-12T14:13:51.782116" elapsed="0.000159"/>
</kw>
<kw name="Evaluate" owner="BuiltIn">
<msg time="2026-09-12T14:13:51.782955" level="INFO">${tenant_svis} = ['Vlan101', 'Vlan115', 'Vlan116', 'Vlan117', 'Vlan118', 'Vlan119']</msg>
<var>${tenant_svis}</var>
<arg>sorted(i["name"] for i in ${dev}[interfaces] if i["vrf"] and i["vrf"]["name"] == "${TENANT_VRF}")</arg>
<doc>Evaluates the given expression in Python and returns the result.</doc>
<status status="PASS" start="2026-09-12T14:13:51.782353" elapsed="0.000637"/>
</kw>
<kw name="Length Should Be" owner="BuiltIn">
<msg time="2026-09-12T14:13:51.783385" level="INFO">Length is 6.</msg>
<arg>${tenant_svis}</arg>
<arg>6</arg>
<arg>msg=${dev}[name]: expected Vlan101 + five routed SVIs in ${TENANT_VRF}, got ${tenant_svis}</arg>
<doc>Verifies that the length of the given item is correct.</doc>
<status status="PASS" start="2026-09-12T14:13:51.783070" elapsed="0.000354"/>
</kw>
<var name="${dev}">{'name': 'sw2', 'tags': [{'name': 'stp-backup-root'}], 'vrf_assignments': [{'vrf': {'name': 'TENANT-A'}}, {'vrf': {'name': 'Mgmt-vrf'}}], 'interfaces': [{'name': 'GigabitEthernet0/0', 'vrf': {'name': ...</var>
<status status="PASS" start="2026-09-12T14:13:51.781240" elapsed="0.002216"/>
</iter>
<var>${dev}</var>
<value>@{d}[devices]</value>
<status status="PASS" start="2026-09-12T14:13:51.778609" elapsed="0.004874"/>
</for>
<kw name="Length Should Be" owner="BuiltIn">
<msg time="2026-09-12T14:13:51.783761" level="INFO">Length is 2.</msg>
<arg>${d}[interface_redundancy_groups]</arg>
<arg>2</arg>
<doc>Verifies that the length of the given item is correct.</doc>
<status status="PASS" start="2026-09-12T14:13:51.783558" elapsed="0.000239"/>
</kw>
<for flavor="IN">
<iter>
<kw name="Convert To String" owner="BuiltIn">
<msg time="2026-09-12T14:13:51.784304" level="INFO">${vid} = 10</msg>
<var>${vid}</var>
<arg>${g}[protocol_group_id]</arg>
<doc>Converts the given item to a Unicode string.</doc>
<status status="PASS" start="2026-09-12T14:13:51.784076" elapsed="0.000250"/>
</kw>
<kw name="Should Be Equal" owner="BuiltIn">
<arg>${g}[protocol]</arg>
<arg>HSRP</arg>
<doc>Fails if the given objects are unequal.</doc>
<status status="PASS" start="2026-09-12T14:13:51.784404" elapsed="0.000211"/>
</kw>
<kw name="Should Start With" owner="BuiltIn">
<arg>${g}[virtual_ip][address]</arg>
<arg>${HSRP}[${vid}][vip]/</arg>
<doc>Fails if the string ``str1`` does not start with the string ``str2``.</doc>
<status status="PASS" start="2026-09-12T14:13:51.784691" elapsed="0.000249"/>
</kw>
<for flavor="IN">
<iter>
<kw name="Set Variable If" owner="BuiltIn">
<msg time="2026-09-12T14:13:51.785486" level="INFO">${want} = 110</msg>
<var>${want}</var>
<arg>'${a}[interface][device][name]' == '${HSRP}[${vid}][active]'</arg>
<arg>110</arg>
<arg>90</arg>
<doc>Sets variable based on the given condition.</doc>
<status status="PASS" start="2026-09-12T14:13:51.785179" elapsed="0.000346"/>
</kw>
<kw name="Should Be Equal As Integers" owner="BuiltIn">
<msg time="2026-09-12T14:13:51.785806" level="INFO">Argument types are:
&lt;class 'int'&gt;
&lt;class 'str'&gt;</msg>
<arg>${a}[priority]</arg>
<arg>${want}</arg>
<doc>Fails if objects are unequal after converting them to integers.</doc>
<status status="PASS" start="2026-09-12T14:13:51.785606" elapsed="0.000245"/>
</kw>
<var name="${a}">{'priority': 110, 'interface': {'device': {'name': 'sw1'}}}</var>
<status status="PASS" start="2026-09-12T14:13:51.785112" elapsed="0.000769"/>
</iter>
<iter>
<kw name="Set Variable If" owner="BuiltIn">
<msg time="2026-09-12T14:13:51.786330" level="INFO">${want} = 90</msg>
<var>${want}</var>
<arg>'${a}[interface][device][name]' == '${HSRP}[${vid}][active]'</arg>
<arg>110</arg>
<arg>90</arg>
<doc>Sets variable based on the given condition.</doc>
<status status="PASS" start="2026-09-12T14:13:51.786028" elapsed="0.000324"/>
</kw>
<kw name="Should Be Equal As Integers" owner="BuiltIn">
<msg time="2026-09-12T14:13:51.786626" level="INFO">Argument types are:
&lt;class 'int'&gt;
&lt;class 'str'&gt;</msg>
<arg>${a}[priority]</arg>
<arg>${want}</arg>
<doc>Fails if objects are unequal after converting them to integers.</doc>
<status status="PASS" start="2026-09-12T14:13:51.786429" elapsed="0.000240"/>
</kw>
<var name="${a}">{'priority': 90, 'interface': {'device': {'name': 'sw2'}}}</var>
<status status="PASS" start="2026-09-12T14:13:51.785952" elapsed="0.000746"/>
</iter>
<var>${a}</var>
<value>@{g}[interface_redundancy_group_associations]</value>
<status status="PASS" start="2026-09-12T14:13:51.784993" elapsed="0.001729"/>
</for>
<var name="${g}">{'name': 'hsrp-vlan10', 'protocol': 'HSRP', 'protocol_group_id': '10', 'virtual_ip': {'address': '10.10.0.1/24'}, 'interface_redundancy_group_associations': [{'priority': 110, 'interface': {'device': ...</var>
<status status="PASS" start="2026-09-12T14:13:51.784012" elapsed="0.002735"/>
</iter>
<iter>
<kw name="Convert To String" owner="BuiltIn">
<msg time="2026-09-12T14:13:51.787140" level="INFO">${vid} = 20</msg>
<var>${vid}</var>
<arg>${g}[protocol_group_id]</arg>
<doc>Converts the given item to a Unicode string.</doc>
<status status="PASS" start="2026-09-12T14:13:51.786908" elapsed="0.000256"/>
</kw>
<kw name="Should Be Equal" owner="BuiltIn">
<arg>${g}[protocol]</arg>
<arg>HSRP</arg>
<doc>Fails if the given objects are unequal.</doc>
<status status="PASS" start="2026-09-12T14:13:51.787242" elapsed="0.000204"/>
</kw>
<kw name="Should Start With" owner="BuiltIn">
<arg>${g}[virtual_ip][address]</arg>
<arg>${HSRP}[${vid}][vip]/</arg>
<doc>Fails if the string ``str1`` does not start with the string ``str2``.</doc>
<status status="PASS" start="2026-09-12T14:13:51.787520" elapsed="0.000248"/>
</kw>
<for flavor="IN">
<iter>
<kw name="Set Variable If" owner="BuiltIn">
<msg time="2026-09-12T14:13:51.788282" level="INFO">${want} = 110</msg>
<var>${want}</var>
<arg>'${a}[interface][device][name]' == '${HSRP}[${vid}][active]'</arg>
<arg>110</arg>
<arg>90</arg>
<doc>Sets variable based on the given condition.</doc>
<status status="PASS" start="2026-09-12T14:13:51.787986" elapsed="0.000318"/>
</kw>
<kw name="Should Be Equal As Integers" owner="BuiltIn">
<msg time="2026-09-12T14:13:51.788583" level="INFO">Argument types are:
&lt;class 'int'&gt;
&lt;class 'str'&gt;</msg>
<arg>${a}[priority]</arg>
<arg>${want}</arg>
<doc>Fails if objects are unequal after converting them to integers.</doc>
<status status="PASS" start="2026-09-12T14:13:51.788382" elapsed="0.000246"/>
</kw>
<var name="${a}">{'priority': 110, 'interface': {'device': {'name': 'sw2'}}}</var>
<status status="PASS" start="2026-09-12T14:13:51.787914" elapsed="0.000745"/>
</iter>
<iter>
<kw name="Set Variable If" owner="BuiltIn">
<msg time="2026-09-12T14:13:51.789095" level="INFO">${want} = 90</msg>
<var>${want}</var>
<arg>'${a}[interface][device][name]' == '${HSRP}[${vid}][active]'</arg>
<arg>110</arg>
<arg>90</arg>
<doc>Sets variable based on the given condition.</doc>
<status status="PASS" start="2026-09-12T14:13:51.788799" elapsed="0.000318"/>
</kw>
<kw name="Should Be Equal As Integers" owner="BuiltIn">
<msg time="2026-09-12T14:13:51.789400" level="INFO">Argument types are:
&lt;class 'int'&gt;
&lt;class 'str'&gt;</msg>
<arg>${a}[priority]</arg>
<arg>${want}</arg>
<doc>Fails if objects are unequal after converting them to integers.</doc>
<status status="PASS" start="2026-09-12T14:13:51.789193" elapsed="0.000251"/>
</kw>
<var name="${a}">{'priority': 90, 'interface': {'device': {'name': 'sw1'}}}</var>
<status status="PASS" start="2026-09-12T14:13:51.788735" elapsed="0.000737"/>
</iter>
<var>${a}</var>
<value>@{g}[interface_redundancy_group_associations]</value>
<status status="PASS" start="2026-09-12T14:13:51.787810" elapsed="0.001687"/>
</for>
<var name="${g}">{'name': 'hsrp-vlan20', 'protocol': 'HSRP', 'protocol_group_id': '20', 'virtual_ip': {'address': '10.20.0.1/24'}, 'interface_redundancy_group_associations': [{'priority': 110, 'interface': {'device': ...</var>
<status status="PASS" start="2026-09-12T14:13:51.786850" elapsed="0.002672"/>
</iter>
<var>${g}</var>
<value>@{d}[interface_redundancy_groups]</value>
<status status="PASS" start="2026-09-12T14:13:51.783842" elapsed="0.005702"/>
</for>
<for flavor="IN">
<iter>
<kw name="Evaluate" owner="BuiltIn">
<msg time="2026-09-12T14:13:51.790038" level="INFO">${is_global} = True</msg>
<var>${is_global}</var>
<arg>"${ep}[source_ip][address]".startswith("10.100.")</arg>
<doc>Evaluates the given expression in Python and returns the result.</doc>
<status status="PASS" start="2026-09-12T14:13:51.789762" elapsed="0.000299"/>
</kw>
<kw name="Set Variable" owner="BuiltIn">
<msg time="2026-09-12T14:13:51.790372" level="INFO">${policy} = BGP-OUT</msg>
<var>${policy}</var>
<arg>${ep}[address_families][0][export_policy]</arg>
<doc>Returns the given values which can then be assigned to a variables.</doc>
<status status="PASS" start="2026-09-12T14:13:51.790141" elapsed="0.000255"/>
</kw>
<kw name="Run Keyword If" owner="BuiltIn">
<kw name="Should Be Equal" owner="BuiltIn">
<arg>${policy}</arg>
<arg>${BGP_EXPORT_POLICY}</arg>
<doc>Fails if the given objects are unequal.</doc>
<status status="PASS" start="2026-09-12T14:13:51.790760" elapsed="0.000246"/>
</kw>
<arg>${is_global}</arg>
<arg>Should Be Equal</arg>
<arg>${policy}</arg>
<arg>${BGP_EXPORT_POLICY}</arg>
<arg>ELSE</arg>
<arg>Should Be Empty</arg>
<arg>${policy}</arg>
<doc>Runs the given keyword with the given arguments, if ``condition`` is true.</doc>
<status status="PASS" start="2026-09-12T14:13:51.790484" elapsed="0.000568"/>
</kw>
<var name="${ep}">{'routing_instance': {'device': {'name': 'sw1'}}, 'source_ip': {'address': '10.100.0.1/30'}, 'address_families': [{'export_policy': 'BGP-OUT'}]}</var>
<status status="PASS" start="2026-09-12T14:13:51.789692" elapsed="0.001394"/>
</iter>
<iter>
<kw name="Evaluate" owner="BuiltIn">
<msg time="2026-09-12T14:13:51.791506" level="INFO">${is_global} = True</msg>
<var>${is_global}</var>
<arg>"${ep}[source_ip][address]".startswith("10.100.")</arg>
<doc>Evaluates the given expression in Python and returns the result.</doc>
<status status="PASS" start="2026-09-12T14:13:51.791233" elapsed="0.000297"/>
</kw>
<kw name="Set Variable" owner="BuiltIn">
<msg time="2026-09-12T14:13:51.791824" level="INFO">${policy} = BGP-OUT</msg>
<var>${policy}</var>
<arg>${ep}[address_families][0][export_policy]</arg>
<doc>Returns the given values which can then be assigned to a variables.</doc>
<status status="PASS" start="2026-09-12T14:13:51.791608" elapsed="0.000238"/>
</kw>
<kw name="Run Keyword If" owner="BuiltIn">
<kw name="Should Be Equal" owner="BuiltIn">
<arg>${policy}</arg>
<arg>${BGP_EXPORT_POLICY}</arg>
<doc>Fails if the given objects are unequal.</doc>
<status status="PASS" start="2026-09-12T14:13:51.792209" elapsed="0.000234"/>
</kw>
<arg>${is_global}</arg>
<arg>Should Be Equal</arg>
<arg>${policy}</arg>
<arg>${BGP_EXPORT_POLICY}</arg>
<arg>ELSE</arg>
<arg>Should Be Empty</arg>
<arg>${policy}</arg>
<doc>Runs the given keyword with the given arguments, if ``condition`` is true.</doc>
<status status="PASS" start="2026-09-12T14:13:51.791927" elapsed="0.000560"/>
</kw>
<var name="${ep}">{'routing_instance': {'device': {'name': 'sw2'}}, 'source_ip': {'address': '10.100.0.2/30'}, 'address_families': [{'export_policy': 'BGP-OUT'}]}</var>
<status status="PASS" start="2026-09-12T14:13:51.791169" elapsed="0.001379"/>
</iter>
<iter>
<kw name="Evaluate" owner="BuiltIn">
<msg time="2026-09-12T14:13:51.792963" level="INFO">${is_global} = False</msg>
<var>${is_global}</var>
<arg>"${ep}[source_ip][address]".startswith("10.100.")</arg>
<doc>Evaluates the given expression in Python and returns the result.</doc>
<status status="PASS" start="2026-09-12T14:13:51.792700" elapsed="0.000298"/>
</kw>
<kw name="Set Variable" owner="BuiltIn">
<msg time="2026-09-12T14:13:51.793299" level="INFO">${policy} = </msg>
<var>${policy}</var>
<arg>${ep}[address_families][0][export_policy]</arg>
<doc>Returns the given values which can then be assigned to a variables.</doc>
<status status="PASS" start="2026-09-12T14:13:51.793078" elapsed="0.000245"/>
</kw>
<kw name="Run Keyword If" owner="BuiltIn">
<kw name="Should Be Empty" owner="BuiltIn">
<msg time="2026-09-12T14:13:51.793904" level="INFO">Length is 0.</msg>
<arg>${policy}</arg>
<doc>Verifies that the given item is empty.</doc>
<status status="PASS" start="2026-09-12T14:13:51.793680" elapsed="0.000262"/>
</kw>
<arg>${is_global}</arg>
<arg>Should Be Equal</arg>
<arg>${policy}</arg>
<arg>${BGP_EXPORT_POLICY}</arg>
<arg>ELSE</arg>
<arg>Should Be Empty</arg>
<arg>${policy}</arg>
<doc>Runs the given keyword with the given arguments, if ``condition`` is true.</doc>
<status status="PASS" start="2026-09-12T14:13:51.793410" elapsed="0.000587"/>
</kw>
<var name="${ep}">{'routing_instance': {'device': {'name': 'sw1'}}, 'source_ip': {'address': '10.101.0.1/30'}, 'address_families': [{'export_policy': ''}]}</var>
<status status="PASS" start="2026-09-12T14:13:51.792638" elapsed="0.001396"/>
</iter>
<iter>
<kw name="Evaluate" owner="BuiltIn">
<msg time="2026-09-12T14:13:51.794473" level="INFO">${is_global} = False</msg>
<var>${is_global}</var>
<arg>"${ep}[source_ip][address]".startswith("10.100.")</arg>
<doc>Evaluates the given expression in Python and returns the result.</doc>
<status status="PASS" start="2026-09-12T14:13:51.794205" elapsed="0.000290"/>
</kw>
<kw name="Set Variable" owner="BuiltIn">
<msg time="2026-09-12T14:13:51.794798" level="INFO">${policy} = </msg>
<var>${policy}</var>
<arg>${ep}[address_families][0][export_policy]</arg>
<doc>Returns the given values which can then be assigned to a variables.</doc>
<status status="PASS" start="2026-09-12T14:13:51.794572" elapsed="0.000247"/>
</kw>
<kw name="Run Keyword If" owner="BuiltIn">
<kw name="Should Be Empty" owner="BuiltIn">
<msg time="2026-09-12T14:13:51.795369" level="INFO">Length is 0.</msg>
<arg>${policy}</arg>
<doc>Verifies that the given item is empty.</doc>
<status status="PASS" start="2026-09-12T14:13:51.795174" elapsed="0.000232"/>
</kw>
<arg>${is_global}</arg>
<arg>Should Be Equal</arg>
<arg>${policy}</arg>
<arg>${BGP_EXPORT_POLICY}</arg>
<arg>ELSE</arg>
<arg>Should Be Empty</arg>
<arg>${policy}</arg>
<doc>Runs the given keyword with the given arguments, if ``condition`` is true.</doc>
<status status="PASS" start="2026-09-12T14:13:51.794903" elapsed="0.000542"/>
</kw>
<var name="${ep}">{'routing_instance': {'device': {'name': 'sw2'}}, 'source_ip': {'address': '10.101.0.2/30'}, 'address_families': [{'export_policy': ''}]}</var>
<status status="PASS" start="2026-09-12T14:13:51.794139" elapsed="0.001340"/>
</iter>
<var>${ep}</var>
<value>@{d}[bgp_peer_endpoints]</value>
<status status="PASS" start="2026-09-12T14:13:51.789580" elapsed="0.005925"/>
</for>
<status status="PASS" start="2026-09-12T14:13:51.598770" elapsed="0.196823"/>
</test>
<kw name="Suite Teardown Close Connections" owner="common" type="TEARDOWN">
<kw name="Close All Connections" owner="LabLib">
<status status="PASS" start="2026-09-12T14:13:51.796207" elapsed="0.021208"/>
</kw>
<status status="PASS" start="2026-09-12T14:13:51.796068" elapsed="0.021442"/>
</kw>
<doc>Nautobot on the NMS: service health, apps, and the lab as modelled in it — Nautobot is the
source of truth for nac/data/devices.nac.yaml and must match both that file and the devices.</doc>
<status status="PASS" start="2026-09-12T14:13:39.863566" elapsed="11.953979"/>
</suite>
<status status="PASS" start="2026-09-12T14:13:39.837359" elapsed="11.980983"/>
</suite>
<statistics>
<total>
<stat pass="14" fail="0" skip="0">All Tests</stat>
</total>
<tag>
<stat pass="1" fail="0" skip="0">nac</stat>
</tag>
<suite>
<stat name="cat9000v lab" id="s1" pass="14" fail="0" skip="0">cat9000v lab</stat>
<stat name="09 Nautobot" id="s1-s1" pass="14" fail="0" skip="0">cat9000v lab.09 Nautobot</stat>
</suite>
</statistics>
<errors>
</errors>
</robot>
