<?xml version="1.0" encoding="UTF-8"?>
<robot generator="Robot 7.4.2 (Python 3.14.4 on linux)" generated="2026-09-12T13:29:05.989381" rpa="false" schemaversion="5">
<suite id="s1" name="cat9000v lab" source="/home/dcantor/cat9000v/tests/suites">
<suite id="s1-s1" name="01 Management" source="/home/dcantor/cat9000v/tests/suites/01_management.robot">
<test id="s1-s1-t1" name="sw1 management plane" line="8">
<kw name="Verify Management Access">
<kw name="Switch Host" owner="common">
<kw name="Set Variable" owner="BuiltIn">
<msg time="2026-09-12T13:29:06.172992" level="INFO">${host} = 10.0.0.11</msg>
<var>${host}</var>
<arg>${SWITCHES}[${sw}][host]</arg>
<doc>Returns the given values which can then be assigned to a variables.</doc>
<status status="PASS" start="2026-09-12T13:29:06.172686" elapsed="0.000342"/>
</kw>
<return>
<value>${host}</value>
<status status="PASS" start="2026-09-12T13:29:06.173084" elapsed="0.000039"/>
</return>
<msg time="2026-09-12T13:29:06.173228" level="INFO">${host} = 10.0.0.11</msg>
<var>${host}</var>
<arg>${sw}</arg>
<status status="PASS" start="2026-09-12T13:29:06.172270" elapsed="0.000975"/>
</kw>
<kw name="Host Ping" owner="LabLib">
<msg time="2026-09-12T13:29:08.207044" level="INFO">PING 10.0.0.11 (10.0.0.11) 56(84) bytes of data.
64 bytes from 10.0.0.11: icmp_seq=1 ttl=255 time=0.578 ms
64 bytes from 10.0.0.11: icmp_seq=2 ttl=255 time=0.529 ms
64 bytes from 10.0.0.11: icmp_seq=3 ttl=255 time=0.669 ms

--- 10.0.0.11 ping statistics ---
3 packets transmitted, 3 received, 0% packet loss, time 2031ms
rtt min/avg/max/mdev = 0.529/0.592/0.669/0.058 ms
</msg>
<arg>${host}</arg>
<doc>ICMP ping from the host; fails unless at least one reply.</doc>
<status status="PASS" start="2026-09-12T13:29:06.173310" elapsed="2.033879"/>
</kw>
<kw name="Tcp Port Should Be Open" owner="LabLib">
<arg>${host}</arg>
<arg>22</arg>
<status status="PASS" start="2026-09-12T13:29:08.207388" elapsed="0.000807"/>
</kw>
<kw name="Tcp Port Should Be Open" owner="LabLib">
<arg>${host}</arg>
<arg>830</arg>
<status status="PASS" start="2026-09-12T13:29:08.208337" elapsed="0.000399"/>
</kw>
<kw name="Tcp Port Should Be Open" owner="LabLib">
<arg>${host}</arg>
<arg>443</arg>
<status status="PASS" start="2026-09-12T13:29:08.208860" elapsed="0.000366"/>
</kw>
<kw name="Show" owner="common">
<kw name="Switch Host" owner="common">
<kw name="Set Variable" owner="BuiltIn">
<msg time="2026-09-12T13:29:08.210609" level="INFO">${host} = 10.0.0.11</msg>
<var>${host}</var>
<arg>${SWITCHES}[${sw}][host]</arg>
<doc>Returns the given values which can then be assigned to a variables.</doc>
<status status="PASS" start="2026-09-12T13:29:08.210195" elapsed="0.000447"/>
</kw>
<return>
<value>${host}</value>
<status status="PASS" start="2026-09-12T13:29:08.210709" elapsed="0.000057"/>
</return>
<msg time="2026-09-12T13:29:08.210922" level="INFO">${host} = 10.0.0.11</msg>
<var>${host}</var>
<arg>${sw}</arg>
<status status="PASS" start="2026-09-12T13:29:08.209892" elapsed="0.001059"/>
</kw>
<kw name="Run Command" owner="LabLib">
<msg time="2026-09-12T13:29:09.707686" level="INFO" html="true">&lt;pre&gt;10.0.0.11# show version | include uptime
sw1 uptime is 1 day, 12 hours, 45 minutes&lt;/pre&gt;</msg>
<msg time="2026-09-12T13:29:09.707892" level="INFO">${out} = sw1 uptime is 1 day, 12 hours, 45 minutes</msg>
<var>${out}</var>
<arg>${host}</arg>
<arg>${command}</arg>
<arg>${timeout}</arg>
<doc>Run a show/exec command on a switch over SSH and return its output.</doc>
<status status="PASS" start="2026-09-12T13:29:08.211074" elapsed="1.496853"/>
</kw>
<return>
<value>${out}</value>
<status status="PASS" start="2026-09-12T13:29:09.708030" elapsed="0.000055"/>
</return>
<msg time="2026-09-12T13:29:09.708272" level="INFO">${ver} = sw1 uptime is 1 day, 12 hours, 45 minutes</msg>
<var>${ver}</var>
<arg>${sw}</arg>
<arg>show version | include uptime</arg>
<doc>Run a show command on a switch by name.</doc>
<status status="PASS" start="2026-09-12T13:29:08.209459" elapsed="1.498843"/>
</kw>
<kw name="Should Contain" owner="BuiltIn">
<arg>${ver}</arg>
<arg>${sw} uptime</arg>
<doc>Fails if ``container`` does not contain ``item`` one or more times.</doc>
<status status="PASS" start="2026-09-12T13:29:09.708462" elapsed="0.000716"/>
</kw>
<kw name="Restconf Get" owner="LabLib">
<msg time="2026-09-12T13:29:09.747475" level="INFO">GET https://10.0.0.11/restconf/data/Cisco-IOS-XE-native:native/hostname -&gt; 200
{
  "Cisco-IOS-XE-native:hostname": "sw1"
}
</msg>
<msg time="2026-09-12T13:29:09.748419" level="INFO">${json} = {'Cisco-IOS-XE-native:hostname': 'sw1'}</msg>
<var>${json}</var>
<arg>${host}</arg>
<arg>Cisco-IOS-XE-native:native/hostname</arg>
<doc>GET /restconf/data/&lt;path&gt; and return the parsed JSON.</doc>
<status status="PASS" start="2026-09-12T13:29:09.709297" elapsed="0.039146"/>
</kw>
<kw name="Should Be Equal" owner="BuiltIn">
<arg>${json}[Cisco-IOS-XE-native:hostname]</arg>
<arg>${sw}</arg>
<doc>Fails if the given objects are unequal.</doc>
<status status="PASS" start="2026-09-12T13:29:09.748583" elapsed="0.000292"/>
</kw>
<kw name="Show" owner="common">
<kw name="Switch Host" owner="common">
<kw name="Set Variable" owner="BuiltIn">
<msg time="2026-09-12T13:29:09.749620" level="INFO">${host} = 10.0.0.11</msg>
<var>${host}</var>
<arg>${SWITCHES}[${sw}][host]</arg>
<doc>Returns the given values which can then be assigned to a variables.</doc>
<status status="PASS" start="2026-09-12T13:29:09.749402" elapsed="0.000235"/>
</kw>
<return>
<value>${host}</value>
<status status="PASS" start="2026-09-12T13:29:09.749670" elapsed="0.000030"/>
</return>
<msg time="2026-09-12T13:29:09.749775" level="INFO">${host} = 10.0.0.11</msg>
<var>${host}</var>
<arg>${sw}</arg>
<status status="PASS" start="2026-09-12T13:29:09.749248" elapsed="0.000543"/>
</kw>
<kw name="Run Command" owner="LabLib">
<msg time="2026-09-12T13:29:10.276626" level="INFO" html="true">&lt;pre&gt;10.0.0.11# show ip interface brief | include GigabitEthernet0/0
GigabitEthernet0/0     10.0.0.11       YES NVRAM  up                    up      &lt;/pre&gt;</msg>
<msg time="2026-09-12T13:29:10.276783" level="INFO">${out} = GigabitEthernet0/0     10.0.0.11       YES NVRAM  up                    up      </msg>
<var>${out}</var>
<arg>${host}</arg>
<arg>${command}</arg>
<arg>${timeout}</arg>
<doc>Run a show/exec command on a switch over SSH and return its output.</doc>
<status status="PASS" start="2026-09-12T13:29:09.749848" elapsed="0.526960"/>
</kw>
<return>
<value>${out}</value>
<status status="PASS" start="2026-09-12T13:29:10.276875" elapsed="0.000045"/>
</return>
<msg time="2026-09-12T13:29:10.277062" level="INFO">${mgmt} = GigabitEthernet0/0     10.0.0.11       YES NVRAM  up                    up      </msg>
<var>${mgmt}</var>
<arg>${sw}</arg>
<arg>show ip interface brief | include GigabitEthernet0/0</arg>
<doc>Run a show command on a switch by name.</doc>
<status status="PASS" start="2026-09-12T13:29:09.749014" elapsed="0.528069"/>
</kw>
<kw name="Should Match Regexp" owner="BuiltIn">
<arg>${mgmt}</arg>
<arg>GigabitEthernet0/0\\s+${host}\\s+YES\\s+\\S+\\s+up\\s+up</arg>
<doc>Fails if ``string`` does not match ``pattern`` as a regular expression.</doc>
<status status="PASS" start="2026-09-12T13:29:10.277206" elapsed="0.000416"/>
</kw>
<kw name="Show" owner="common">
<kw name="Switch Host" owner="common">
<kw name="Set Variable" owner="BuiltIn">
<msg time="2026-09-12T13:29:10.278411" level="INFO">${host} = 10.0.0.11</msg>
<var>${host}</var>
<arg>${SWITCHES}[${sw}][host]</arg>
<doc>Returns the given values which can then be assigned to a variables.</doc>
<status status="PASS" start="2026-09-12T13:29:10.278183" elapsed="0.000247"/>
</kw>
<return>
<value>${host}</value>
<status status="PASS" start="2026-09-12T13:29:10.278462" elapsed="0.000022"/>
</return>
<msg time="2026-09-12T13:29:10.278561" level="INFO">${host} = 10.0.0.11</msg>
<var>${host}</var>
<arg>${sw}</arg>
<status status="PASS" start="2026-09-12T13:29:10.278017" elapsed="0.000560"/>
</kw>
<kw name="Run Command" owner="LabLib">
<msg time="2026-09-12T13:29:10.795405" level="INFO" html="true">&lt;pre&gt;10.0.0.11# ping vrf Mgmt-vrf 10.0.0.10 repeat 3
Type escape sequence to abort.
Sending 3, 100-byte ICMP Echos to 10.0.0.10, timeout is 2 seconds:
!!!
Success rate is 100 percent (3/3), round-trip min/avg/max = 1/1/1 ms&lt;/pre&gt;</msg>
<msg time="2026-09-12T13:29:10.795661" level="INFO">${out} = Type escape sequence to abort.
Sending 3, 100-byte ICMP Echos to 10.0.0.10, timeout is 2 seconds:
!!!
Success rate is 100 percent (3/3), round-trip min/avg/max = 1/1/1 ms</msg>
<var>${out}</var>
<arg>${host}</arg>
<arg>${command}</arg>
<arg>${timeout}</arg>
<doc>Run a show/exec command on a switch over SSH and return its output.</doc>
<status status="PASS" start="2026-09-12T13:29:10.278633" elapsed="0.517062"/>
</kw>
<return>
<value>${out}</value>
<status status="PASS" start="2026-09-12T13:29:10.795788" elapsed="0.000059"/>
</return>
<msg time="2026-09-12T13:29:10.796023" level="INFO">${ping} = Type escape sequence to abort.
Sending 3, 100-byte ICMP Echos to 10.0.0.10, timeout is 2 seconds:
!!!
Success rate is 100 percent (3/3), round-trip min/avg/max = 1/1/1 ms</msg>
<var>${ping}</var>
<arg>${sw}</arg>
<arg>ping vrf Mgmt-vrf ${NMS}[host] repeat 3</arg>
<doc>Run a show command on a switch by name.</doc>
<status status="PASS" start="2026-09-12T13:29:10.277747" elapsed="0.518308"/>
</kw>
<kw name="Should Match Regexp" owner="BuiltIn">
<arg>${ping}</arg>
<arg>Success rate is (100|66) percent</arg>
<doc>Fails if ``string`` does not match ``pattern`` as a regular expression.</doc>
<status status="PASS" start="2026-09-12T13:29:10.796214" elapsed="0.000526"/>
</kw>
<kw name="Show" owner="common">
<kw name="Switch Host" owner="common">
<kw name="Set Variable" owner="BuiltIn">
<msg time="2026-09-12T13:29:10.797853" level="INFO">${host} = 10.0.0.11</msg>
<var>${host}</var>
<arg>${SWITCHES}[${sw}][host]</arg>
<doc>Returns the given values which can then be assigned to a variables.</doc>
<status status="PASS" start="2026-09-12T13:29:10.797599" elapsed="0.000279"/>
</kw>
<return>
<value>${host}</value>
<status status="PASS" start="2026-09-12T13:29:10.797917" elapsed="0.000024"/>
</return>
<msg time="2026-09-12T13:29:10.798039" level="INFO">${host} = 10.0.0.11</msg>
<var>${host}</var>
<arg>${sw}</arg>
<status status="PASS" start="2026-09-12T13:29:10.797370" elapsed="0.000684"/>
</kw>
<kw name="Run Command" owner="LabLib">
<msg time="2026-09-12T13:29:11.365182" level="INFO" html="true">&lt;pre&gt;10.0.0.11# show run | include ^ip domain name
ip domain name lab.local&lt;/pre&gt;</msg>
<msg time="2026-09-12T13:29:11.365333" level="INFO">${out} = ip domain name lab.local</msg>
<var>${out}</var>
<arg>${host}</arg>
<arg>${command}</arg>
<arg>${timeout}</arg>
<doc>Run a show/exec command on a switch over SSH and return its output.</doc>
<status status="PASS" start="2026-09-12T13:29:10.798112" elapsed="0.567241"/>
</kw>
<return>
<value>${out}</value>
<status status="PASS" start="2026-09-12T13:29:11.365412" elapsed="0.000038"/>
</return>
<msg time="2026-09-12T13:29:11.365562" level="INFO">${dom} = ip domain name lab.local</msg>
<var>${dom}</var>
<arg>${sw}</arg>
<arg>show run | include ^ip domain name</arg>
<doc>Run a show command on a switch by name.</doc>
<status status="PASS" start="2026-09-12T13:29:10.796938" elapsed="0.568650"/>
</kw>
<kw name="Should Contain" owner="BuiltIn">
<arg>${dom}</arg>
<arg>${DOMAIN_NAME}</arg>
<doc>Fails if ``container`` does not contain ``item`` one or more times.</doc>
<status status="PASS" start="2026-09-12T13:29:11.365717" elapsed="0.000351"/>
</kw>
<kw name="Show" owner="common">
<kw name="Switch Host" owner="common">
<kw name="Set Variable" owner="BuiltIn">
<msg time="2026-09-12T13:29:11.366825" level="INFO">${host} = 10.0.0.11</msg>
<var>${host}</var>
<arg>${SWITCHES}[${sw}][host]</arg>
<doc>Returns the given values which can then be assigned to a variables.</doc>
<status status="PASS" start="2026-09-12T13:29:11.366577" elapsed="0.000268"/>
</kw>
<return>
<value>${host}</value>
<status status="PASS" start="2026-09-12T13:29:11.366879" elapsed="0.000021"/>
</return>
<msg time="2026-09-12T13:29:11.367009" level="INFO">${host} = 10.0.0.11</msg>
<var>${host}</var>
<arg>${sw}</arg>
<status status="PASS" start="2026-09-12T13:29:11.366424" elapsed="0.000603"/>
</kw>
<kw name="Run Command" owner="LabLib">
<msg time="2026-09-12T13:29:11.863525" level="INFO" html="true">&lt;pre&gt;10.0.0.11# show run interface GigabitEthernet0/0
Building configuration...

Current configuration : 154 bytes
!
interface GigabitEthernet0/0
 description OOB management (Mgmt-vrf)
 vrf forwarding Mgmt-vrf
 ip address 10.0.0.11 255.255.255.0
 negotiation auto
end
&lt;/pre&gt;</msg>
<msg time="2026-09-12T13:29:11.863683" level="INFO">${out} = Building configuration...

Current configuration : 154 bytes
!
interface GigabitEthernet0/0
 description OOB management (Mgmt-vrf)
 vrf forwarding Mgmt-vrf
 ip address 10.0.0.11 255.255.255.0
 negotia...</msg>
<var>${out}</var>
<arg>${host}</arg>
<arg>${command}</arg>
<arg>${timeout}</arg>
<doc>Run a show/exec command on a switch over SSH and return its output.</doc>
<status status="PASS" start="2026-09-12T13:29:11.367108" elapsed="0.496597"/>
</kw>
<return>
<value>${out}</value>
<status status="PASS" start="2026-09-12T13:29:11.863765" elapsed="0.000039"/>
</return>
<msg time="2026-09-12T13:29:11.863914" level="INFO">${mgmt_cfg} = Building configuration...

Current configuration : 154 bytes
!
interface GigabitEthernet0/0
 description OOB management (Mgmt-vrf)
 vrf forwarding Mgmt-vrf
 ip address 10.0.0.11 255.255.255.0
 negotia...</msg>
<var>${mgmt_cfg}</var>
<arg>${sw}</arg>
<arg>show run interface GigabitEthernet0/0</arg>
<doc>Run a show command on a switch by name.</doc>
<status status="PASS" start="2026-09-12T13:29:11.366196" elapsed="0.497741"/>
</kw>
<kw name="Should Contain" owner="BuiltIn">
<arg>${mgmt_cfg}</arg>
<arg>vrf forwarding Mgmt-vrf</arg>
<doc>Fails if ``container`` does not contain ``item`` one or more times.</doc>
<status status="PASS" start="2026-09-12T13:29:11.864098" elapsed="0.000304"/>
</kw>
<kw name="Should Contain" owner="BuiltIn">
<arg>${mgmt_cfg}</arg>
<arg>ip address ${host} 255.255.255.0</arg>
<doc>Fails if ``container`` does not contain ``item`` one or more times.</doc>
<status status="PASS" start="2026-09-12T13:29:11.864475" elapsed="0.000208"/>
</kw>
<kw name="Show" owner="common">
<kw name="Switch Host" owner="common">
<kw name="Set Variable" owner="BuiltIn">
<msg time="2026-09-12T13:29:11.865491" level="INFO">${host} = 10.0.0.11</msg>
<var>${host}</var>
<arg>${SWITCHES}[${sw}][host]</arg>
<doc>Returns the given values which can then be assigned to a variables.</doc>
<status status="PASS" start="2026-09-12T13:29:11.865267" elapsed="0.000240"/>
</kw>
<return>
<value>${host}</value>
<status status="PASS" start="2026-09-12T13:29:11.865540" elapsed="0.000023"/>
</return>
<msg time="2026-09-12T13:29:11.865658" level="INFO">${host} = 10.0.0.11</msg>
<var>${host}</var>
<arg>${sw}</arg>
<status status="PASS" start="2026-09-12T13:29:11.865052" elapsed="0.000622"/>
</kw>
<kw name="Run Command" owner="LabLib">
<msg time="2026-09-12T13:29:12.362247" level="INFO" html="true">&lt;pre&gt;10.0.0.11# show ip route vrf Mgmt-vrf 0.0.0.0 | include Routing entry|via
Routing entry for 0.0.0.0/0, supernet
  Known via "static", distance 1, metric 0, candidate default path&lt;/pre&gt;</msg>
<msg time="2026-09-12T13:29:12.362397" level="INFO">${out} = Routing entry for 0.0.0.0/0, supernet
  Known via "static", distance 1, metric 0, candidate default path</msg>
<var>${out}</var>
<arg>${host}</arg>
<arg>${command}</arg>
<arg>${timeout}</arg>
<doc>Run a show/exec command on a switch over SSH and return its output.</doc>
<status status="PASS" start="2026-09-12T13:29:11.865732" elapsed="0.496685"/>
</kw>
<return>
<value>${out}</value>
<status status="PASS" start="2026-09-12T13:29:12.362479" elapsed="0.000052"/>
</return>
<msg time="2026-09-12T13:29:12.362664" level="INFO">${rt} = Routing entry for 0.0.0.0/0, supernet
  Known via "static", distance 1, metric 0, candidate default path</msg>
<var>${rt}</var>
<arg>${sw}</arg>
<arg>show ip route vrf Mgmt-vrf 0.0.0.0 | include Routing entry|via</arg>
<doc>Run a show command on a switch by name.</doc>
<status status="PASS" start="2026-09-12T13:29:11.864808" elapsed="0.497874"/>
</kw>
<kw name="Should Contain" owner="BuiltIn">
<arg>${rt}</arg>
<arg>Routing entry for 0.0.0.0/0</arg>
<doc>Fails if ``container`` does not contain ``item`` one or more times.</doc>
<status status="PASS" start="2026-09-12T13:29:12.362789" elapsed="0.000316"/>
</kw>
<kw name="Should Contain" owner="BuiltIn">
<msg time="2026-09-12T13:29:12.363476" level="FAIL">'Routing entry for 0.0.0.0/0, supernet
  Known via "static", distance 1, metric 0, candidate default path' does not contain '10.0.0.10'</msg>
<arg>${rt}</arg>
<arg>${NMS}[host]</arg>
<doc>Fails if ``container`` does not contain ``item`` one or more times.</doc>
<status status="FAIL" start="2026-09-12T13:29:12.363206" elapsed="0.000428">'Routing entry for 0.0.0.0/0, supernet
  Known via "static", distance 1, metric 0, candidate default path' does not contain '10.0.0.10'</status>
</kw>
<arg>sw1</arg>
<status status="FAIL" start="2026-09-12T13:29:06.171807" elapsed="6.191926">'Routing entry for 0.0.0.0/0, supernet
  Known via "static", distance 1, metric 0, candidate default path' does not contain '10.0.0.10'</status>
</kw>
<status status="FAIL" start="2026-09-12T13:29:06.171128" elapsed="6.192737">'Routing entry for 0.0.0.0/0, supernet
  Known via "static", distance 1, metric 0, candidate default path' does not contain '10.0.0.10'</status>
</test>
<test id="s1-s1-t2" name="sw2 management plane" line="9">
<kw name="Verify Management Access">
<kw name="Switch Host" owner="common">
<kw name="Set Variable" owner="BuiltIn">
<msg time="2026-09-12T13:29:12.364986" level="INFO">${host} = 10.0.0.12</msg>
<var>${host}</var>
<arg>${SWITCHES}[${sw}][host]</arg>
<doc>Returns the given values which can then be assigned to a variables.</doc>
<status status="PASS" start="2026-09-12T13:29:12.364766" elapsed="0.000246"/>
</kw>
<return>
<value>${host}</value>
<status status="PASS" start="2026-09-12T13:29:12.365052" elapsed="0.000023"/>
</return>
<msg time="2026-09-12T13:29:12.365153" level="INFO">${host} = 10.0.0.12</msg>
<var>${host}</var>
<arg>${sw}</arg>
<status status="PASS" start="2026-09-12T13:29:12.364604" elapsed="0.000564"/>
</kw>
<kw name="Host Ping" owner="LabLib">
<msg time="2026-09-12T13:29:14.414878" level="INFO">PING 10.0.0.12 (10.0.0.12) 56(84) bytes of data.
64 bytes from 10.0.0.12: icmp_seq=1 ttl=255 time=0.506 ms
64 bytes from 10.0.0.12: icmp_seq=2 ttl=255 time=0.522 ms
64 bytes from 10.0.0.12: icmp_seq=3 ttl=255 time=0.487 ms

--- 10.0.0.12 ping statistics ---
3 packets transmitted, 3 received, 0% packet loss, time 2048ms
rtt min/avg/max/mdev = 0.487/0.505/0.522/0.014 ms
</msg>
<arg>${host}</arg>
<doc>ICMP ping from the host; fails unless at least one reply.</doc>
<status status="PASS" start="2026-09-12T13:29:12.365223" elapsed="2.049775"/>
</kw>
<kw name="Tcp Port Should Be Open" owner="LabLib">
<arg>${host}</arg>
<arg>22</arg>
<status status="PASS" start="2026-09-12T13:29:14.415145" elapsed="0.000683"/>
</kw>
<kw name="Tcp Port Should Be Open" owner="LabLib">
<arg>${host}</arg>
<arg>830</arg>
<status status="PASS" start="2026-09-12T13:29:14.415922" elapsed="0.000912"/>
</kw>
<kw name="Tcp Port Should Be Open" owner="LabLib">
<arg>${host}</arg>
<arg>443</arg>
<status status="PASS" start="2026-09-12T13:29:14.416969" elapsed="0.000416"/>
</kw>
<kw name="Show" owner="common">
<kw name="Switch Host" owner="common">
<kw name="Set Variable" owner="BuiltIn">
<msg time="2026-09-12T13:29:14.418588" level="INFO">${host} = 10.0.0.12</msg>
<var>${host}</var>
<arg>${SWITCHES}[${sw}][host]</arg>
<doc>Returns the given values which can then be assigned to a variables.</doc>
<status status="PASS" start="2026-09-12T13:29:14.418213" elapsed="0.000407"/>
</kw>
<return>
<value>${host}</value>
<status status="PASS" start="2026-09-12T13:29:14.418672" elapsed="0.000042"/>
</return>
<msg time="2026-09-12T13:29:14.418846" level="INFO">${host} = 10.0.0.12</msg>
<var>${host}</var>
<arg>${sw}</arg>
<status status="PASS" start="2026-09-12T13:29:14.417946" elapsed="0.000932"/>
</kw>
<kw name="Run Command" owner="LabLib">
<msg time="2026-09-12T13:29:15.734382" level="INFO" html="true">&lt;pre&gt;10.0.0.12# show version | include uptime
sw2 uptime is 3 hours, 1 minute&lt;/pre&gt;</msg>
<msg time="2026-09-12T13:29:15.734563" level="INFO">${out} = sw2 uptime is 3 hours, 1 minute</msg>
<var>${out}</var>
<arg>${host}</arg>
<arg>${command}</arg>
<arg>${timeout}</arg>
<doc>Run a show/exec command on a switch over SSH and return its output.</doc>
<status status="PASS" start="2026-09-12T13:29:14.418981" elapsed="1.315607"/>
</kw>
<return>
<value>${out}</value>
<status status="PASS" start="2026-09-12T13:29:15.734665" elapsed="0.000050"/>
</return>
<msg time="2026-09-12T13:29:15.734856" level="INFO">${ver} = sw2 uptime is 3 hours, 1 minute</msg>
<var>${ver}</var>
<arg>${sw}</arg>
<arg>show version | include uptime</arg>
<doc>Run a show command on a switch by name.</doc>
<status status="PASS" start="2026-09-12T13:29:14.417586" elapsed="1.317291"/>
</kw>
<kw name="Should Contain" owner="BuiltIn">
<arg>${ver}</arg>
<arg>${sw} uptime</arg>
<doc>Fails if ``container`` does not contain ``item`` one or more times.</doc>
<status status="PASS" start="2026-09-12T13:29:15.735022" elapsed="0.000372"/>
</kw>
<kw name="Restconf Get" owner="LabLib">
<msg time="2026-09-12T13:29:15.780381" level="INFO">GET https://10.0.0.12/restconf/data/Cisco-IOS-XE-native:native/hostname -&gt; 200
{
  "Cisco-IOS-XE-native:hostname": "sw2"
}
</msg>
<msg time="2026-09-12T13:29:15.781528" level="INFO">${json} = {'Cisco-IOS-XE-native:hostname': 'sw2'}</msg>
<var>${json}</var>
<arg>${host}</arg>
<arg>Cisco-IOS-XE-native:native/hostname</arg>
<doc>GET /restconf/data/&lt;path&gt; and return the parsed JSON.</doc>
<status status="PASS" start="2026-09-12T13:29:15.735483" elapsed="0.046079"/>
</kw>
<kw name="Should Be Equal" owner="BuiltIn">
<arg>${json}[Cisco-IOS-XE-native:hostname]</arg>
<arg>${sw}</arg>
<doc>Fails if the given objects are unequal.</doc>
<status status="PASS" start="2026-09-12T13:29:15.781727" elapsed="0.000387"/>
</kw>
<kw name="Show" owner="common">
<kw name="Switch Host" owner="common">
<kw name="Set Variable" owner="BuiltIn">
<msg time="2026-09-12T13:29:15.783071" level="INFO">${host} = 10.0.0.12</msg>
<var>${host}</var>
<arg>${SWITCHES}[${sw}][host]</arg>
<doc>Returns the given values which can then be assigned to a variables.</doc>
<status status="PASS" start="2026-09-12T13:29:15.782798" elapsed="0.000296"/>
</kw>
<return>
<value>${host}</value>
<status status="PASS" start="2026-09-12T13:29:15.783138" elapsed="0.000037"/>
</return>
<msg time="2026-09-12T13:29:15.783279" level="INFO">${host} = 10.0.0.12</msg>
<var>${host}</var>
<arg>${sw}</arg>
<status status="PASS" start="2026-09-12T13:29:15.782571" elapsed="0.000730"/>
</kw>
<kw name="Run Command" owner="LabLib">
<msg time="2026-09-12T13:29:16.279804" level="INFO" html="true">&lt;pre&gt;10.0.0.12# show ip interface brief | include GigabitEthernet0/0
GigabitEthernet0/0     10.0.0.12       YES NVRAM  up                    up      &lt;/pre&gt;</msg>
<msg time="2026-09-12T13:29:16.280001" level="INFO">${out} = GigabitEthernet0/0     10.0.0.12       YES NVRAM  up                    up      </msg>
<var>${out}</var>
<arg>${host}</arg>
<arg>${command}</arg>
<arg>${timeout}</arg>
<doc>Run a show/exec command on a switch over SSH and return its output.</doc>
<status status="PASS" start="2026-09-12T13:29:15.783380" elapsed="0.496648"/>
</kw>
<return>
<value>${out}</value>
<status status="PASS" start="2026-09-12T13:29:16.280102" elapsed="0.000051"/>
</return>
<msg time="2026-09-12T13:29:16.280292" level="INFO">${mgmt} = GigabitEthernet0/0     10.0.0.12       YES NVRAM  up                    up      </msg>
<var>${mgmt}</var>
<arg>${sw}</arg>
<arg>show ip interface brief | include GigabitEthernet0/0</arg>
<doc>Run a show command on a switch by name.</doc>
<status status="PASS" start="2026-09-12T13:29:15.782274" elapsed="0.498041"/>
</kw>
<kw name="Should Match Regexp" owner="BuiltIn">
<arg>${mgmt}</arg>
<arg>GigabitEthernet0/0\\s+${host}\\s+YES\\s+\\S+\\s+up\\s+up</arg>
<doc>Fails if ``string`` does not match ``pattern`` as a regular expression.</doc>
<status status="PASS" start="2026-09-12T13:29:16.280456" elapsed="0.000555"/>
</kw>
<kw name="Show" owner="common">
<kw name="Switch Host" owner="common">
<kw name="Set Variable" owner="BuiltIn">
<msg time="2026-09-12T13:29:16.281990" level="INFO">${host} = 10.0.0.12</msg>
<var>${host}</var>
<arg>${SWITCHES}[${sw}][host]</arg>
<doc>Returns the given values which can then be assigned to a variables.</doc>
<status status="PASS" start="2026-09-12T13:29:16.281721" elapsed="0.000318"/>
</kw>
<return>
<value>${host}</value>
<status status="PASS" start="2026-09-12T13:29:16.282081" elapsed="0.000030"/>
</return>
<msg time="2026-09-12T13:29:16.282212" level="INFO">${host} = 10.0.0.12</msg>
<var>${host}</var>
<arg>${sw}</arg>
<status status="PASS" start="2026-09-12T13:29:16.281508" elapsed="0.000725"/>
</kw>
<kw name="Run Command" owner="LabLib">
<msg time="2026-09-12T13:29:16.778891" level="INFO" html="true">&lt;pre&gt;10.0.0.12# ping vrf Mgmt-vrf 10.0.0.10 repeat 3
Type escape sequence to abort.
Sending 3, 100-byte ICMP Echos to 10.0.0.10, timeout is 2 seconds:
!!!
Success rate is 100 percent (3/3), round-trip min/avg/max = 1/1/1 ms&lt;/pre&gt;</msg>
<msg time="2026-09-12T13:29:16.779111" level="INFO">${out} = Type escape sequence to abort.
Sending 3, 100-byte ICMP Echos to 10.0.0.10, timeout is 2 seconds:
!!!
Success rate is 100 percent (3/3), round-trip min/avg/max = 1/1/1 ms</msg>
<var>${out}</var>
<arg>${host}</arg>
<arg>${command}</arg>
<arg>${timeout}</arg>
<doc>Run a show/exec command on a switch over SSH and return its output.</doc>
<status status="PASS" start="2026-09-12T13:29:16.282310" elapsed="0.496837"/>
</kw>
<return>
<value>${out}</value>
<status status="PASS" start="2026-09-12T13:29:16.779235" elapsed="0.000055"/>
</return>
<msg time="2026-09-12T13:29:16.779467" level="INFO">${ping} = Type escape sequence to abort.
Sending 3, 100-byte ICMP Echos to 10.0.0.10, timeout is 2 seconds:
!!!
Success rate is 100 percent (3/3), round-trip min/avg/max = 1/1/1 ms</msg>
<var>${ping}</var>
<arg>${sw}</arg>
<arg>ping vrf Mgmt-vrf ${NMS}[host] repeat 3</arg>
<doc>Run a show command on a switch by name.</doc>
<status status="PASS" start="2026-09-12T13:29:16.281170" elapsed="0.498329"/>
</kw>
<kw name="Should Match Regexp" owner="BuiltIn">
<arg>${ping}</arg>
<arg>Success rate is (100|66) percent</arg>
<doc>Fails if ``string`` does not match ``pattern`` as a regular expression.</doc>
<status status="PASS" start="2026-09-12T13:29:16.779653" elapsed="0.000433"/>
</kw>
<kw name="Show" owner="common">
<kw name="Switch Host" owner="common">
<kw name="Set Variable" owner="BuiltIn">
<msg time="2026-09-12T13:29:16.781303" level="INFO">${host} = 10.0.0.12</msg>
<var>${host}</var>
<arg>${SWITCHES}[${sw}][host]</arg>
<doc>Returns the given values which can then be assigned to a variables.</doc>
<status status="PASS" start="2026-09-12T13:29:16.780947" elapsed="0.000386"/>
</kw>
<return>
<value>${host}</value>
<status status="PASS" start="2026-09-12T13:29:16.781386" elapsed="0.000038"/>
</return>
<msg time="2026-09-12T13:29:16.781559" level="INFO">${host} = 10.0.0.12</msg>
<var>${host}</var>
<arg>${sw}</arg>
<status status="PASS" start="2026-09-12T13:29:16.780669" elapsed="0.000918"/>
</kw>
<kw name="Run Command" owner="LabLib">
<msg time="2026-09-12T13:29:17.318414" level="INFO" html="true">&lt;pre&gt;10.0.0.12# show run | include ^ip domain name
ip domain name lab.local&lt;/pre&gt;</msg>
<msg time="2026-09-12T13:29:17.318588" level="INFO">${out} = ip domain name lab.local</msg>
<var>${out}</var>
<arg>${host}</arg>
<arg>${command}</arg>
<arg>${timeout}</arg>
<doc>Run a show/exec command on a switch over SSH and return its output.</doc>
<status status="PASS" start="2026-09-12T13:29:16.781690" elapsed="0.536930"/>
</kw>
<return>
<value>${out}</value>
<status status="PASS" start="2026-09-12T13:29:17.318691" elapsed="0.000042"/>
</return>
<msg time="2026-09-12T13:29:17.318852" level="INFO">${dom} = ip domain name lab.local</msg>
<var>${dom}</var>
<arg>${sw}</arg>
<arg>show run | include ^ip domain name</arg>
<doc>Run a show command on a switch by name.</doc>
<status status="PASS" start="2026-09-12T13:29:16.780287" elapsed="0.538583"/>
</kw>
<kw name="Should Contain" owner="BuiltIn">
<arg>${dom}</arg>
<arg>${DOMAIN_NAME}</arg>
<doc>Fails if ``container`` does not contain ``item`` one or more times.</doc>
<status status="PASS" start="2026-09-12T13:29:17.319005" elapsed="0.000342"/>
</kw>
<kw name="Show" owner="common">
<kw name="Switch Host" owner="common">
<kw name="Set Variable" owner="BuiltIn">
<msg time="2026-09-12T13:29:17.320169" level="INFO">${host} = 10.0.0.12</msg>
<var>${host}</var>
<arg>${SWITCHES}[${sw}][host]</arg>
<doc>Returns the given values which can then be assigned to a variables.</doc>
<status status="PASS" start="2026-09-12T13:29:17.319892" elapsed="0.000304"/>
</kw>
<return>
<value>${host}</value>
<status status="PASS" start="2026-09-12T13:29:17.320238" elapsed="0.000029"/>
</return>
<msg time="2026-09-12T13:29:17.320349" level="INFO">${host} = 10.0.0.12</msg>
<var>${host}</var>
<arg>${sw}</arg>
<status status="PASS" start="2026-09-12T13:29:17.319726" elapsed="0.000645"/>
</kw>
<kw name="Run Command" owner="LabLib">
<msg time="2026-09-12T13:29:17.816823" level="INFO" html="true">&lt;pre&gt;10.0.0.12# show run interface GigabitEthernet0/0
Building configuration...

Current configuration : 154 bytes
!
interface GigabitEthernet0/0
 description OOB management (Mgmt-vrf)
 vrf forwarding Mgmt-vrf
 ip address 10.0.0.12 255.255.255.0
 negotiation auto
end
&lt;/pre&gt;</msg>
<msg time="2026-09-12T13:29:17.817020" level="INFO">${out} = Building configuration...

Current configuration : 154 bytes
!
interface GigabitEthernet0/0
 description OOB management (Mgmt-vrf)
 vrf forwarding Mgmt-vrf
 ip address 10.0.0.12 255.255.255.0
 negotia...</msg>
<var>${out}</var>
<arg>${host}</arg>
<arg>${command}</arg>
<arg>${timeout}</arg>
<doc>Run a show/exec command on a switch over SSH and return its output.</doc>
<status status="PASS" start="2026-09-12T13:29:17.320436" elapsed="0.496614"/>
</kw>
<return>
<value>${out}</value>
<status status="PASS" start="2026-09-12T13:29:17.817110" elapsed="0.000047"/>
</return>
<msg time="2026-09-12T13:29:17.817273" level="INFO">${mgmt_cfg} = Building configuration...

Current configuration : 154 bytes
!
interface GigabitEthernet0/0
 description OOB management (Mgmt-vrf)
 vrf forwarding Mgmt-vrf
 ip address 10.0.0.12 255.255.255.0
 negotia...</msg>
<var>${mgmt_cfg}</var>
<arg>${sw}</arg>
<arg>show run interface GigabitEthernet0/0</arg>
<doc>Run a show command on a switch by name.</doc>
<status status="PASS" start="2026-09-12T13:29:17.319478" elapsed="0.497812"/>
</kw>
<kw name="Should Contain" owner="BuiltIn">
<arg>${mgmt_cfg}</arg>
<arg>vrf forwarding Mgmt-vrf</arg>
<doc>Fails if ``container`` does not contain ``item`` one or more times.</doc>
<status status="PASS" start="2026-09-12T13:29:17.817401" elapsed="0.000316"/>
</kw>
<kw name="Should Contain" owner="BuiltIn">
<arg>${mgmt_cfg}</arg>
<arg>ip address ${host} 255.255.255.0</arg>
<doc>Fails if ``container`` does not contain ``item`` one or more times.</doc>
<status status="PASS" start="2026-09-12T13:29:17.817795" elapsed="0.000244"/>
</kw>
<kw name="Show" owner="common">
<kw name="Switch Host" owner="common">
<kw name="Set Variable" owner="BuiltIn">
<msg time="2026-09-12T13:29:17.818762" level="INFO">${host} = 10.0.0.12</msg>
<var>${host}</var>
<arg>${SWITCHES}[${sw}][host]</arg>
<doc>Returns the given values which can then be assigned to a variables.</doc>
<status status="PASS" start="2026-09-12T13:29:17.818564" elapsed="0.000216"/>
</kw>
<return>
<value>${host}</value>
<status status="PASS" start="2026-09-12T13:29:17.818810" elapsed="0.000028"/>
</return>
<msg time="2026-09-12T13:29:17.818917" level="INFO">${host} = 10.0.0.12</msg>
<var>${host}</var>
<arg>${sw}</arg>
<status status="PASS" start="2026-09-12T13:29:17.818411" elapsed="0.000521"/>
</kw>
<kw name="Run Command" owner="LabLib">
<msg time="2026-09-12T13:29:18.315343" level="INFO" html="true">&lt;pre&gt;10.0.0.12# show ip route vrf Mgmt-vrf 0.0.0.0 | include Routing entry|via
Routing entry for 0.0.0.0/0, supernet
  Known via "static", distance 1, metric 0, candidate default path&lt;/pre&gt;</msg>
<msg time="2026-09-12T13:29:18.315500" level="INFO">${out} = Routing entry for 0.0.0.0/0, supernet
  Known via "static", distance 1, metric 0, candidate default path</msg>
<var>${out}</var>
<arg>${host}</arg>
<arg>${command}</arg>
<arg>${timeout}</arg>
<doc>Run a show/exec command on a switch over SSH and return its output.</doc>
<status status="PASS" start="2026-09-12T13:29:17.819017" elapsed="0.496525"/>
</kw>
<return>
<value>${out}</value>
<status status="PASS" start="2026-09-12T13:29:18.315604" elapsed="0.000037"/>
</return>
<msg time="2026-09-12T13:29:18.315753" level="INFO">${rt} = Routing entry for 0.0.0.0/0, supernet
  Known via "static", distance 1, metric 0, candidate default path</msg>
<var>${rt}</var>
<arg>${sw}</arg>
<arg>show ip route vrf Mgmt-vrf 0.0.0.0 | include Routing entry|via</arg>
<doc>Run a show command on a switch by name.</doc>
<status status="PASS" start="2026-09-12T13:29:17.818182" elapsed="0.497588"/>
</kw>
<kw name="Should Contain" owner="BuiltIn">
<arg>${rt}</arg>
<arg>Routing entry for 0.0.0.0/0</arg>
<doc>Fails if ``container`` does not contain ``item`` one or more times.</doc>
<status status="PASS" start="2026-09-12T13:29:18.315866" elapsed="0.000352"/>
</kw>
<kw name="Should Contain" owner="BuiltIn">
<msg time="2026-09-12T13:29:18.316521" level="FAIL">'Routing entry for 0.0.0.0/0, supernet
  Known via "static", distance 1, metric 0, candidate default path' does not contain '10.0.0.10'</msg>
<arg>${rt}</arg>
<arg>${NMS}[host]</arg>
<doc>Fails if ``container`` does not contain ``item`` one or more times.</doc>
<status status="FAIL" start="2026-09-12T13:29:18.316293" elapsed="0.000301">'Routing entry for 0.0.0.0/0, supernet
  Known via "static", distance 1, metric 0, candidate default path' does not contain '10.0.0.10'</status>
</kw>
<arg>sw2</arg>
<status status="FAIL" start="2026-09-12T13:29:12.364383" elapsed="5.952289">'Routing entry for 0.0.0.0/0, supernet
  Known via "static", distance 1, metric 0, candidate default path' does not contain '10.0.0.10'</status>
</kw>
<status status="FAIL" start="2026-09-12T13:29:12.364069" elapsed="5.952724">'Routing entry for 0.0.0.0/0, supernet
  Known via "static", distance 1, metric 0, candidate default path' does not contain '10.0.0.10'</status>
</test>
<test id="s1-s1-t3" name="NMS jumphost is reachable and on both networks" line="37">
<kw name="Host Ping" owner="LabLib">
<msg time="2026-09-12T13:29:20.366486" level="INFO">PING 10.0.0.10 (10.0.0.10) 56(84) bytes of data.
64 bytes from 10.0.0.10: icmp_seq=1 ttl=64 time=0.153 ms
64 bytes from 10.0.0.10: icmp_seq=2 ttl=64 time=0.113 ms
64 bytes from 10.0.0.10: icmp_seq=3 ttl=64 time=0.111 ms

--- 10.0.0.10 ping statistics ---
3 packets transmitted, 3 received, 0% packet loss, time 2047ms
rtt min/avg/max/mdev = 0.111/0.125/0.153/0.019 ms
</msg>
<arg>${NMS}[host]</arg>
<doc>ICMP ping from the host; fails unless at least one reply.</doc>
<status status="PASS" start="2026-09-12T13:29:18.317224" elapsed="2.049360"/>
</kw>
<kw name="Nms Command" owner="LabLib">
<msg time="2026-09-12T13:29:20.998851" level="INFO" html="true">&lt;pre&gt;nms$ ip -br addr show eth1
rc=0
eth1             UP             10.0.0.10/24 fe80::5054:ff:fec9:a02/64 
&lt;/pre&gt;</msg>
<msg time="2026-09-12T13:29:20.999088" level="INFO">${ip} = eth1             UP             10.0.0.10/24 fe80::5054:ff:fec9:a02/64 
</msg>
<var>${ip}</var>
<arg>ip -br addr show eth1</arg>
<doc>Run a shell command on the NMS jumphost; returns stdout (fails on non-zero rc).</doc>
<status status="PASS" start="2026-09-12T13:29:20.366731" elapsed="0.632399"/>
</kw>
<kw name="Should Contain" owner="BuiltIn">
<arg>${ip}</arg>
<arg>${NMS}[host]/24</arg>
<doc>Fails if ``container`` does not contain ``item`` one or more times.</doc>
<status status="PASS" start="2026-09-12T13:29:20.999309" elapsed="0.000502"/>
</kw>
<kw name="Nms Command" owner="LabLib">
<msg time="2026-09-12T13:29:21.044869" level="INFO" html="true">&lt;pre&gt;nms$ sysctl -n net.ipv4.ip_forward
rc=0
1
&lt;/pre&gt;</msg>
<msg time="2026-09-12T13:29:21.045302" level="INFO">${fwd} = 1
</msg>
<var>${fwd}</var>
<arg>sysctl -n net.ipv4.ip_forward</arg>
<doc>Run a shell command on the NMS jumphost; returns stdout (fails on non-zero rc).</doc>
<status status="PASS" start="2026-09-12T13:29:20.999971" elapsed="0.045375"/>
</kw>
<kw name="Should Be Equal As Integers" owner="BuiltIn">
<arg>${fwd}</arg>
<arg>1</arg>
<doc>Fails if objects are unequal after converting them to integers.</doc>
<status status="PASS" start="2026-09-12T13:29:21.045594" elapsed="0.000553"/>
</kw>
<status status="PASS" start="2026-09-12T13:29:18.316967" elapsed="2.729329"/>
</test>
<test id="s1-s1-t4" name="NMS jumphost can SSH and SNMP to the switches" line="45">
<for flavor="IN">
<iter>
<kw name="Nms Command" owner="LabLib">
<msg time="2026-09-12T13:29:21.437143" level="INFO" html="true">&lt;pre&gt;nms$ sshpass -p admin ssh -o ConnectTimeout=10 sw1 "show clock"
rc=0
Managed by Network-as-Code (Terraform). Manual changes will be reverted.


17:29:21.360 UTC Sat Sep 12 2026Connection to sw1 closed by remote host.
&lt;/pre&gt;</msg>
<msg time="2026-09-12T13:29:21.437339" level="INFO">${out} = Managed by Network-as-Code (Terraform). Manual changes will be reverted.


17:29:21.360 UTC Sat Sep 12 2026</msg>
<var>${out}</var>
<arg>sshpass -p ${PASSWORD} ssh -o ConnectTimeout=10 ${sw} "show clock"</arg>
<doc>Run a shell command on the NMS jumphost; returns stdout (fails on non-zero rc).</doc>
<status status="PASS" start="2026-09-12T13:29:21.047252" elapsed="0.390115"/>
</kw>
<kw name="Should Match Regexp" owner="BuiltIn">
<arg>${out}</arg>
<arg>\\d\\d:\\d\\d:\\d\\d</arg>
<doc>Fails if ``string`` does not match ``pattern`` as a regular expression.</doc>
<status status="PASS" start="2026-09-12T13:29:21.437527" elapsed="0.000430"/>
</kw>
<var name="${sw}">sw1</var>
<status status="PASS" start="2026-09-12T13:29:21.047125" elapsed="0.390883"/>
</iter>
<iter>
<kw name="Nms Command" owner="LabLib">
<msg time="2026-09-12T13:29:22.021818" level="INFO" html="true">&lt;pre&gt;nms$ sshpass -p admin ssh -o ConnectTimeout=10 sw2 "show clock"
rc=0
Managed by Network-as-Code (Terraform). Manual changes will be reverted.


17:29:21.934 UTC Sat Sep 12 2026Connection to sw2 closed by remote host.
&lt;/pre&gt;</msg>
<msg time="2026-09-12T13:29:22.022094" level="INFO">${out} = Managed by Network-as-Code (Terraform). Manual changes will be reverted.


17:29:21.934 UTC Sat Sep 12 2026</msg>
<var>${out}</var>
<arg>sshpass -p ${PASSWORD} ssh -o ConnectTimeout=10 ${sw} "show clock"</arg>
<doc>Run a shell command on the NMS jumphost; returns stdout (fails on non-zero rc).</doc>
<status status="PASS" start="2026-09-12T13:29:21.438207" elapsed="0.583915"/>
</kw>
<kw name="Should Match Regexp" owner="BuiltIn">
<arg>${out}</arg>
<arg>\\d\\d:\\d\\d:\\d\\d</arg>
<doc>Fails if ``string`` does not match ``pattern`` as a regular expression.</doc>
<status status="PASS" start="2026-09-12T13:29:22.022275" elapsed="0.000373"/>
</kw>
<var name="${sw}">sw2</var>
<status status="PASS" start="2026-09-12T13:29:21.438130" elapsed="0.584554"/>
</iter>
<var>${sw}</var>
<value>@{SWITCH_NAMES}</value>
<status status="PASS" start="2026-09-12T13:29:21.046867" elapsed="0.975859"/>
</for>
<status status="PASS" start="2026-09-12T13:29:21.046536" elapsed="0.976296"/>
</test>
<test id="s1-s1-t5" name="Switches reach the internet through the NMS NAT" line="52">
<for flavor="IN">
<iter>
<kw name="Show" owner="common">
<kw name="Switch Host" owner="common">
<kw name="Set Variable" owner="BuiltIn">
<msg time="2026-09-12T13:29:22.024443" level="INFO">${host} = 10.0.0.11</msg>
<var>${host}</var>
<arg>${SWITCHES}[${sw}][host]</arg>
<doc>Returns the given values which can then be assigned to a variables.</doc>
<status status="PASS" start="2026-09-12T13:29:22.024182" elapsed="0.000285"/>
</kw>
<return>
<value>${host}</value>
<status status="PASS" start="2026-09-12T13:29:22.024510" elapsed="0.000035"/>
</return>
<msg time="2026-09-12T13:29:22.024659" level="INFO">${host} = 10.0.0.11</msg>
<var>${host}</var>
<arg>${sw}</arg>
<status status="PASS" start="2026-09-12T13:29:22.023970" elapsed="0.000712"/>
</kw>
<kw name="Run Command" owner="LabLib">
<msg time="2026-09-12T13:29:22.596904" level="INFO" html="true">&lt;pre&gt;10.0.0.11# ping vrf Mgmt-vrf 8.8.8.8 repeat 3
Type escape sequence to abort.
Sending 3, 100-byte ICMP Echos to 8.8.8.8, timeout is 2 seconds:
!!!
Success rate is 100 percent (3/3), round-trip min/avg/max = 27/32/39 ms&lt;/pre&gt;</msg>
<msg time="2026-09-12T13:29:22.597113" level="INFO">${out} = Type escape sequence to abort.
Sending 3, 100-byte ICMP Echos to 8.8.8.8, timeout is 2 seconds:
!!!
Success rate is 100 percent (3/3), round-trip min/avg/max = 27/32/39 ms</msg>
<var>${out}</var>
<arg>${host}</arg>
<arg>${command}</arg>
<arg>${timeout}</arg>
<doc>Run a show/exec command on a switch over SSH and return its output.</doc>
<status status="PASS" start="2026-09-12T13:29:22.024761" elapsed="0.572377"/>
</kw>
<return>
<value>${out}</value>
<status status="PASS" start="2026-09-12T13:29:22.597210" elapsed="0.000052"/>
</return>
<msg time="2026-09-12T13:29:22.597408" level="INFO">${ping} = Type escape sequence to abort.
Sending 3, 100-byte ICMP Echos to 8.8.8.8, timeout is 2 seconds:
!!!
Success rate is 100 percent (3/3), round-trip min/avg/max = 27/32/39 ms</msg>
<var>${ping}</var>
<arg>${sw}</arg>
<arg>ping vrf Mgmt-vrf 8.8.8.8 repeat 3</arg>
<doc>Run a show command on a switch by name.</doc>
<status status="PASS" start="2026-09-12T13:29:22.023681" elapsed="0.573749"/>
</kw>
<kw name="Should Match Regexp" owner="BuiltIn">
<arg>${ping}</arg>
<arg>Success rate is (100|66) percent</arg>
<doc>Fails if ``string`` does not match ``pattern`` as a regular expression.</doc>
<status status="PASS" start="2026-09-12T13:29:22.597555" elapsed="0.000321"/>
</kw>
<var name="${sw}">sw1</var>
<status status="PASS" start="2026-09-12T13:29:22.023526" elapsed="0.574385"/>
</iter>
<iter>
<kw name="Show" owner="common">
<kw name="Switch Host" owner="common">
<kw name="Set Variable" owner="BuiltIn">
<msg time="2026-09-12T13:29:22.598902" level="INFO">${host} = 10.0.0.12</msg>
<var>${host}</var>
<arg>${SWITCHES}[${sw}][host]</arg>
<doc>Returns the given values which can then be assigned to a variables.</doc>
<status status="PASS" start="2026-09-12T13:29:22.598645" elapsed="0.000280"/>
</kw>
<return>
<value>${host}</value>
<status status="PASS" start="2026-09-12T13:29:22.598963" elapsed="0.000041"/>
</return>
<msg time="2026-09-12T13:29:22.599103" level="INFO">${host} = 10.0.0.12</msg>
<var>${host}</var>
<arg>${sw}</arg>
<status status="PASS" start="2026-09-12T13:29:22.598444" elapsed="0.000680"/>
</kw>
<kw name="Run Command" owner="LabLib">
<msg time="2026-09-12T13:29:23.160822" level="INFO" html="true">&lt;pre&gt;10.0.0.12# ping vrf Mgmt-vrf 8.8.8.8 repeat 3
Type escape sequence to abort.
Sending 3, 100-byte ICMP Echos to 8.8.8.8, timeout is 2 seconds:
!!!
Success rate is 100 percent (3/3), round-trip min/avg/max = 26/27/28 ms&lt;/pre&gt;</msg>
<msg time="2026-09-12T13:29:23.160967" level="INFO">${out} = Type escape sequence to abort.
Sending 3, 100-byte ICMP Echos to 8.8.8.8, timeout is 2 seconds:
!!!
Success rate is 100 percent (3/3), round-trip min/avg/max = 26/27/28 ms</msg>
<var>${out}</var>
<arg>${host}</arg>
<arg>${command}</arg>
<arg>${timeout}</arg>
<doc>Run a show/exec command on a switch over SSH and return its output.</doc>
<status status="PASS" start="2026-09-12T13:29:22.599198" elapsed="0.561816"/>
</kw>
<return>
<value>${out}</value>
<status status="PASS" start="2026-09-12T13:29:23.161103" elapsed="0.000059"/>
</return>
<msg time="2026-09-12T13:29:23.161316" level="INFO">${ping} = Type escape sequence to abort.
Sending 3, 100-byte ICMP Echos to 8.8.8.8, timeout is 2 seconds:
!!!
Success rate is 100 percent (3/3), round-trip min/avg/max = 26/27/28 ms</msg>
<var>${ping}</var>
<arg>${sw}</arg>
<arg>ping vrf Mgmt-vrf 8.8.8.8 repeat 3</arg>
<doc>Run a show command on a switch by name.</doc>
<status status="PASS" start="2026-09-12T13:29:22.598151" elapsed="0.563189"/>
</kw>
<kw name="Should Match Regexp" owner="BuiltIn">
<arg>${ping}</arg>
<arg>Success rate is (100|66) percent</arg>
<doc>Fails if ``string`` does not match ``pattern`` as a regular expression.</doc>
<status status="PASS" start="2026-09-12T13:29:23.161491" elapsed="0.000294"/>
</kw>
<var name="${sw}">sw2</var>
<status status="PASS" start="2026-09-12T13:29:22.598018" elapsed="0.563796"/>
</iter>
<var>${sw}</var>
<value>@{SWITCH_NAMES}</value>
<status status="PASS" start="2026-09-12T13:29:22.023381" elapsed="1.138459"/>
</for>
<tag>internet</tag>
<status status="PASS" start="2026-09-12T13:29:22.023127" elapsed="1.138790"/>
</test>
<kw name="Suite Teardown Close Connections" owner="common" type="TEARDOWN">
<kw name="Close All Connections" owner="LabLib">
<status status="PASS" start="2026-09-12T13:29:23.162499" elapsed="0.021194"/>
</kw>
<status status="PASS" start="2026-09-12T13:29:23.162348" elapsed="0.021432"/>
</kw>
<doc>Out-of-band management plane: reachability, SSH, RESTCONF, NETCONF, NMS jumphost, Mgmt-vrf routing.</doc>
<status status="FAIL" start="2026-09-12T13:29:06.014746" elapsed="17.169064"/>
</suite>
<suite id="s1-s2" name="02 Layer2" source="/home/dcantor/cat9000v/tests/suites/02_layer2.robot">
<test id="s1-s2-t1" name="Inter-switch link is up on both ends" line="7">
<for flavor="IN">
<iter>
<kw name="Show" owner="common">
<kw name="Switch Host" owner="common">
<kw name="Set Variable" owner="BuiltIn">
<msg time="2026-09-12T13:29:23.187420" level="INFO">${host} = 10.0.0.11</msg>
<var>${host}</var>
<arg>${SWITCHES}[${sw}][host]</arg>
<doc>Returns the given values which can then be assigned to a variables.</doc>
<status status="PASS" start="2026-09-12T13:29:23.187164" elapsed="0.000277"/>
</kw>
<return>
<value>${host}</value>
<status status="PASS" start="2026-09-12T13:29:23.187481" elapsed="0.000037"/>
</return>
<msg time="2026-09-12T13:29:23.187616" level="INFO">${host} = 10.0.0.11</msg>
<var>${host}</var>
<arg>${sw}</arg>
<status status="PASS" start="2026-09-12T13:29:23.187008" elapsed="0.000625"/>
</kw>
<kw name="Run Command" owner="LabLib">
<msg time="2026-09-12T13:29:24.697261" level="INFO" html="true">&lt;pre&gt;10.0.0.11# show interfaces status | include Gi1/0/1 
Gi1/0/1      TRUNK to peer core connected    trunk      a-full a-1000 unknown&lt;/pre&gt;</msg>
<msg time="2026-09-12T13:29:24.697402" level="INFO">${out} = Gi1/0/1      TRUNK to peer core connected    trunk      a-full a-1000 unknown</msg>
<var>${out}</var>
<arg>${host}</arg>
<arg>${command}</arg>
<arg>${timeout}</arg>
<doc>Run a show/exec command on a switch over SSH and return its output.</doc>
<status status="PASS" start="2026-09-12T13:29:23.187698" elapsed="1.509723"/>
</kw>
<return>
<value>${out}</value>
<status status="PASS" start="2026-09-12T13:29:24.697481" elapsed="0.000039"/>
</return>
<msg time="2026-09-12T13:29:24.697628" level="INFO">${st} = Gi1/0/1      TRUNK to peer core connected    trunk      a-full a-1000 unknown</msg>
<var>${st}</var>
<arg>${sw}</arg>
<arg>show interfaces status | include ${TRUNK_PORT}${SPACE}</arg>
<doc>Run a show command on a switch by name.</doc>
<status status="PASS" start="2026-09-12T13:29:23.186745" elapsed="1.510899"/>
</kw>
<kw name="Should Match Regexp" owner="BuiltIn">
<arg>${st}</arg>
<arg>${TRUNK_PORT}\\s.*\\sconnected\\s</arg>
<doc>Fails if ``string`` does not match ``pattern`` as a regular expression.</doc>
<status status="PASS" start="2026-09-12T13:29:24.697758" elapsed="0.000392"/>
</kw>
<var name="${sw}">sw1</var>
<status status="PASS" start="2026-09-12T13:29:23.186617" elapsed="1.511560"/>
</iter>
<iter>
<kw name="Show" owner="common">
<kw name="Switch Host" owner="common">
<kw name="Set Variable" owner="BuiltIn">
<msg time="2026-09-12T13:29:24.699029" level="INFO">${host} = 10.0.0.12</msg>
<var>${host}</var>
<arg>${SWITCHES}[${sw}][host]</arg>
<doc>Returns the given values which can then be assigned to a variables.</doc>
<status status="PASS" start="2026-09-12T13:29:24.698801" elapsed="0.000251"/>
</kw>
<return>
<value>${host}</value>
<status status="PASS" start="2026-09-12T13:29:24.699084" elapsed="0.000023"/>
</return>
<msg time="2026-09-12T13:29:24.699181" level="INFO">${host} = 10.0.0.12</msg>
<var>${host}</var>
<arg>${sw}</arg>
<status status="PASS" start="2026-09-12T13:29:24.698650" elapsed="0.000546"/>
</kw>
<kw name="Run Command" owner="LabLib">
<msg time="2026-09-12T13:29:26.207148" level="INFO" html="true">&lt;pre&gt;10.0.0.12# show interfaces status | include Gi1/0/1 
Gi1/0/1      TRUNK to peer core connected    trunk      a-full a-1000 unknown&lt;/pre&gt;</msg>
<msg time="2026-09-12T13:29:26.207307" level="INFO">${out} = Gi1/0/1      TRUNK to peer core connected    trunk      a-full a-1000 unknown</msg>
<var>${out}</var>
<arg>${host}</arg>
<arg>${command}</arg>
<arg>${timeout}</arg>
<doc>Run a show/exec command on a switch over SSH and return its output.</doc>
<status status="PASS" start="2026-09-12T13:29:24.699250" elapsed="1.508103"/>
</kw>
<return>
<value>${out}</value>
<status status="PASS" start="2026-09-12T13:29:26.207418" elapsed="0.000040"/>
</return>
<msg time="2026-09-12T13:29:26.207571" level="INFO">${st} = Gi1/0/1      TRUNK to peer core connected    trunk      a-full a-1000 unknown</msg>
<var>${st}</var>
<arg>${sw}</arg>
<arg>show interfaces status | include ${TRUNK_PORT}${SPACE}</arg>
<doc>Run a show command on a switch by name.</doc>
<status status="PASS" start="2026-09-12T13:29:24.698365" elapsed="1.509223"/>
</kw>
<kw name="Should Match Regexp" owner="BuiltIn">
<arg>${st}</arg>
<arg>${TRUNK_PORT}\\s.*\\sconnected\\s</arg>
<doc>Fails if ``string`` does not match ``pattern`` as a regular expression.</doc>
<status status="PASS" start="2026-09-12T13:29:26.207690" elapsed="0.000307"/>
</kw>
<var name="${sw}">sw2</var>
<status status="PASS" start="2026-09-12T13:29:24.698258" elapsed="1.509769"/>
</iter>
<var>${sw}</var>
<value>@{SWITCH_NAMES}</value>
<status status="PASS" start="2026-09-12T13:29:23.186494" elapsed="3.021558"/>
</for>
<status status="PASS" start="2026-09-12T13:29:23.186263" elapsed="3.021862"/>
</test>
<test id="s1-s2-t2" name="VLAN database matches the data model" line="13">
<for flavor="IN">
<iter>
<kw name="Show" owner="common">
<kw name="Switch Host" owner="common">
<kw name="Set Variable" owner="BuiltIn">
<msg time="2026-09-12T13:29:26.209314" level="INFO">${host} = 10.0.0.11</msg>
<var>${host}</var>
<arg>${SWITCHES}[${sw}][host]</arg>
<doc>Returns the given values which can then be assigned to a variables.</doc>
<status status="PASS" start="2026-09-12T13:29:26.209098" elapsed="0.000233"/>
</kw>
<return>
<value>${host}</value>
<status status="PASS" start="2026-09-12T13:29:26.209363" elapsed="0.000022"/>
</return>
<msg time="2026-09-12T13:29:26.209458" level="INFO">${host} = 10.0.0.11</msg>
<var>${host}</var>
<arg>${sw}</arg>
<status status="PASS" start="2026-09-12T13:29:26.208893" elapsed="0.000580"/>
</kw>
<kw name="Run Command" owner="LabLib">
<msg time="2026-09-12T13:29:26.706058" level="INFO" html="true">&lt;pre&gt;10.0.0.11# show vlan brief

VLAN Name                             Status    Ports
---- -------------------------------- --------- -------------------------------
1    default                          active    
10   USERS                            active    Gi1/0/2, Gi1/0/3
20   SERVERS                          active    Gi1/0/4
99   NATIVE                           active    
100  TRANSIT                          active    
110  L3-110                           active    
111  L3-111                           active    
112  L3-112                           active    
113  L3-113                           active    
114  L3-114                           active    
115  L3-115                           active    
116  L3-116                           active    
117  L3-117                           active    
118  L3-118                           active    
119  L3-119                           active    
210  L2-210                           active    
211  L2-211                           active    
212  L2-212                           active    
213  L2-213                           active    
214  L2-214                           active    
215  L2-215                           active    
216  L2-216                           active    
217  L2-217                           active    
218  L2-218                           active    
219  L2-219                           active    
999  QUARANTINE                       active    Gi1/0/5, Gi1/0/6, Gi1/0/7, Gi1/0/8
1002 fddi-default                     act/unsup 
1003 token-ring-default               act/unsup 
1004 fddinet-default                  act/unsup 
1005 trnet-default                    act/unsup &lt;/pre&gt;</msg>
<msg time="2026-09-12T13:29:26.706234" level="INFO">${out} = 
VLAN Name                             Status    Ports
---- -------------------------------- --------- -------------------------------
1    default                          active    
10   USERS      ...</msg>
<var>${out}</var>
<arg>${host}</arg>
<arg>${command}</arg>
<arg>${timeout}</arg>
<doc>Run a show/exec command on a switch over SSH and return its output.</doc>
<status status="PASS" start="2026-09-12T13:29:26.209530" elapsed="0.496728"/>
</kw>
<return>
<value>${out}</value>
<status status="PASS" start="2026-09-12T13:29:26.706324" elapsed="0.000040"/>
</return>
<msg time="2026-09-12T13:29:26.706488" level="INFO">${brief} = 
VLAN Name                             Status    Ports
---- -------------------------------- --------- -------------------------------
1    default                          active    
10   USERS      ...</msg>
<var>${brief}</var>
<arg>${sw}</arg>
<arg>show vlan brief</arg>
<doc>Run a show command on a switch by name.</doc>
<status status="PASS" start="2026-09-12T13:29:26.208651" elapsed="0.497858"/>
</kw>
<for flavor="IN">
<iter>
<kw name="Should Match Regexp" owner="BuiltIn">
<arg>${brief}</arg>
<arg>(?m)^${id}\\s+${name}\\s+active</arg>
<doc>Fails if ``string`` does not match ``pattern`` as a regular expression.</doc>
<status status="PASS" start="2026-09-12T13:29:26.706903" elapsed="0.000413"/>
</kw>
<var name="${id}">10</var>
<var name="${name}">USERS</var>
<status status="PASS" start="2026-09-12T13:29:26.706807" elapsed="0.000537"/>
</iter>
<iter>
<kw name="Should Match Regexp" owner="BuiltIn">
<arg>${brief}</arg>
<arg>(?m)^${id}\\s+${name}\\s+active</arg>
<doc>Fails if ``string`` does not match ``pattern`` as a regular expression.</doc>
<status status="PASS" start="2026-09-12T13:29:26.707462" elapsed="0.000259"/>
</kw>
<var name="${id}">20</var>
<var name="${name}">SERVERS</var>
<status status="PASS" start="2026-09-12T13:29:26.707411" elapsed="0.000336"/>
</iter>
<iter>
<kw name="Should Match Regexp" owner="BuiltIn">
<arg>${brief}</arg>
<arg>(?m)^${id}\\s+${name}\\s+active</arg>
<doc>Fails if ``string`` does not match ``pattern`` as a regular expression.</doc>
<status status="PASS" start="2026-09-12T13:29:26.707865" elapsed="0.000292"/>
</kw>
<var name="${id}">99</var>
<var name="${name}">NATIVE</var>
<status status="PASS" start="2026-09-12T13:29:26.707814" elapsed="0.000374"/>
</iter>
<iter>
<kw name="Should Match Regexp" owner="BuiltIn">
<arg>${brief}</arg>
<arg>(?m)^${id}\\s+${name}\\s+active</arg>
<doc>Fails if ``string`` does not match ``pattern`` as a regular expression.</doc>
<status status="PASS" start="2026-09-12T13:29:26.708303" elapsed="0.000247"/>
</kw>
<var name="${id}">100</var>
<var name="${name}">TRANSIT</var>
<status status="PASS" start="2026-09-12T13:29:26.708251" elapsed="0.000323"/>
</iter>
<iter>
<kw name="Should Match Regexp" owner="BuiltIn">
<arg>${brief}</arg>
<arg>(?m)^${id}\\s+${name}\\s+active</arg>
<doc>Fails if ``string`` does not match ``pattern`` as a regular expression.</doc>
<status status="PASS" start="2026-09-12T13:29:26.708681" elapsed="0.000242"/>
</kw>
<var name="${id}">110</var>
<var name="${name}">L3-110</var>
<status status="PASS" start="2026-09-12T13:29:26.708633" elapsed="0.000320"/>
</iter>
<iter>
<kw name="Should Match Regexp" owner="BuiltIn">
<arg>${brief}</arg>
<arg>(?m)^${id}\\s+${name}\\s+active</arg>
<doc>Fails if ``string`` does not match ``pattern`` as a regular expression.</doc>
<status status="PASS" start="2026-09-12T13:29:26.709098" elapsed="0.000244"/>
</kw>
<var name="${id}">111</var>
<var name="${name}">L3-111</var>
<status status="PASS" start="2026-09-12T13:29:26.709048" elapsed="0.000320"/>
</iter>
<iter>
<kw name="Should Match Regexp" owner="BuiltIn">
<arg>${brief}</arg>
<arg>(?m)^${id}\\s+${name}\\s+active</arg>
<doc>Fails if ``string`` does not match ``pattern`` as a regular expression.</doc>
<status status="PASS" start="2026-09-12T13:29:26.709478" elapsed="0.000235"/>
</kw>
<var name="${id}">112</var>
<var name="${name}">L3-112</var>
<status status="PASS" start="2026-09-12T13:29:26.709426" elapsed="0.000311"/>
</iter>
<iter>
<kw name="Should Match Regexp" owner="BuiltIn">
<arg>${brief}</arg>
<arg>(?m)^${id}\\s+${name}\\s+active</arg>
<doc>Fails if ``string`` does not match ``pattern`` as a regular expression.</doc>
<status status="PASS" start="2026-09-12T13:29:26.709862" elapsed="0.000281"/>
</kw>
<var name="${id}">113</var>
<var name="${name}">L3-113</var>
<status status="PASS" start="2026-09-12T13:29:26.709815" elapsed="0.000354"/>
</iter>
<iter>
<kw name="Should Match Regexp" owner="BuiltIn">
<arg>${brief}</arg>
<arg>(?m)^${id}\\s+${name}\\s+active</arg>
<doc>Fails if ``string`` does not match ``pattern`` as a regular expression.</doc>
<status status="PASS" start="2026-09-12T13:29:26.710274" elapsed="0.000241"/>
</kw>
<var name="${id}">114</var>
<var name="${name}">L3-114</var>
<status status="PASS" start="2026-09-12T13:29:26.710229" elapsed="0.000311"/>
</iter>
<iter>
<kw name="Should Match Regexp" owner="BuiltIn">
<arg>${brief}</arg>
<arg>(?m)^${id}\\s+${name}\\s+active</arg>
<doc>Fails if ``string`` does not match ``pattern`` as a regular expression.</doc>
<status status="PASS" start="2026-09-12T13:29:26.710664" elapsed="0.000285"/>
</kw>
<var name="${id}">115</var>
<var name="${name}">L3-115</var>
<status status="PASS" start="2026-09-12T13:29:26.710612" elapsed="0.000388"/>
</iter>
<iter>
<kw name="Should Match Regexp" owner="BuiltIn">
<arg>${brief}</arg>
<arg>(?m)^${id}\\s+${name}\\s+active</arg>
<doc>Fails if ``string`` does not match ``pattern`` as a regular expression.</doc>
<status status="PASS" start="2026-09-12T13:29:26.711143" elapsed="0.000256"/>
</kw>
<var name="${id}">116</var>
<var name="${name}">L3-116</var>
<status status="PASS" start="2026-09-12T13:29:26.711086" elapsed="0.000339"/>
</iter>
<iter>
<kw name="Should Match Regexp" owner="BuiltIn">
<arg>${brief}</arg>
<arg>(?m)^${id}\\s+${name}\\s+active</arg>
<doc>Fails if ``string`` does not match ``pattern`` as a regular expression.</doc>
<status status="PASS" start="2026-09-12T13:29:26.711537" elapsed="0.000268"/>
</kw>
<var name="${id}">117</var>
<var name="${name}">L3-117</var>
<status status="PASS" start="2026-09-12T13:29:26.711486" elapsed="0.000345"/>
</iter>
<iter>
<kw name="Should Match Regexp" owner="BuiltIn">
<arg>${brief}</arg>
<arg>(?m)^${id}\\s+${name}\\s+active</arg>
<doc>Fails if ``string`` does not match ``pattern`` as a regular expression.</doc>
<status status="PASS" start="2026-09-12T13:29:26.711935" elapsed="0.000342"/>
</kw>
<var name="${id}">118</var>
<var name="${name}">L3-118</var>
<status status="PASS" start="2026-09-12T13:29:26.711889" elapsed="0.000419"/>
</iter>
<iter>
<kw name="Should Match Regexp" owner="BuiltIn">
<arg>${brief}</arg>
<arg>(?m)^${id}\\s+${name}\\s+active</arg>
<doc>Fails if ``string`` does not match ``pattern`` as a regular expression.</doc>
<status status="PASS" start="2026-09-12T13:29:26.712446" elapsed="0.000342"/>
</kw>
<var name="${id}">119</var>
<var name="${name}">L3-119</var>
<status status="PASS" start="2026-09-12T13:29:26.712382" elapsed="0.000441"/>
</iter>
<iter>
<kw name="Should Match Regexp" owner="BuiltIn">
<arg>${brief}</arg>
<arg>(?m)^${id}\\s+${name}\\s+active</arg>
<doc>Fails if ``string`` does not match ``pattern`` as a regular expression.</doc>
<status status="PASS" start="2026-09-12T13:29:26.712983" elapsed="0.000345"/>
</kw>
<var name="${id}">210</var>
<var name="${name}">L2-210</var>
<status status="PASS" start="2026-09-12T13:29:26.712904" elapsed="0.000459"/>
</iter>
<iter>
<kw name="Should Match Regexp" owner="BuiltIn">
<arg>${brief}</arg>
<arg>(?m)^${id}\\s+${name}\\s+active</arg>
<doc>Fails if ``string`` does not match ``pattern`` as a regular expression.</doc>
<status status="PASS" start="2026-09-12T13:29:26.713529" elapsed="0.000313"/>
</kw>
<var name="${id}">211</var>
<var name="${name}">L2-211</var>
<status status="PASS" start="2026-09-12T13:29:26.713443" elapsed="0.000427"/>
</iter>
<iter>
<kw name="Should Match Regexp" owner="BuiltIn">
<arg>${brief}</arg>
<arg>(?m)^${id}\\s+${name}\\s+active</arg>
<doc>Fails if ``string`` does not match ``pattern`` as a regular expression.</doc>
<status status="PASS" start="2026-09-12T13:29:26.714023" elapsed="0.000285"/>
</kw>
<var name="${id}">212</var>
<var name="${name}">L2-212</var>
<status status="PASS" start="2026-09-12T13:29:26.713933" elapsed="0.000413"/>
</iter>
<iter>
<kw name="Should Match Regexp" owner="BuiltIn">
<arg>${brief}</arg>
<arg>(?m)^${id}\\s+${name}\\s+active</arg>
<doc>Fails if ``string`` does not match ``pattern`` as a regular expression.</doc>
<status status="PASS" start="2026-09-12T13:29:26.714514" elapsed="0.000312"/>
</kw>
<var name="${id}">213</var>
<var name="${name}">L2-213</var>
<status status="PASS" start="2026-09-12T13:29:26.714444" elapsed="0.000412"/>
</iter>
<iter>
<kw name="Should Match Regexp" owner="BuiltIn">
<arg>${brief}</arg>
<arg>(?m)^${id}\\s+${name}\\s+active</arg>
<doc>Fails if ``string`` does not match ``pattern`` as a regular expression.</doc>
<status status="PASS" start="2026-09-12T13:29:26.715001" elapsed="0.000304"/>
</kw>
<var name="${id}">214</var>
<var name="${name}">L2-214</var>
<status status="PASS" start="2026-09-12T13:29:26.714920" elapsed="0.000411"/>
</iter>
<iter>
<kw name="Should Match Regexp" owner="BuiltIn">
<arg>${brief}</arg>
<arg>(?m)^${id}\\s+${name}\\s+active</arg>
<doc>Fails if ``string`` does not match ``pattern`` as a regular expression.</doc>
<status status="PASS" start="2026-09-12T13:29:26.715448" elapsed="0.000282"/>
</kw>
<var name="${id}">215</var>
<var name="${name}">L2-215</var>
<status status="PASS" start="2026-09-12T13:29:26.715393" elapsed="0.000364"/>
</iter>
<iter>
<kw name="Should Match Regexp" owner="BuiltIn">
<arg>${brief}</arg>
<arg>(?m)^${id}\\s+${name}\\s+active</arg>
<doc>Fails if ``string`` does not match ``pattern`` as a regular expression.</doc>
<status status="PASS" start="2026-09-12T13:29:26.715865" elapsed="0.000306"/>
</kw>
<var name="${id}">216</var>
<var name="${name}">L2-216</var>
<status status="PASS" start="2026-09-12T13:29:26.715818" elapsed="0.000378"/>
</iter>
<iter>
<kw name="Should Match Regexp" owner="BuiltIn">
<arg>${brief}</arg>
<arg>(?m)^${id}\\s+${name}\\s+active</arg>
<doc>Fails if ``string`` does not match ``pattern`` as a regular expression.</doc>
<status status="PASS" start="2026-09-12T13:29:26.716306" elapsed="0.000244"/>
</kw>
<var name="${id}">217</var>
<var name="${name}">L2-217</var>
<status status="PASS" start="2026-09-12T13:29:26.716258" elapsed="0.000324"/>
</iter>
<iter>
<kw name="Should Match Regexp" owner="BuiltIn">
<arg>${brief}</arg>
<arg>(?m)^${id}\\s+${name}\\s+active</arg>
<doc>Fails if ``string`` does not match ``pattern`` as a regular expression.</doc>
<status status="PASS" start="2026-09-12T13:29:26.716711" elapsed="0.000269"/>
</kw>
<var name="${id}">218</var>
<var name="${name}">L2-218</var>
<status status="PASS" start="2026-09-12T13:29:26.716657" elapsed="0.000363"/>
</iter>
<iter>
<kw name="Should Match Regexp" owner="BuiltIn">
<arg>${brief}</arg>
<arg>(?m)^${id}\\s+${name}\\s+active</arg>
<doc>Fails if ``string`` does not match ``pattern`` as a regular expression.</doc>
<status status="PASS" start="2026-09-12T13:29:26.717155" elapsed="0.000258"/>
</kw>
<var name="${id}">219</var>
<var name="${name}">L2-219</var>
<status status="PASS" start="2026-09-12T13:29:26.717101" elapsed="0.000339"/>
</iter>
<iter>
<kw name="Should Match Regexp" owner="BuiltIn">
<arg>${brief}</arg>
<arg>(?m)^${id}\\s+${name}\\s+active</arg>
<doc>Fails if ``string`` does not match ``pattern`` as a regular expression.</doc>
<status status="PASS" start="2026-09-12T13:29:26.717554" elapsed="0.000279"/>
</kw>
<var name="${id}">999</var>
<var name="${name}">QUARANTINE</var>
<status status="PASS" start="2026-09-12T13:29:26.717502" elapsed="0.000357"/>
</iter>
<var>${id}</var>
<var>${name}</var>
<value>&amp;{VLANS}</value>
<status status="PASS" start="2026-09-12T13:29:26.706563" elapsed="0.011317"/>
</for>
<var name="${sw}">sw1</var>
<status status="PASS" start="2026-09-12T13:29:26.208553" elapsed="0.509355"/>
</iter>
<iter>
<kw name="Show" owner="common">
<kw name="Switch Host" owner="common">
<kw name="Set Variable" owner="BuiltIn">
<msg time="2026-09-12T13:29:26.718777" level="INFO">${host} = 10.0.0.12</msg>
<var>${host}</var>
<arg>${SWITCHES}[${sw}][host]</arg>
<doc>Returns the given values which can then be assigned to a variables.</doc>
<status status="PASS" start="2026-09-12T13:29:26.718558" elapsed="0.000256"/>
</kw>
<return>
<value>${host}</value>
<status status="PASS" start="2026-09-12T13:29:26.718848" elapsed="0.000027"/>
</return>
<msg time="2026-09-12T13:29:26.718962" level="INFO">${host} = 10.0.0.12</msg>
<var>${host}</var>
<arg>${sw}</arg>
<status status="PASS" start="2026-09-12T13:29:26.718373" elapsed="0.000625"/>
</kw>
<kw name="Run Command" owner="LabLib">
<msg time="2026-09-12T13:29:27.215480" level="INFO" html="true">&lt;pre&gt;10.0.0.12# show vlan brief

VLAN Name                             Status    Ports
---- -------------------------------- --------- -------------------------------
1    default                          active    
10   USERS                            active    Gi1/0/2, Gi1/0/3
20   SERVERS                          active    Gi1/0/4
99   NATIVE                           active    
100  TRANSIT                          active    
110  L3-110                           active    
111  L3-111                           active    
112  L3-112                           active    
113  L3-113                           active    
114  L3-114                           active    
115  L3-115                           active    
116  L3-116                           active    
117  L3-117                           active    
118  L3-118                           active    
119  L3-119                           active    
210  L2-210                           active    
211  L2-211                           active    
212  L2-212                           active    
213  L2-213                           active    
214  L2-214                           active    
215  L2-215                           active    
216  L2-216                           active    
217  L2-217                           active    
218  L2-218                           active    
219  L2-219                           active    
999  QUARANTINE                       active    Gi1/0/5, Gi1/0/6, Gi1/0/7, Gi1/0/8
1002 fddi-default                     act/unsup 
1003 token-ring-default               act/unsup 
1004 fddinet-default                  act/unsup 
1005 trnet-default                    act/unsup &lt;/pre&gt;</msg>
<msg time="2026-09-12T13:29:27.215686" level="INFO">${out} = 
VLAN Name                             Status    Ports
---- -------------------------------- --------- -------------------------------
1    default                          active    
10   USERS      ...</msg>
<var>${out}</var>
<arg>${host}</arg>
<arg>${command}</arg>
<arg>${timeout}</arg>
<doc>Run a show/exec command on a switch over SSH and return its output.</doc>
<status status="PASS" start="2026-09-12T13:29:26.719080" elapsed="0.496633"/>
</kw>
<return>
<value>${out}</value>
<status status="PASS" start="2026-09-12T13:29:27.215790" elapsed="0.000047"/>
</return>
<msg time="2026-09-12T13:29:27.215982" level="INFO">${brief} = 
VLAN Name                             Status    Ports
---- -------------------------------- --------- -------------------------------
1    default                          active    
10   USERS      ...</msg>
<var>${brief}</var>
<arg>${sw}</arg>
<arg>show vlan brief</arg>
<doc>Run a show command on a switch by name.</doc>
<status status="PASS" start="2026-09-12T13:29:26.718131" elapsed="0.497876"/>
</kw>
<for flavor="IN">
<iter>
<kw name="Should Match Regexp" owner="BuiltIn">
<arg>${brief}</arg>
<arg>(?m)^${id}\\s+${name}\\s+active</arg>
<doc>Fails if ``string`` does not match ``pattern`` as a regular expression.</doc>
<status status="PASS" start="2026-09-12T13:29:27.216381" elapsed="0.000377"/>
</kw>
<var name="${id}">10</var>
<var name="${name}">USERS</var>
<status status="PASS" start="2026-09-12T13:29:27.216269" elapsed="0.000527"/>
</iter>
<iter>
<kw name="Should Match Regexp" owner="BuiltIn">
<arg>${brief}</arg>
<arg>(?m)^${id}\\s+${name}\\s+active</arg>
<doc>Fails if ``string`` does not match ``pattern`` as a regular expression.</doc>
<status status="PASS" start="2026-09-12T13:29:27.216961" elapsed="0.000292"/>
</kw>
<var name="${id}">20</var>
<var name="${name}">SERVERS</var>
<status status="PASS" start="2026-09-12T13:29:27.216891" elapsed="0.000395"/>
</iter>
<iter>
<kw name="Should Match Regexp" owner="BuiltIn">
<arg>${brief}</arg>
<arg>(?m)^${id}\\s+${name}\\s+active</arg>
<doc>Fails if ``string`` does not match ``pattern`` as a regular expression.</doc>
<status status="PASS" start="2026-09-12T13:29:27.217429" elapsed="0.000268"/>
</kw>
<var name="${id}">99</var>
<var name="${name}">NATIVE</var>
<status status="PASS" start="2026-09-12T13:29:27.217366" elapsed="0.000364"/>
</iter>
<iter>
<kw name="Should Match Regexp" owner="BuiltIn">
<arg>${brief}</arg>
<arg>(?m)^${id}\\s+${name}\\s+active</arg>
<doc>Fails if ``string`` does not match ``pattern`` as a regular expression.</doc>
<status status="PASS" start="2026-09-12T13:29:27.217875" elapsed="0.000274"/>
</kw>
<var name="${id}">100</var>
<var name="${name}">TRANSIT</var>
<status status="PASS" start="2026-09-12T13:29:27.217812" elapsed="0.000369"/>
</iter>
<iter>
<kw name="Should Match Regexp" owner="BuiltIn">
<arg>${brief}</arg>
<arg>(?m)^${id}\\s+${name}\\s+active</arg>
<doc>Fails if ``string`` does not match ``pattern`` as a regular expression.</doc>
<status status="PASS" start="2026-09-12T13:29:27.218327" elapsed="0.000267"/>
</kw>
<var name="${id}">110</var>
<var name="${name}">L3-110</var>
<status status="PASS" start="2026-09-12T13:29:27.218260" elapsed="0.000368"/>
</iter>
<iter>
<kw name="Should Match Regexp" owner="BuiltIn">
<arg>${brief}</arg>
<arg>(?m)^${id}\\s+${name}\\s+active</arg>
<doc>Fails if ``string`` does not match ``pattern`` as a regular expression.</doc>
<status status="PASS" start="2026-09-12T13:29:27.218775" elapsed="0.000284"/>
</kw>
<var name="${id}">111</var>
<var name="${name}">L3-111</var>
<status status="PASS" start="2026-09-12T13:29:27.218708" elapsed="0.000384"/>
</iter>
<iter>
<kw name="Should Match Regexp" owner="BuiltIn">
<arg>${brief}</arg>
<arg>(?m)^${id}\\s+${name}\\s+active</arg>
<doc>Fails if ``string`` does not match ``pattern`` as a regular expression.</doc>
<status status="PASS" start="2026-09-12T13:29:27.219239" elapsed="0.000263"/>
</kw>
<var name="${id}">112</var>
<var name="${name}">L3-112</var>
<status status="PASS" start="2026-09-12T13:29:27.219171" elapsed="0.000362"/>
</iter>
<iter>
<kw name="Should Match Regexp" owner="BuiltIn">
<arg>${brief}</arg>
<arg>(?m)^${id}\\s+${name}\\s+active</arg>
<doc>Fails if ``string`` does not match ``pattern`` as a regular expression.</doc>
<status status="PASS" start="2026-09-12T13:29:27.219676" elapsed="0.000259"/>
</kw>
<var name="${id}">113</var>
<var name="${name}">L3-113</var>
<status status="PASS" start="2026-09-12T13:29:27.219614" elapsed="0.000353"/>
</iter>
<iter>
<kw name="Should Match Regexp" owner="BuiltIn">
<arg>${brief}</arg>
<arg>(?m)^${id}\\s+${name}\\s+active</arg>
<doc>Fails if ``string`` does not match ``pattern`` as a regular expression.</doc>
<status status="PASS" start="2026-09-12T13:29:27.220126" elapsed="0.000264"/>
</kw>
<var name="${id}">114</var>
<var name="${name}">L3-114</var>
<status status="PASS" start="2026-09-12T13:29:27.220060" elapsed="0.000362"/>
</iter>
<iter>
<kw name="Should Match Regexp" owner="BuiltIn">
<arg>${brief}</arg>
<arg>(?m)^${id}\\s+${name}\\s+active</arg>
<doc>Fails if ``string`` does not match ``pattern`` as a regular expression.</doc>
<status status="PASS" start="2026-09-12T13:29:27.220561" elapsed="0.000275"/>
</kw>
<var name="${id}">115</var>
<var name="${name}">L3-115</var>
<status status="PASS" start="2026-09-12T13:29:27.220501" elapsed="0.000367"/>
</iter>
<iter>
<kw name="Should Match Regexp" owner="BuiltIn">
<arg>${brief}</arg>
<arg>(?m)^${id}\\s+${name}\\s+active</arg>
<doc>Fails if ``string`` does not match ``pattern`` as a regular expression.</doc>
<status status="PASS" start="2026-09-12T13:29:27.221021" elapsed="0.000264"/>
</kw>
<var name="${id}">116</var>
<var name="${name}">L3-116</var>
<status status="PASS" start="2026-09-12T13:29:27.220944" elapsed="0.000373"/>
</iter>
<iter>
<kw name="Should Match Regexp" owner="BuiltIn">
<arg>${brief}</arg>
<arg>(?m)^${id}\\s+${name}\\s+active</arg>
<doc>Fails if ``string`` does not match ``pattern`` as a regular expression.</doc>
<status status="PASS" start="2026-09-12T13:29:27.221477" elapsed="0.000271"/>
</kw>
<var name="${id}">117</var>
<var name="${name}">L3-117</var>
<status status="PASS" start="2026-09-12T13:29:27.221415" elapsed="0.000365"/>
</iter>
<iter>
<kw name="Should Match Regexp" owner="BuiltIn">
<arg>${brief}</arg>
<arg>(?m)^${id}\\s+${name}\\s+active</arg>
<doc>Fails if ``string`` does not match ``pattern`` as a regular expression.</doc>
<status status="PASS" start="2026-09-12T13:29:27.221922" elapsed="0.000274"/>
</kw>
<var name="${id}">118</var>
<var name="${name}">L3-118</var>
<status status="PASS" start="2026-09-12T13:29:27.221859" elapsed="0.000369"/>
</iter>
<iter>
<kw name="Should Match Regexp" owner="BuiltIn">
<arg>${brief}</arg>
<arg>(?m)^${id}\\s+${name}\\s+active</arg>
<doc>Fails if ``string`` does not match ``pattern`` as a regular expression.</doc>
<status status="PASS" start="2026-09-12T13:29:27.222367" elapsed="0.000282"/>
</kw>
<var name="${id}">119</var>
<var name="${name}">L3-119</var>
<status status="PASS" start="2026-09-12T13:29:27.222304" elapsed="0.000378"/>
</iter>
<iter>
<kw name="Should Match Regexp" owner="BuiltIn">
<arg>${brief}</arg>
<arg>(?m)^${id}\\s+${name}\\s+active</arg>
<doc>Fails if ``string`` does not match ``pattern`` as a regular expression.</doc>
<status status="PASS" start="2026-09-12T13:29:27.222829" elapsed="0.000275"/>
</kw>
<var name="${id}">210</var>
<var name="${name}">L2-210</var>
<status status="PASS" start="2026-09-12T13:29:27.222762" elapsed="0.000375"/>
</iter>
<iter>
<kw name="Should Match Regexp" owner="BuiltIn">
<arg>${brief}</arg>
<arg>(?m)^${id}\\s+${name}\\s+active</arg>
<doc>Fails if ``string`` does not match ``pattern`` as a regular expression.</doc>
<status status="PASS" start="2026-09-12T13:29:27.223279" elapsed="0.000261"/>
</kw>
<var name="${id}">211</var>
<var name="${name}">L2-211</var>
<status status="PASS" start="2026-09-12T13:29:27.223213" elapsed="0.000361"/>
</iter>
<iter>
<kw name="Should Match Regexp" owner="BuiltIn">
<arg>${brief}</arg>
<arg>(?m)^${id}\\s+${name}\\s+active</arg>
<doc>Fails if ``string`` does not match ``pattern`` as a regular expression.</doc>
<status status="PASS" start="2026-09-12T13:29:27.223716" elapsed="0.000274"/>
</kw>
<var name="${id}">212</var>
<var name="${name}">L2-212</var>
<status status="PASS" start="2026-09-12T13:29:27.223654" elapsed="0.000370"/>
</iter>
<iter>
<kw name="Should Match Regexp" owner="BuiltIn">
<arg>${brief}</arg>
<arg>(?m)^${id}\\s+${name}\\s+active</arg>
<doc>Fails if ``string`` does not match ``pattern`` as a regular expression.</doc>
<status status="PASS" start="2026-09-12T13:29:27.224163" elapsed="0.000265"/>
</kw>
<var name="${id}">213</var>
<var name="${name}">L2-213</var>
<status status="PASS" start="2026-09-12T13:29:27.224102" elapsed="0.000358"/>
</iter>
<iter>
<kw name="Should Match Regexp" owner="BuiltIn">
<arg>${brief}</arg>
<arg>(?m)^${id}\\s+${name}\\s+active</arg>
<doc>Fails if ``string`` does not match ``pattern`` as a regular expression.</doc>
<status status="PASS" start="2026-09-12T13:29:27.224609" elapsed="0.000264"/>
</kw>
<var name="${id}">214</var>
<var name="${name}">L2-214</var>
<status status="PASS" start="2026-09-12T13:29:27.224541" elapsed="0.000364"/>
</iter>
<iter>
<kw name="Should Match Regexp" owner="BuiltIn">
<arg>${brief}</arg>
<arg>(?m)^${id}\\s+${name}\\s+active</arg>
<doc>Fails if ``string`` does not match ``pattern`` as a regular expression.</doc>
<status status="PASS" start="2026-09-12T13:29:27.225053" elapsed="0.000274"/>
</kw>
<var name="${id}">215</var>
<var name="${name}">L2-215</var>
<status status="PASS" start="2026-09-12T13:29:27.224990" elapsed="0.000370"/>
</iter>
<iter>
<kw name="Should Match Regexp" owner="BuiltIn">
<arg>${brief}</arg>
<arg>(?m)^${id}\\s+${name}\\s+active</arg>
<doc>Fails if ``string`` does not match ``pattern`` as a regular expression.</doc>
<status status="PASS" start="2026-09-12T13:29:27.225497" elapsed="0.000273"/>
</kw>
<var name="${id}">216</var>
<var name="${name}">L2-216</var>
<status status="PASS" start="2026-09-12T13:29:27.225436" elapsed="0.000365"/>
</iter>
<iter>
<kw name="Should Match Regexp" owner="BuiltIn">
<arg>${brief}</arg>
<arg>(?m)^${id}\\s+${name}\\s+active</arg>
<doc>Fails if ``string`` does not match ``pattern`` as a regular expression.</doc>
<status status="PASS" start="2026-09-12T13:29:27.225947" elapsed="0.000278"/>
</kw>
<var name="${id}">217</var>
<var name="${name}">L2-217</var>
<status status="PASS" start="2026-09-12T13:29:27.225883" elapsed="0.000373"/>
</iter>
<iter>
<kw name="Should Match Regexp" owner="BuiltIn">
<arg>${brief}</arg>
<arg>(?m)^${id}\\s+${name}\\s+active</arg>
<doc>Fails if ``string`` does not match ``pattern`` as a regular expression.</doc>
<status status="PASS" start="2026-09-12T13:29:27.226392" elapsed="0.000268"/>
</kw>
<var name="${id}">218</var>
<var name="${name}">L2-218</var>
<status status="PASS" start="2026-09-12T13:29:27.226332" elapsed="0.000360"/>
</iter>
<iter>
<kw name="Should Match Regexp" owner="BuiltIn">
<arg>${brief}</arg>
<arg>(?m)^${id}\\s+${name}\\s+active</arg>
<doc>Fails if ``string`` does not match ``pattern`` as a regular expression.</doc>
<status status="PASS" start="2026-09-12T13:29:27.226835" elapsed="0.000301"/>
</kw>
<var name="${id}">219</var>
<var name="${name}">L2-219</var>
<status status="PASS" start="2026-09-12T13:29:27.226769" elapsed="0.000411"/>
</iter>
<iter>
<kw name="Should Match Regexp" owner="BuiltIn">
<arg>${brief}</arg>
[...]
<status status="PASS" start="2026-09-12T13:31:55.468473" elapsed="0.000110"/>
</kw>
<var name="${p}">{'prefix': '10.116.0.0/24'}</var>
<status status="PASS" start="2026-09-12T13:31:55.468429" elapsed="0.000177"/>
</iter>
<iter>
<kw name="Append To List" owner="Collections">
<arg>${adv}</arg>
<arg>${p}[prefix]</arg>
<doc>Adds ``values`` to the end of ``list``.</doc>
<status status="PASS" start="2026-09-12T13:31:55.468707" elapsed="0.000111"/>
</kw>
<var name="${p}">{'prefix': '10.117.0.0/24'}</var>
<status status="PASS" start="2026-09-12T13:31:55.468664" elapsed="0.000177"/>
</iter>
<iter>
<kw name="Append To List" owner="Collections">
<arg>${adv}</arg>
<arg>${p}[prefix]</arg>
<doc>Adds ``values`` to the end of ``list``.</doc>
<status status="PASS" start="2026-09-12T13:31:55.468930" elapsed="0.000140"/>
</kw>
<var name="${p}">{'prefix': '10.118.0.0/24'}</var>
<status status="PASS" start="2026-09-12T13:31:55.468888" elapsed="0.000205"/>
</iter>
<iter>
<kw name="Append To List" owner="Collections">
<arg>${adv}</arg>
<arg>${p}[prefix]</arg>
<doc>Adds ``values`` to the end of ``list``.</doc>
<status status="PASS" start="2026-09-12T13:31:55.469210" elapsed="0.000127"/>
</kw>
<var name="${p}">{'prefix': '10.119.0.0/24'}</var>
<status status="PASS" start="2026-09-12T13:31:55.469161" elapsed="0.000208"/>
</iter>
<iter>
<kw name="Append To List" owner="Collections">
<arg>${adv}</arg>
<arg>${p}[prefix]</arg>
<doc>Adds ``values`` to the end of ``list``.</doc>
<status status="PASS" start="2026-09-12T13:31:55.469464" elapsed="0.000120"/>
</kw>
<var name="${p}">{'prefix': '10.255.0.1/32'}</var>
<status status="PASS" start="2026-09-12T13:31:55.469419" elapsed="0.000188"/>
</iter>
<iter>
<kw name="Append To List" owner="Collections">
<arg>${adv}</arg>
<arg>${p}[prefix]</arg>
<doc>Adds ``values`` to the end of ``list``.</doc>
<status status="PASS" start="2026-09-12T13:31:55.469696" elapsed="0.000099"/>
</kw>
<var name="${p}">{'prefix': '10.255.0.2/32'}</var>
<status status="PASS" start="2026-09-12T13:31:55.469655" elapsed="0.000162"/>
</iter>
<var>${p}</var>
<value>@{d}[prefixes]</value>
<status status="PASS" start="2026-09-12T13:31:55.466081" elapsed="0.003753"/>
</for>
<for flavor="IN">
<iter>
<for flavor="IN">
<iter>
<kw name="List Should Contain Value" owner="Collections">
<arg>${adv}</arg>
<arg>${net}</arg>
<arg>msg=${net} not tagged bgp:advertise in Nautobot</arg>
<doc>Fails if the ``value`` is not found from ``list``.</doc>
<status status="PASS" start="2026-09-12T13:31:55.470148" elapsed="0.000421"/>
</kw>
<var name="${net}">10.255.0.1/32</var>
<status status="PASS" start="2026-09-12T13:31:55.470085" elapsed="0.000524"/>
</iter>
<iter>
<kw name="List Should Contain Value" owner="Collections">
<arg>${adv}</arg>
<arg>${net}</arg>
<arg>msg=${net} not tagged bgp:advertise in Nautobot</arg>
<doc>Fails if the ``value`` is not found from ``list``.</doc>
<status status="PASS" start="2026-09-12T13:31:55.470717" elapsed="0.000171"/>
</kw>
<var name="${net}">10.10.0.0/24</var>
<status status="PASS" start="2026-09-12T13:31:55.470668" elapsed="0.000245"/>
</iter>
<iter>
<kw name="List Should Contain Value" owner="Collections">
<arg>${adv}</arg>
<arg>${net}</arg>
<arg>msg=${net} not tagged bgp:advertise in Nautobot</arg>
<doc>Fails if the ``value`` is not found from ``list``.</doc>
<status status="PASS" start="2026-09-12T13:31:55.471025" elapsed="0.000173"/>
</kw>
<var name="${net}">10.110.0.0/24</var>
<status status="PASS" start="2026-09-12T13:31:55.470967" elapsed="0.000257"/>
</iter>
<iter>
<kw name="List Should Contain Value" owner="Collections">
<arg>${adv}</arg>
<arg>${net}</arg>
<arg>msg=${net} not tagged bgp:advertise in Nautobot</arg>
<doc>Fails if the ``value`` is not found from ``list``.</doc>
<status status="PASS" start="2026-09-12T13:31:55.471321" elapsed="0.000149"/>
</kw>
<var name="${net}">10.111.0.0/24</var>
<status status="PASS" start="2026-09-12T13:31:55.471276" elapsed="0.000226"/>
</iter>
<iter>
<kw name="List Should Contain Value" owner="Collections">
<arg>${adv}</arg>
<arg>${net}</arg>
<arg>msg=${net} not tagged bgp:advertise in Nautobot</arg>
<doc>Fails if the ``value`` is not found from ``list``.</doc>
<status status="PASS" start="2026-09-12T13:31:55.471616" elapsed="0.000160"/>
</kw>
<var name="${net}">10.112.0.0/24</var>
<status status="PASS" start="2026-09-12T13:31:55.471569" elapsed="0.000233"/>
</iter>
<iter>
<kw name="List Should Contain Value" owner="Collections">
<arg>${adv}</arg>
<arg>${net}</arg>
<arg>msg=${net} not tagged bgp:advertise in Nautobot</arg>
<doc>Fails if the ``value`` is not found from ``list``.</doc>
<status status="PASS" start="2026-09-12T13:31:55.471894" elapsed="0.000160"/>
</kw>
<var name="${net}">10.113.0.0/24</var>
<status status="PASS" start="2026-09-12T13:31:55.471850" elapsed="0.000230"/>
</iter>
<iter>
<kw name="List Should Contain Value" owner="Collections">
<arg>${adv}</arg>
<arg>${net}</arg>
<arg>msg=${net} not tagged bgp:advertise in Nautobot</arg>
<doc>Fails if the ``value`` is not found from ``list``.</doc>
<status status="PASS" start="2026-09-12T13:31:55.472187" elapsed="0.000147"/>
</kw>
<var name="${net}">10.114.0.0/24</var>
<status status="PASS" start="2026-09-12T13:31:55.472140" elapsed="0.000219"/>
</iter>
<var>${net}</var>
<value>@{BGP_NETWORKS}[${sw}]</value>
<status status="PASS" start="2026-09-12T13:31:55.470000" elapsed="0.002377"/>
</for>
<var name="${sw}">sw1</var>
<status status="PASS" start="2026-09-12T13:31:55.469971" elapsed="0.002424"/>
</iter>
<iter>
<for flavor="IN">
<iter>
<kw name="List Should Contain Value" owner="Collections">
<arg>${adv}</arg>
<arg>${net}</arg>
<arg>msg=${net} not tagged bgp:advertise in Nautobot</arg>
<doc>Fails if the ``value`` is not found from ``list``.</doc>
<status status="PASS" start="2026-09-12T13:31:55.472633" elapsed="0.000156"/>
</kw>
<var name="${net}">10.255.0.2/32</var>
<status status="PASS" start="2026-09-12T13:31:55.472568" elapsed="0.000245"/>
</iter>
<iter>
<kw name="List Should Contain Value" owner="Collections">
<arg>${adv}</arg>
<arg>${net}</arg>
<arg>msg=${net} not tagged bgp:advertise in Nautobot</arg>
<doc>Fails if the ``value`` is not found from ``list``.</doc>
<status status="PASS" start="2026-09-12T13:31:55.472908" elapsed="0.000163"/>
</kw>
<var name="${net}">10.20.0.0/24</var>
<status status="PASS" start="2026-09-12T13:31:55.472865" elapsed="0.000230"/>
</iter>
<iter>
<kw name="List Should Contain Value" owner="Collections">
<arg>${adv}</arg>
<arg>${net}</arg>
<arg>msg=${net} not tagged bgp:advertise in Nautobot</arg>
<doc>Fails if the ``value`` is not found from ``list``.</doc>
<status status="PASS" start="2026-09-12T13:31:55.473206" elapsed="0.000144"/>
</kw>
<var name="${net}">10.115.0.0/24</var>
<status status="PASS" start="2026-09-12T13:31:55.473161" elapsed="0.000213"/>
</iter>
<iter>
<kw name="List Should Contain Value" owner="Collections">
<arg>${adv}</arg>
<arg>${net}</arg>
<arg>msg=${net} not tagged bgp:advertise in Nautobot</arg>
<doc>Fails if the ``value`` is not found from ``list``.</doc>
<status status="PASS" start="2026-09-12T13:31:55.473461" elapsed="0.000145"/>
</kw>
<var name="${net}">10.116.0.0/24</var>
<status status="PASS" start="2026-09-12T13:31:55.473419" elapsed="0.000211"/>
</iter>
<iter>
<kw name="List Should Contain Value" owner="Collections">
<arg>${adv}</arg>
<arg>${net}</arg>
<arg>msg=${net} not tagged bgp:advertise in Nautobot</arg>
<doc>Fails if the ``value`` is not found from ``list``.</doc>
<status status="PASS" start="2026-09-12T13:31:55.473741" elapsed="0.000159"/>
</kw>
<var name="${net}">10.117.0.0/24</var>
<status status="PASS" start="2026-09-12T13:31:55.473677" elapsed="0.000249"/>
</iter>
<iter>
<kw name="List Should Contain Value" owner="Collections">
<arg>${adv}</arg>
<arg>${net}</arg>
<arg>msg=${net} not tagged bgp:advertise in Nautobot</arg>
<doc>Fails if the ``value`` is not found from ``list``.</doc>
<status status="PASS" start="2026-09-12T13:31:55.474023" elapsed="0.000161"/>
</kw>
<var name="${net}">10.118.0.0/24</var>
<status status="PASS" start="2026-09-12T13:31:55.473971" elapsed="0.000243"/>
</iter>
<iter>
<kw name="List Should Contain Value" owner="Collections">
<arg>${adv}</arg>
<arg>${net}</arg>
<arg>msg=${net} not tagged bgp:advertise in Nautobot</arg>
<doc>Fails if the ``value`` is not found from ``list``.</doc>
<status status="PASS" start="2026-09-12T13:31:55.474313" elapsed="0.000149"/>
</kw>
<var name="${net}">10.119.0.0/24</var>
<status status="PASS" start="2026-09-12T13:31:55.474264" elapsed="0.000222"/>
</iter>
<var>${net}</var>
<value>@{BGP_NETWORKS}[${sw}]</value>
<status status="PASS" start="2026-09-12T13:31:55.472479" elapsed="0.002024"/>
</for>
<var name="${sw}">sw2</var>
<status status="PASS" start="2026-09-12T13:31:55.472460" elapsed="0.002062"/>
</iter>
<var>${sw}</var>
<value>@{SWITCH_NAMES}</value>
<status status="PASS" start="2026-09-12T13:31:55.469869" elapsed="0.004668"/>
</for>
<status status="PASS" start="2026-09-12T13:31:54.910723" elapsed="0.563877"/>
</test>
<test id="s1-s9-t13" name="Live BGP sessions match the peerings modelled in Nautobot" line="144">
<kw name="Nautobot Graphql" owner="LabLib">
<msg time="2026-09-12T13:31:55.503160" level="INFO">GraphQL { bgp_routing_instances { device { name } endpoints { peer { source_ip { address } autonomous_system { asn } } } } }
-&gt; 200 {"data":{"bgp_routing_instances":[{"device":{"name":"sw1"},"endpoints":[{"peer":{"source_ip":{"address":"10.100.0.2/30"},"autonomous_system":{"asn":65000}}}]},{"device":{"name":"sw2"},"endpoints":[{"peer":{"source_ip":{"address":"10.100.0.1/30"},"autonomous_system":{"asn":65000}}}]}]}}</msg>
<msg time="2026-09-12T13:31:55.503404" level="INFO">${d} = {'bgp_routing_instances': [{'device': {'name': 'sw1'}, 'endpoints': [{'peer': {'source_ip': {'address': '10.100.0.2/30'}, 'autonomous_system': {'asn': 65000}}}]}, {'device': {'name': 'sw2'}, 'endpoint...</msg>
<var>${d}</var>
<arg>{ bgp_routing_instances { device { name } endpoints { peer { source_ip { address } autonomous_system { asn } } } } }</arg>
<status status="PASS" start="2026-09-12T13:31:55.474944" elapsed="0.028483"/>
</kw>
<for flavor="IN">
<iter>
<kw name="Set Variable" owner="BuiltIn">
<msg time="2026-09-12T13:31:55.504017" level="INFO">${sw} = sw1</msg>
<var>${sw}</var>
<arg>${ri}[device][name]</arg>
<doc>Returns the given values which can then be assigned to a variables.</doc>
<status status="PASS" start="2026-09-12T13:31:55.503756" elapsed="0.000280"/>
</kw>
<kw name="Show" owner="common">
<kw name="Switch Host" owner="common">
<kw name="Set Variable" owner="BuiltIn">
<msg time="2026-09-12T13:31:55.504804" level="INFO">${host} = 10.0.0.11</msg>
<var>${host}</var>
<arg>${SWITCHES}[${sw}][host]</arg>
<doc>Returns the given values which can then be assigned to a variables.</doc>
<status status="PASS" start="2026-09-12T13:31:55.504594" elapsed="0.000229"/>
</kw>
<return>
<value>${host}</value>
<status status="PASS" start="2026-09-12T13:31:55.504856" elapsed="0.000029"/>
</return>
<msg time="2026-09-12T13:31:55.504965" level="INFO">${host} = 10.0.0.11</msg>
<var>${host}</var>
<arg>${sw}</arg>
<status status="PASS" start="2026-09-12T13:31:55.504425" elapsed="0.000566"/>
</kw>
<kw name="Run Command" owner="LabLib">
<msg time="2026-09-12T13:31:56.001372" level="INFO" html="true">&lt;pre&gt;10.0.0.11# show bgp ipv4 unicast summary | begin Neighbor
Neighbor        V           AS MsgRcvd MsgSent   TblVer  InQ OutQ Up/Down  State/PfxRcd
10.100.0.2      4        65000     203     202       57    0    0 03:00:50        7&lt;/pre&gt;</msg>
<msg time="2026-09-12T13:31:56.001560" level="INFO">${out} = Neighbor        V           AS MsgRcvd MsgSent   TblVer  InQ OutQ Up/Down  State/PfxRcd
10.100.0.2      4        65000     203     202       57    0    0 03:00:50        7</msg>
<var>${out}</var>
<arg>${host}</arg>
<arg>${command}</arg>
<arg>${timeout}</arg>
<doc>Run a show/exec command on a switch over SSH and return its output.</doc>
<status status="PASS" start="2026-09-12T13:31:55.505052" elapsed="0.496537"/>
</kw>
<return>
<value>${out}</value>
<status status="PASS" start="2026-09-12T13:31:56.001669" elapsed="0.000053"/>
</return>
<msg time="2026-09-12T13:31:56.001864" level="INFO">${sum} = Neighbor        V           AS MsgRcvd MsgSent   TblVer  InQ OutQ Up/Down  State/PfxRcd
10.100.0.2      4        65000     203     202       57    0    0 03:00:50        7</msg>
<var>${sum}</var>
<arg>${sw}</arg>
<arg>show bgp ipv4 unicast summary | begin Neighbor</arg>
<doc>Run a show command on a switch by name.</doc>
<status status="PASS" start="2026-09-12T13:31:55.504157" elapsed="0.497731"/>
</kw>
<for flavor="IN">
<iter>
<kw name="Fetch From Left" owner="String">
<msg time="2026-09-12T13:31:56.002481" level="INFO">${peer_ip} = 10.100.0.2</msg>
<var>${peer_ip}</var>
<arg>${ep}[peer][source_ip][address]</arg>
<arg>/</arg>
<doc>Returns contents of the ``string`` before the first occurrence of ``marker``.</doc>
<status status="PASS" start="2026-09-12T13:31:56.002249" elapsed="0.000260"/>
</kw>
<kw name="Should Match Regexp" owner="BuiltIn">
<arg>${sum}</arg>
<arg>(?m)^${peer_ip}\\s+4\\s+${ep}[peer][autonomous_system][asn]\\s+.*\\s\\d+\\s*$</arg>
<arg>msg=${sw}: session to ${peer_ip} not Established</arg>
<doc>Fails if ``string`` does not match ``pattern`` as a regular expression.</doc>
<status status="PASS" start="2026-09-12T13:31:56.002612" elapsed="0.000468"/>
</kw>
<var name="${ep}">{'peer': {'source_ip': {'address': '10.100.0.2/30'}, 'autonomous_system': {'asn': 65000}}}</var>
<status status="PASS" start="2026-09-12T13:31:56.002126" elapsed="0.000991"/>
</iter>
<var>${ep}</var>
<value>@{ri}[endpoints]</value>
<status status="PASS" start="2026-09-12T13:31:56.001951" elapsed="0.001201"/>
</for>
<var name="${ri}">{'device': {'name': 'sw1'}, 'endpoints': [{'peer': {'source_ip': {'address': '10.100.0.2/30'}, 'autonomous_system': {'asn': 65000}}}]}</var>
<status status="PASS" start="2026-09-12T13:31:55.503657" elapsed="0.499530"/>
</iter>
<iter>
<kw name="Set Variable" owner="BuiltIn">
<msg time="2026-09-12T13:31:56.003640" level="INFO">${sw} = sw2</msg>
<var>${sw}</var>
<arg>${ri}[device][name]</arg>
<doc>Returns the given values which can then be assigned to a variables.</doc>
<status status="PASS" start="2026-09-12T13:31:56.003388" elapsed="0.000277"/>
</kw>
<kw name="Show" owner="common">
<kw name="Switch Host" owner="common">
<kw name="Set Variable" owner="BuiltIn">
<msg time="2026-09-12T13:31:56.004644" level="INFO">${host} = 10.0.0.12</msg>
<var>${host}</var>
<arg>${SWITCHES}[${sw}][host]</arg>
<doc>Returns the given values which can then be assigned to a variables.</doc>
<status status="PASS" start="2026-09-12T13:31:56.004374" elapsed="0.000297"/>
</kw>
<return>
<value>${host}</value>
<status status="PASS" start="2026-09-12T13:31:56.004716" elapsed="0.000033"/>
</return>
<msg time="2026-09-12T13:31:56.004866" level="INFO">${host} = 10.0.0.12</msg>
<var>${host}</var>
<arg>${sw}</arg>
<status status="PASS" start="2026-09-12T13:31:56.004143" elapsed="0.000744"/>
</kw>
<kw name="Run Command" owner="LabLib">
<msg time="2026-09-12T13:31:57.517156" level="INFO" html="true">&lt;pre&gt;10.0.0.12# show bgp ipv4 unicast summary | begin Neighbor
Neighbor        V           AS MsgRcvd MsgSent   TblVer  InQ OutQ Up/Down  State/PfxRcd
10.100.0.1      4        65000     202     203       15    0    0 03:00:43        7&lt;/pre&gt;</msg>
<msg time="2026-09-12T13:31:57.517309" level="INFO">${out} = Neighbor        V           AS MsgRcvd MsgSent   TblVer  InQ OutQ Up/Down  State/PfxRcd
10.100.0.1      4        65000     202     203       15    0    0 03:00:43        7</msg>
<var>${out}</var>
<arg>${host}</arg>
<arg>${command}</arg>
<arg>${timeout}</arg>
<doc>Run a show/exec command on a switch over SSH and return its output.</doc>
<status status="PASS" start="2026-09-12T13:31:56.004985" elapsed="1.512346"/>
</kw>
<return>
<value>${out}</value>
<status status="PASS" start="2026-09-12T13:31:57.517392" elapsed="0.000042"/>
</return>
<msg time="2026-09-12T13:31:57.517544" level="INFO">${sum} = Neighbor        V           AS MsgRcvd MsgSent   TblVer  InQ OutQ Up/Down  State/PfxRcd
10.100.0.1      4        65000     202     203       15    0    0 03:00:43        7</msg>
<var>${sum}</var>
<arg>${sw}</arg>
<arg>show bgp ipv4 unicast summary | begin Neighbor</arg>
<doc>Run a show command on a switch by name.</doc>
<status status="PASS" start="2026-09-12T13:31:56.003824" elapsed="1.513736"/>
</kw>
<for flavor="IN">
<iter>
<kw name="Fetch From Left" owner="String">
<msg time="2026-09-12T13:31:57.518040" level="INFO">${peer_ip} = 10.100.0.1</msg>
<var>${peer_ip}</var>
<arg>${ep}[peer][source_ip][address]</arg>
<arg>/</arg>
<doc>Returns contents of the ``string`` before the first occurrence of ``marker``.</doc>
<status status="PASS" start="2026-09-12T13:31:57.517815" elapsed="0.000249"/>
</kw>
<kw name="Should Match Regexp" owner="BuiltIn">
<arg>${sum}</arg>
<arg>(?m)^${peer_ip}\\s+4\\s+${ep}[peer][autonomous_system][asn]\\s+.*\\s\\d+\\s*$</arg>
<arg>msg=${sw}: session to ${peer_ip} not Established</arg>
<doc>Fails if ``string`` does not match ``pattern`` as a regular expression.</doc>
<status status="PASS" start="2026-09-12T13:31:57.518158" elapsed="0.000333"/>
</kw>
<var name="${ep}">{'peer': {'source_ip': {'address': '10.100.0.1/30'}, 'autonomous_system': {'asn': 65000}}}</var>
<status status="PASS" start="2026-09-12T13:31:57.517724" elapsed="0.000795"/>
</iter>
<var>${ep}</var>
<value>@{ri}[endpoints]</value>
<status status="PASS" start="2026-09-12T13:31:57.517605" elapsed="0.000935"/>
</for>
<var name="${ri}">{'device': {'name': 'sw2'}, 'endpoints': [{'peer': {'source_ip': {'address': '10.100.0.1/30'}, 'autonomous_system': {'asn': 65000}}}]}</var>
<status status="PASS" start="2026-09-12T13:31:56.003314" elapsed="1.515247"/>
</iter>
<var>${ri}</var>
<value>@{d}[bgp_routing_instances]</value>
<status status="PASS" start="2026-09-12T13:31:55.503493" elapsed="2.015086"/>
</for>
<status status="PASS" start="2026-09-12T13:31:55.474719" elapsed="2.043929"/>
</test>
<kw name="Suite Teardown Close Connections" owner="common" type="TEARDOWN">
<kw name="Close All Connections" owner="LabLib">
<status status="PASS" start="2026-09-12T13:31:57.519074" elapsed="0.020918"/>
</kw>
<status status="PASS" start="2026-09-12T13:31:57.518914" elapsed="0.021158"/>
</kw>
<doc>Nautobot on the NMS: service health, apps, and the lab as modelled in it — Nautobot is the
source of truth for nac/data/devices.nac.yaml and must match both that file and the devices.</doc>
<status status="FAIL" start="2026-09-12T13:31:48.244643" elapsed="9.295457"/>
</suite>
<status status="FAIL" start="2026-09-12T13:29:05.990116" elapsed="171.550650"/>
</suite>
<statistics>
<total>
<stat pass="57" fail="4" skip="0">All Tests</stat>
</total>
<tag>
<stat pass="1" fail="0" skip="0">internet</stat>
<stat pass="3" fail="0" skip="0">nac</stat>
<stat pass="1" fail="0" skip="0">slow</stat>
</tag>
<suite>
<stat name="cat9000v lab" id="s1" pass="57" fail="4" skip="0">cat9000v lab</stat>
<stat name="01 Management" id="s1-s1" pass="3" fail="2" skip="0">cat9000v lab.01 Management</stat>
<stat name="02 Layer2" id="s1-s2" pass="7" fail="0" skip="0">cat9000v lab.02 Layer2</stat>
<stat name="03 Layer3" id="s1-s3" pass="7" fail="0" skip="0">cat9000v lab.03 Layer3</stat>
<stat name="04 Services" id="s1-s4" pass="5" fail="0" skip="0">cat9000v lab.04 Services</stat>
<stat name="05 Nac Compliance" id="s1-s5" pass="2" fail="0" skip="0">cat9000v lab.05 Nac Compliance</stat>
<stat name="06 Vlans" id="s1-s6" pass="7" fail="0" skip="0">cat9000v lab.06 Vlans</stat>
<stat name="07 Hosts" id="s1-s7" pass="7" fail="0" skip="0">cat9000v lab.07 Hosts</stat>
<stat name="08 Hardening" id="s1-s8" pass="7" fail="1" skip="0">cat9000v lab.08 Hardening</stat>
<stat name="09 Nautobot" id="s1-s9" pass="12" fail="1" skip="0">cat9000v lab.09 Nautobot</stat>
</suite>
</statistics>
<errors>
</errors>
</robot>
