<?xml version="1.0" encoding="UTF-8"?>
<robot generator="Robot 7.4.2 (Python 3.14.4 on linux)" generated="2026-09-12T12:17:45.932743" rpa="false" schemaversion="5">
<suite id="s1" name="cat9000v lab" source="/home/dcantor/cat9000v/tests/suites">
<suite id="s1-s1" name="09 Nautobot" source="/home/dcantor/cat9000v/tests/suites/09_nautobot.robot">
<test id="s1-s1-t1" name="Nautobot is healthy with a Celery worker" line="8">
<kw name="Nautobot Get" owner="LabLib">
<msg time="2026-09-12T12:17:46.699457" level="INFO" html="true">&lt;pre&gt;nms$ grep ^NAUTOBOT_SUPERUSER_API_TOKEN /opt/nautobot/.env | cut -d= -f2
rc=0
5836bb41b6d2bbda3f3398936a8d33b58d3f8e6c
&lt;/pre&gt;</msg>
<msg time="2026-09-12T12:17:47.713890" level="INFO">GET http://10.0.0.10:8080/api/status/ -&gt; 200
{"django-version":"5.2.17","installed-apps":{"constance":null,"corsheaders":null,"db_file_storage":null,"django.contrib.admin":null,"django.contrib.auth":null,"django.contrib.contenttypes":null,"django.contrib.humanize":null,"django.contrib.messages":null,"django.contrib.sessions":null,"django.contrib.staticfiles":null,"django_ajax_tables":null,"django_celery_beat":"2.9.0..","django_celery_results":"2.6.0..","django_extensions":"4.1.0.final.0","django_filters":"25.2","django_jinja":null,"django_prometheus":"2.5.0","django_tables2":"3.0.1","drf_spectacular":"0.29.0","drf_spectacular_sidecar":"2026.8.1","graphene_django":"3.2.3","health_check":"3.20.8","health_check.storage":null,"nautobot.circuits":null,"nautobot.cloud":null,"nautobot.core":null,"nautobot.data_validation":null,"nautobot.dcim":null,"nautobot.extras":null,"nautobot.ipam":null,"nautobot.load_balancers":null,"nautobot.tenancy":null,"nautobot.users":null,"nautobot.virtualization":null,"nautobot.vpn":null,"nautobot.wireless":null,"nautobot_bgp_models":"3.1.1","nautobot_device_onboarding":"5.5.1","nautobot_golden_config":"3.0.7","nautobot_plugin_nornir":"3.2.4","nautobot_ssot":"4.6.1","rest_framework":"3.17.2","silk":"5.5.2","social_django":"5.9.0","taggit":"6.1.0","timezone_field":"7.2.2"},"nautobot-version":"3.2.4","nautobot-apps":{"nautobot_bgp_models":"3.1.1","nautobot_device_onboarding":"5.5.1","nautobot_golden_config":"3.0.7","nautobot_plugin_nornir":"3.2.4","nautobot_ssot":"4.6.1"},"plugins":{"nautobot_bgp_mod</msg>
<msg time="2026-09-12T12:17:47.714276" level="INFO">${st} = {'django-version': '5.2.17', 'installed-apps': {'constance': None, 'corsheaders': None, 'db_file_storage': None, 'django.contrib.admin': None, 'django.contrib.auth': None, 'django.contrib.contenttypes...</msg>
<var>${st}</var>
<arg>status/</arg>
<doc>GET /api/&lt;path&gt; and return the parsed JSON (results list for list endpoints).</doc>
<status status="PASS" start="2026-09-12T12:17:46.113205" elapsed="1.601106"/>
</kw>
<kw name="Should Match Regexp" owner="BuiltIn">
<arg>${st}[nautobot-version]</arg>
<arg>^3\\.</arg>
<doc>Fails if ``string`` does not match ``pattern`` as a regular expression.</doc>
<status status="PASS" start="2026-09-12T12:17:47.714523" elapsed="0.000416"/>
</kw>
<kw name="Should Be True" owner="BuiltIn">
<arg>${st}[celery-workers-running] &gt;= 1</arg>
<doc>Fails if the given condition is not true.</doc>
<status status="PASS" start="2026-09-12T12:17:47.715067" elapsed="0.000391"/>
</kw>
<status status="PASS" start="2026-09-12T12:17:46.112503" elapsed="1.603043"/>
</test>
<test id="s1-s1-t2" name="Lab apps are installed" line="13">
<kw name="Nautobot Get" owner="LabLib">
<msg time="2026-09-12T12:17:48.731567" level="INFO">GET http://10.0.0.10:8080/api/status/ -&gt; 200
{"django-version":"5.2.17","installed-apps":{"constance":null,"corsheaders":null,"db_file_storage":null,"django.contrib.admin":null,"django.contrib.auth":null,"django.contrib.contenttypes":null,"django.contrib.humanize":null,"django.contrib.messages":null,"django.contrib.sessions":null,"django.contrib.staticfiles":null,"django_ajax_tables":null,"django_celery_beat":"2.9.0..","django_celery_results":"2.6.0..","django_extensions":"4.1.0.final.0","django_filters":"25.2","django_jinja":null,"django_prometheus":"2.5.0","django_tables2":"3.0.1","drf_spectacular":"0.29.0","drf_spectacular_sidecar":"2026.8.1","graphene_django":"3.2.3","health_check":"3.20.8","health_check.storage":null,"nautobot.circuits":null,"nautobot.cloud":null,"nautobot.core":null,"nautobot.data_validation":null,"nautobot.dcim":null,"nautobot.extras":null,"nautobot.ipam":null,"nautobot.load_balancers":null,"nautobot.tenancy":null,"nautobot.users":null,"nautobot.virtualization":null,"nautobot.vpn":null,"nautobot.wireless":null,"nautobot_bgp_models":"3.1.1","nautobot_device_onboarding":"5.5.1","nautobot_golden_config":"3.0.7","nautobot_plugin_nornir":"3.2.4","nautobot_ssot":"4.6.1","rest_framework":"3.17.2","silk":"5.5.2","social_django":"5.9.0","taggit":"6.1.0","timezone_field":"7.2.2"},"nautobot-version":"3.2.4","nautobot-apps":{"nautobot_bgp_models":"3.1.1","nautobot_device_onboarding":"5.5.1","nautobot_golden_config":"3.0.7","nautobot_plugin_nornir":"3.2.4","nautobot_ssot":"4.6.1"},"plugins":{"nautobot_bgp_mod</msg>
<msg time="2026-09-12T12:17:48.731860" level="INFO">${st} = {'django-version': '5.2.17', 'installed-apps': {'constance': None, 'corsheaders': None, 'db_file_storage': None, 'django.contrib.admin': None, 'django.contrib.auth': None, 'django.contrib.contenttypes...</msg>
<var>${st}</var>
<arg>status/</arg>
<doc>GET /api/&lt;path&gt; and return the parsed JSON (results list for list endpoints).</doc>
<status status="PASS" start="2026-09-12T12:17:47.715924" elapsed="1.015974"/>
</kw>
<for flavor="IN">
<iter>
<kw name="Dictionary Should Contain Key" owner="Collections">
<arg>${st}[installed-apps]</arg>
<arg>${app}</arg>
<doc>Fails if ``key`` is not found from ``dictionary``.</doc>
<status status="PASS" start="2026-09-12T12:17:48.732279" elapsed="0.000214"/>
</kw>
<var name="${app}">nautobot_device_onboarding</var>
<status status="PASS" start="2026-09-12T12:17:48.732175" elapsed="0.000363"/>
</iter>
<iter>
<kw name="Dictionary Should Contain Key" owner="Collections">
<arg>${st}[installed-apps]</arg>
<arg>${app}</arg>
<doc>Fails if ``key`` is not found from ``dictionary``.</doc>
<status status="PASS" start="2026-09-12T12:17:48.732697" elapsed="0.000132"/>
</kw>
<var name="${app}">nautobot_golden_config</var>
<status status="PASS" start="2026-09-12T12:17:48.732634" elapsed="0.000221"/>
</iter>
<iter>
<kw name="Dictionary Should Contain Key" owner="Collections">
<arg>${st}[installed-apps]</arg>
<arg>${app}</arg>
<doc>Fails if ``key`` is not found from ``dictionary``.</doc>
<status status="PASS" start="2026-09-12T12:17:48.732958" elapsed="0.000140"/>
</kw>
<var name="${app}">nautobot_plugin_nornir</var>
<status status="PASS" start="2026-09-12T12:17:48.732911" elapsed="0.000215"/>
</iter>
<iter>
<kw name="Dictionary Should Contain Key" owner="Collections">
<arg>${st}[installed-apps]</arg>
<arg>${app}</arg>
<doc>Fails if ``key`` is not found from ``dictionary``.</doc>
<status status="PASS" start="2026-09-12T12:17:48.733223" elapsed="0.000102"/>
</kw>
<var name="${app}">nautobot_ssot</var>
<status status="PASS" start="2026-09-12T12:17:48.733178" elapsed="0.000169"/>
</iter>
<var>${app}</var>
<value>nautobot_device_onboarding</value>
<value>nautobot_golden_config</value>
<value>nautobot_plugin_nornir</value>
<value>nautobot_ssot</value>
<status status="PASS" start="2026-09-12T12:17:48.731999" elapsed="0.001367"/>
</for>
<status status="PASS" start="2026-09-12T12:17:47.715702" elapsed="1.017759"/>
</test>
<test id="s1-s1-t3" name="Every lab node is a device in the lab location" line="19">
<for flavor="IN">
<iter>
<kw name="Nautobot Get" owner="LabLib">
<msg time="2026-09-12T12:17:48.892893" level="INFO">GET http://10.0.0.10:8080/api/dcim/devices/?name=sw1&amp;depth=1 -&gt; 200
{"count":1,"next":null,"previous":null,"results":[{"id":"21cb1c46-34dc-4749-a8f6-a5536d670990","object_type":"dcim.device","display":"sw1","url":"http://10.0.0.10:8080/api/dcim/devices/21cb1c46-34dc-4749-a8f6-a5536d670990/","natural_slug":"sw1__cat9000v-lab_21cb","face":null,"local_config_context_data":{"bgp":{"asn":65000},"stp_priority":4096},"local_config_context_data_owner_object_id":null,"name":"sw1","serial":"98R34VA1AR9","asset_tag":null,"position":null,"device_redundancy_group_priority":null,"vc_position":null,"vc_priority":null,"comments":"","local_config_context_schema":null,"local_config_context_data_owner_content_type":null,"device_type":{"id":"cc8c62c8-54b3-4a8b-b40c-0b5f673176e2","object_type":"dcim.devicetype","display":"Cisco C9KV-UADP-8P","url":"http://10.0.0.10:8080/api/dcim/device-types/cc8c62c8-54b3-4a8b-b40c-0b5f673176e2/","natural_slug":"cisco_c9kv-uadp-8p_cc8c","subdevice_role":null,"front_image":null,"rear_image":null,"model":"C9KV-UADP-8P","part_number":"C9KV-UADP-8P","u_height":1,"is_full_depth":true,"comments":"","manufacturer":{"id":"9e02045c-38a4-4db3-97f1-532c4f0b671f","object_type":"dcim.manufacturer","url":"http://10.0.0.10:8080/api/dcim/manufacturers/9e02045c-38a4-4db3-97f1-532c4f0b671f/"},"device_family":null,"created":"2026-09-12T15:29:18.811443Z","last_updated":"2026-09-12T15:29:18.811455Z","notes_url":"http://10.0.0.10:8080/api/dcim/device-types/cc8c62c8-54b3-4a8b-b40c-0b5f673176e2/notes/","custom_fields":{}},"status":{"id":"8f248011-2a05-4</msg>
<msg time="2026-09-12T12:17:48.893313" level="INFO">${r} = {'count': 1, 'next': None, 'previous': None, 'results': [{'id': '21cb1c46-34dc-4749-a8f6-a5536d670990', 'object_type': 'dcim.device', 'display': 'sw1', 'url': 'http://10.0.0.10:8080/api/dcim/devices/2...</msg>
<var>${r}</var>
<arg>dcim/devices/</arg>
<arg>name=${node}</arg>
<arg>depth=1</arg>
<doc>GET /api/&lt;path&gt; and return the parsed JSON (results list for list endpoints).</doc>
<status status="PASS" start="2026-09-12T12:17:48.733945" elapsed="0.159399"/>
</kw>
<kw name="Should Be Equal As Integers" owner="BuiltIn">
<msg time="2026-09-12T12:17:48.893883" level="INFO">Argument types are:
&lt;class 'int'&gt;
&lt;class 'str'&gt;</msg>
<arg>${r}[count]</arg>
<arg>1</arg>
<arg>msg=${node} missing in Nautobot</arg>
<doc>Fails if objects are unequal after converting them to integers.</doc>
<status status="PASS" start="2026-09-12T12:17:48.893489" elapsed="0.000457"/>
</kw>
<kw name="Should Be Equal" owner="BuiltIn">
<arg>${r}[results][0][location][name]</arg>
<arg>cat9000v-lab</arg>
<doc>Fails if the given objects are unequal.</doc>
<status status="PASS" start="2026-09-12T12:17:48.894048" elapsed="0.000258"/>
</kw>
<var name="${node}">sw1</var>
<status status="PASS" start="2026-09-12T12:17:48.733895" elapsed="0.160444"/>
</iter>
<iter>
<kw name="Nautobot Get" owner="LabLib">
<msg time="2026-09-12T12:17:49.054891" level="INFO">GET http://10.0.0.10:8080/api/dcim/devices/?name=sw2&amp;depth=1 -&gt; 200
{"count":1,"next":null,"previous":null,"results":[{"id":"8e29dbf2-9a51-4c11-9392-73bfec02f23f","object_type":"dcim.device","display":"sw2","url":"http://10.0.0.10:8080/api/dcim/devices/8e29dbf2-9a51-4c11-9392-73bfec02f23f/","natural_slug":"sw2__cat9000v-lab_8e29","face":null,"local_config_context_data":{"bgp":{"asn":65000},"stp_priority":8192},"local_config_context_data_owner_object_id":null,"name":"sw2","serial":"9PD2HA43NFP","asset_tag":null,"position":null,"device_redundancy_group_priority":null,"vc_position":null,"vc_priority":null,"comments":"","local_config_context_schema":null,"local_config_context_data_owner_content_type":null,"device_type":{"id":"cc8c62c8-54b3-4a8b-b40c-0b5f673176e2","object_type":"dcim.devicetype","display":"Cisco C9KV-UADP-8P","url":"http://10.0.0.10:8080/api/dcim/device-types/cc8c62c8-54b3-4a8b-b40c-0b5f673176e2/","natural_slug":"cisco_c9kv-uadp-8p_cc8c","subdevice_role":null,"front_image":null,"rear_image":null,"model":"C9KV-UADP-8P","part_number":"C9KV-UADP-8P","u_height":1,"is_full_depth":true,"comments":"","manufacturer":{"id":"9e02045c-38a4-4db3-97f1-532c4f0b671f","object_type":"dcim.manufacturer","url":"http://10.0.0.10:8080/api/dcim/manufacturers/9e02045c-38a4-4db3-97f1-532c4f0b671f/"},"device_family":null,"created":"2026-09-12T15:29:18.811443Z","last_updated":"2026-09-12T15:29:18.811455Z","notes_url":"http://10.0.0.10:8080/api/dcim/device-types/cc8c62c8-54b3-4a8b-b40c-0b5f673176e2/notes/","custom_fields":{}},"status":{"id":"8f248011-2a05-4</msg>
<msg time="2026-09-12T12:17:49.055271" level="INFO">${r} = {'count': 1, 'next': None, 'previous': None, 'results': [{'id': '8e29dbf2-9a51-4c11-9392-73bfec02f23f', 'object_type': 'dcim.device', 'display': 'sw2', 'url': 'http://10.0.0.10:8080/api/dcim/devices/8...</msg>
<var>${r}</var>
<arg>dcim/devices/</arg>
<arg>name=${node}</arg>
<arg>depth=1</arg>
<doc>GET /api/&lt;path&gt; and return the parsed JSON (results list for list endpoints).</doc>
<status status="PASS" start="2026-09-12T12:17:48.894508" elapsed="0.160799"/>
</kw>
<kw name="Should Be Equal As Integers" owner="BuiltIn">
<msg time="2026-09-12T12:17:49.055766" level="INFO">Argument types are:
&lt;class 'int'&gt;
&lt;class 'str'&gt;</msg>
<arg>${r}[count]</arg>
<arg>1</arg>
<arg>msg=${node} missing in Nautobot</arg>
<doc>Fails if objects are unequal after converting them to integers.</doc>
<status status="PASS" start="2026-09-12T12:17:49.055434" elapsed="0.000389"/>
</kw>
<kw name="Should Be Equal" owner="BuiltIn">
<arg>${r}[results][0][location][name]</arg>
<arg>cat9000v-lab</arg>
<doc>Fails if the given objects are unequal.</doc>
<status status="PASS" start="2026-09-12T12:17:49.055925" elapsed="0.000332"/>
</kw>
<var name="${node}">sw2</var>
<status status="PASS" start="2026-09-12T12:17:48.894439" elapsed="0.161853"/>
</iter>
<iter>
<kw name="Nautobot Get" owner="LabLib">
<msg time="2026-09-12T12:17:49.206035" level="INFO">GET http://10.0.0.10:8080/api/dcim/devices/?name=host1&amp;depth=1 -&gt; 200
{"count":1,"next":null,"previous":null,"results":[{"id":"c836d109-72ec-4422-bc80-34f10f8c86a9","object_type":"dcim.device","display":"host1","url":"http://10.0.0.10:8080/api/dcim/devices/c836d109-72ec-4422-bc80-34f10f8c86a9/","natural_slug":"host1__cat9000v-lab_c836","face":null,"local_config_context_data":null,"local_config_context_data_owner_object_id":null,"name":"host1","serial":"","asset_tag":null,"position":null,"device_redundancy_group_priority":null,"vc_position":null,"vc_priority":null,"comments":"","local_config_context_schema":null,"local_config_context_data_owner_content_type":null,"device_type":{"id":"03f7b79e-f61c-468f-b748-1eb31f3b6d8d","object_type":"dcim.devicetype","display":"Generic CirrOS VM","url":"http://10.0.0.10:8080/api/dcim/device-types/03f7b79e-f61c-468f-b748-1eb31f3b6d8d/","natural_slug":"generic_cirros-vm_03f7","subdevice_role":null,"front_image":null,"rear_image":null,"model":"CirrOS VM","part_number":"","u_height":0,"is_full_depth":true,"comments":"","manufacturer":{"id":"6e5e9a31-7073-4050-a86e-7963a07461a5","object_type":"dcim.manufacturer","url":"http://10.0.0.10:8080/api/dcim/manufacturers/6e5e9a31-7073-4050-a86e-7963a07461a5/"},"device_family":null,"created":"2026-09-12T15:30:44.759482Z","last_updated":"2026-09-12T15:30:44.759494Z","notes_url":"http://10.0.0.10:8080/api/dcim/device-types/03f7b79e-f61c-468f-b748-1eb31f3b6d8d/notes/","custom_fields":{}},"status":{"id":"8f248011-2a05-4668-8162-ac48e85a9f28","object_type":"extras.status","displ</msg>
<msg time="2026-09-12T12:17:49.206362" level="INFO">${r} = {'count': 1, 'next': None, 'previous': None, 'results': [{'id': 'c836d109-72ec-4422-bc80-34f10f8c86a9', 'object_type': 'dcim.device', 'display': 'host1', 'url': 'http://10.0.0.10:8080/api/dcim/devices...</msg>
<var>${r}</var>
<arg>dcim/devices/</arg>
<arg>name=${node}</arg>
<arg>depth=1</arg>
<doc>GET /api/&lt;path&gt; and return the parsed JSON (results list for list endpoints).</doc>
<status status="PASS" start="2026-09-12T12:17:49.056460" elapsed="0.149932"/>
</kw>
<kw name="Should Be Equal As Integers" owner="BuiltIn">
<msg time="2026-09-12T12:17:49.206924" level="INFO">Argument types are:
&lt;class 'int'&gt;
&lt;class 'str'&gt;</msg>
<arg>${r}[count]</arg>
<arg>1</arg>
<arg>msg=${node} missing in Nautobot</arg>
<doc>Fails if objects are unequal after converting them to integers.</doc>
<status status="PASS" start="2026-09-12T12:17:49.206545" elapsed="0.000423"/>
</kw>
<kw name="Should Be Equal" owner="BuiltIn">
<arg>${r}[results][0][location][name]</arg>
<arg>cat9000v-lab</arg>
<doc>Fails if the given objects are unequal.</doc>
<status status="PASS" start="2026-09-12T12:17:49.207077" elapsed="0.000260"/>
</kw>
<var name="${node}">host1</var>
<status status="PASS" start="2026-09-12T12:17:49.056382" elapsed="0.150982"/>
</iter>
<iter>
<kw name="Nautobot Get" owner="LabLib">
<msg time="2026-09-12T12:17:49.360999" level="INFO">GET http://10.0.0.10:8080/api/dcim/devices/?name=host2&amp;depth=1 -&gt; 200
{"count":1,"next":null,"previous":null,"results":[{"id":"f59574f7-835b-484a-a45b-c6a9f86bce05","object_type":"dcim.device","display":"host2","url":"http://10.0.0.10:8080/api/dcim/devices/f59574f7-835b-484a-a45b-c6a9f86bce05/","natural_slug":"host2__cat9000v-lab_f595","face":null,"local_config_context_data":null,"local_config_context_data_owner_object_id":null,"name":"host2","serial":"","asset_tag":null,"position":null,"device_redundancy_group_priority":null,"vc_position":null,"vc_priority":null,"comments":"","local_config_context_schema":null,"local_config_context_data_owner_content_type":null,"device_type":{"id":"03f7b79e-f61c-468f-b748-1eb31f3b6d8d","object_type":"dcim.devicetype","display":"Generic CirrOS VM","url":"http://10.0.0.10:8080/api/dcim/device-types/03f7b79e-f61c-468f-b748-1eb31f3b6d8d/","natural_slug":"generic_cirros-vm_03f7","subdevice_role":null,"front_image":null,"rear_image":null,"model":"CirrOS VM","part_number":"","u_height":0,"is_full_depth":true,"comments":"","manufacturer":{"id":"6e5e9a31-7073-4050-a86e-7963a07461a5","object_type":"dcim.manufacturer","url":"http://10.0.0.10:8080/api/dcim/manufacturers/6e5e9a31-7073-4050-a86e-7963a07461a5/"},"device_family":null,"created":"2026-09-12T15:30:44.759482Z","last_updated":"2026-09-12T15:30:44.759494Z","notes_url":"http://10.0.0.10:8080/api/dcim/device-types/03f7b79e-f61c-468f-b748-1eb31f3b6d8d/notes/","custom_fields":{}},"status":{"id":"8f248011-2a05-4668-8162-ac48e85a9f28","object_type":"extras.status","displ</msg>
<msg time="2026-09-12T12:17:49.361350" level="INFO">${r} = {'count': 1, 'next': None, 'previous': None, 'results': [{'id': 'f59574f7-835b-484a-a45b-c6a9f86bce05', 'object_type': 'dcim.device', 'display': 'host2', 'url': 'http://10.0.0.10:8080/api/dcim/devices...</msg>
<var>${r}</var>
<arg>dcim/devices/</arg>
<arg>name=${node}</arg>
<arg>depth=1</arg>
<doc>GET /api/&lt;path&gt; and return the parsed JSON (results list for list endpoints).</doc>
<status status="PASS" start="2026-09-12T12:17:49.207500" elapsed="0.153882"/>
</kw>
<kw name="Should Be Equal As Integers" owner="BuiltIn">
<msg time="2026-09-12T12:17:49.361826" level="INFO">Argument types are:
&lt;class 'int'&gt;
&lt;class 'str'&gt;</msg>
<arg>${r}[count]</arg>
<arg>1</arg>
<arg>msg=${node} missing in Nautobot</arg>
<doc>Fails if objects are unequal after converting them to integers.</doc>
<status status="PASS" start="2026-09-12T12:17:49.361505" elapsed="0.000370"/>
</kw>
<kw name="Should Be Equal" owner="BuiltIn">
<arg>${r}[results][0][location][name]</arg>
<arg>cat9000v-lab</arg>
<doc>Fails if the given objects are unequal.</doc>
<status status="PASS" start="2026-09-12T12:17:49.361960" elapsed="0.000268"/>
</kw>
<var name="${node}">host2</var>
<status status="PASS" start="2026-09-12T12:17:49.207445" elapsed="0.154813"/>
</iter>
<iter>
<kw name="Nautobot Get" owner="LabLib">
<msg time="2026-09-12T12:17:49.512350" level="INFO">GET http://10.0.0.10:8080/api/dcim/devices/?name=nms&amp;depth=1 -&gt; 200
{"count":1,"next":null,"previous":null,"results":[{"id":"113f4ff4-7935-4aad-af14-e786e0ae9cf3","object_type":"dcim.device","display":"nms","url":"http://10.0.0.10:8080/api/dcim/devices/113f4ff4-7935-4aad-af14-e786e0ae9cf3/","natural_slug":"nms__cat9000v-lab_113f","face":null,"local_config_context_data":null,"local_config_context_data_owner_object_id":null,"name":"nms","serial":"","asset_tag":null,"position":null,"device_redundancy_group_priority":null,"vc_position":null,"vc_priority":null,"comments":"","local_config_context_schema":null,"local_config_context_data_owner_content_type":null,"device_type":{"id":"1f549e30-d0c8-4be5-b504-8313b49b7e08","object_type":"dcim.devicetype","display":"Generic Ubuntu VM","url":"http://10.0.0.10:8080/api/dcim/device-types/1f549e30-d0c8-4be5-b504-8313b49b7e08/","natural_slug":"generic_ubuntu-vm_1f54","subdevice_role":null,"front_image":null,"rear_image":null,"model":"Ubuntu VM","part_number":"","u_height":0,"is_full_depth":true,"comments":"","manufacturer":{"id":"6e5e9a31-7073-4050-a86e-7963a07461a5","object_type":"dcim.manufacturer","url":"http://10.0.0.10:8080/api/dcim/manufacturers/6e5e9a31-7073-4050-a86e-7963a07461a5/"},"device_family":null,"created":"2026-09-12T15:30:44.845637Z","last_updated":"2026-09-12T15:30:44.845649Z","notes_url":"http://10.0.0.10:8080/api/dcim/device-types/1f549e30-d0c8-4be5-b504-8313b49b7e08/notes/","custom_fields":{}},"status":{"id":"8f248011-2a05-4668-8162-ac48e85a9f28","object_type":"extras.status","display":"A</msg>
<msg time="2026-09-12T12:17:49.512717" level="INFO">${r} = {'count': 1, 'next': None, 'previous': None, 'results': [{'id': '113f4ff4-7935-4aad-af14-e786e0ae9cf3', 'object_type': 'dcim.device', 'display': 'nms', 'url': 'http://10.0.0.10:8080/api/dcim/devices/1...</msg>
<var>${r}</var>
<arg>dcim/devices/</arg>
<arg>name=${node}</arg>
<arg>depth=1</arg>
<doc>GET /api/&lt;path&gt; and return the parsed JSON (results list for list endpoints).</doc>
<status status="PASS" start="2026-09-12T12:17:49.362408" elapsed="0.150340"/>
</kw>
<kw name="Should Be Equal As Integers" owner="BuiltIn">
<msg time="2026-09-12T12:17:49.513283" level="INFO">Argument types are:
&lt;class 'int'&gt;
&lt;class 'str'&gt;</msg>
<arg>${r}[count]</arg>
<arg>1</arg>
<arg>msg=${node} missing in Nautobot</arg>
<doc>Fails if objects are unequal after converting them to integers.</doc>
<status status="PASS" start="2026-09-12T12:17:49.512899" elapsed="0.000438"/>
</kw>
<kw name="Should Be Equal" owner="BuiltIn">
<arg>${r}[results][0][location][name]</arg>
<arg>cat9000v-lab</arg>
<doc>Fails if the given objects are unequal.</doc>
<status status="PASS" start="2026-09-12T12:17:49.513429" elapsed="0.000250"/>
</kw>
<var name="${node}">nms</var>
<status status="PASS" start="2026-09-12T12:17:49.362344" elapsed="0.151368"/>
</iter>
<var>${node}</var>
<value>sw1</value>
<value>sw2</value>
<value>host1</value>
<value>host2</value>
<value>nms</value>
<status status="PASS" start="2026-09-12T12:17:48.733803" elapsed="0.779944"/>
</for>
<status status="PASS" start="2026-09-12T12:17:48.733630" elapsed="0.780231"/>
</test>
<test id="s1-s1-t4" name="Switch identity in Nautobot matches the running switches" line="26">
<for flavor="IN">
<iter>
<kw name="Nautobot Get" owner="LabLib">
<msg time="2026-09-12T12:17:49.665089" level="INFO">GET http://10.0.0.10:8080/api/dcim/devices/?name=sw1&amp;depth=1 -&gt; 200
{"count":1,"next":null,"previous":null,"results":[{"id":"21cb1c46-34dc-4749-a8f6-a5536d670990","object_type":"dcim.device","display":"sw1","url":"http://10.0.0.10:8080/api/dcim/devices/21cb1c46-34dc-4749-a8f6-a5536d670990/","natural_slug":"sw1__cat9000v-lab_21cb","face":null,"local_config_context_data":{"bgp":{"asn":65000},"stp_priority":4096},"local_config_context_data_owner_object_id":null,"name":"sw1","serial":"98R34VA1AR9","asset_tag":null,"position":null,"device_redundancy_group_priority":null,"vc_position":null,"vc_priority":null,"comments":"","local_config_context_schema":null,"local_config_context_data_owner_content_type":null,"device_type":{"id":"cc8c62c8-54b3-4a8b-b40c-0b5f673176e2","object_type":"dcim.devicetype","display":"Cisco C9KV-UADP-8P","url":"http://10.0.0.10:8080/api/dcim/device-types/cc8c62c8-54b3-4a8b-b40c-0b5f673176e2/","natural_slug":"cisco_c9kv-uadp-8p_cc8c","subdevice_role":null,"front_image":null,"rear_image":null,"model":"C9KV-UADP-8P","part_number":"C9KV-UADP-8P","u_height":1,"is_full_depth":true,"comments":"","manufacturer":{"id":"9e02045c-38a4-4db3-97f1-532c4f0b671f","object_type":"dcim.manufacturer","url":"http://10.0.0.10:8080/api/dcim/manufacturers/9e02045c-38a4-4db3-97f1-532c4f0b671f/"},"device_family":null,"created":"2026-09-12T15:29:18.811443Z","last_updated":"2026-09-12T15:29:18.811455Z","notes_url":"http://10.0.0.10:8080/api/dcim/device-types/cc8c62c8-54b3-4a8b-b40c-0b5f673176e2/notes/","custom_fields":{}},"status":{"id":"8f248011-2a05-4</msg>
<msg time="2026-09-12T12:17:49.665482" level="INFO">${d} = {'count': 1, 'next': None, 'previous': None, 'results': [{'id': '21cb1c46-34dc-4749-a8f6-a5536d670990', 'object_type': 'dcim.device', 'display': 'sw1', 'url': 'http://10.0.0.10:8080/api/dcim/devices/2...</msg>
<var>${d}</var>
<arg>dcim/devices/</arg>
<arg>name=${sw}</arg>
<arg>depth=1</arg>
<doc>GET /api/&lt;path&gt; and return the parsed JSON (results list for list endpoints).</doc>
<status status="PASS" start="2026-09-12T12:17:49.514497" elapsed="0.151015"/>
</kw>
<kw name="Set Variable" owner="BuiltIn">
<msg time="2026-09-12T12:17:49.666080" level="INFO">${dev} = {'id': '21cb1c46-34dc-4749-a8f6-a5536d670990', 'object_type': 'dcim.device', 'display': 'sw1', 'url': 'http://10.0.0.10:8080/api/dcim/devices/21cb1c46-34dc-4749-a8f6-a5536d670990/', 'natural_slug': 's...</msg>
<var>${dev}</var>
<arg>${d}[results][0]</arg>
<doc>Returns the given values which can then be assigned to a variables.</doc>
<status status="PASS" start="2026-09-12T12:17:49.665663" elapsed="0.000445"/>
</kw>
<kw name="Should Be Equal" owner="BuiltIn">
<arg>${dev}[device_type][model]</arg>
<arg>C9KV-UADP-8P</arg>
<doc>Fails if the given objects are unequal.</doc>
<status status="PASS" start="2026-09-12T12:17:49.666220" elapsed="0.000273"/>
</kw>
<kw name="Should Be Equal" owner="BuiltIn">
<arg>${dev}[primary_ip4][host]</arg>
<arg>${SWITCHES}[${sw}][host]</arg>
<doc>Fails if the given objects are unequal.</doc>
<status status="PASS" start="2026-09-12T12:17:49.666586" elapsed="0.000274"/>
</kw>
<kw name="Show" owner="common">
<kw name="Switch Host" owner="common">
<kw name="Set Variable" owner="BuiltIn">
<msg time="2026-09-12T12:17:49.667995" level="INFO">${host} = 10.0.0.11</msg>
<var>${host}</var>
<arg>${SWITCHES}[${sw}][host]</arg>
<doc>Returns the given values which can then be assigned to a variables.</doc>
<status status="PASS" start="2026-09-12T12:17:49.667719" elapsed="0.000307"/>
</kw>
<return>
<value>${host}</value>
<status status="PASS" start="2026-09-12T12:17:49.668094" elapsed="0.000054"/>
</return>
<msg time="2026-09-12T12:17:49.668261" level="INFO">${host} = 10.0.0.11</msg>
<var>${host}</var>
<arg>${sw}</arg>
<status status="PASS" start="2026-09-12T12:17:49.667504" elapsed="0.000779"/>
</kw>
<kw name="Run Command" owner="LabLib">
<msg time="2026-09-12T12:17:51.157999" level="INFO" html="true">&lt;pre&gt;10.0.0.11# show version | include System Serial Number|Model Number
Model Number                       : 
System Serial Number               : 98R34VA1AR9&lt;/pre&gt;</msg>
<msg time="2026-09-12T12:17:51.158144" level="INFO">${out} = Model Number                       : 
System Serial Number               : 98R34VA1AR9</msg>
<var>${out}</var>
<arg>${host}</arg>
<arg>${command}</arg>
<arg>${timeout}</arg>
<doc>Run a show/exec command on a switch over SSH and return its output.</doc>
<status status="PASS" start="2026-09-12T12:17:49.668359" elapsed="1.489806"/>
</kw>
<return>
<value>${out}</value>
<status status="PASS" start="2026-09-12T12:17:51.158228" elapsed="0.000045"/>
</return>
<msg time="2026-09-12T12:17:51.158425" level="INFO">${ver} = Model Number                       : 
System Serial Number               : 98R34VA1AR9</msg>
<var>${ver}</var>
<arg>${sw}</arg>
<arg>show version | include System Serial Number|Model Number</arg>
<doc>Run a show command on a switch by name.</doc>
<status status="PASS" start="2026-09-12T12:17:49.667077" elapsed="1.491370"/>
</kw>
<kw name="Should Contain" owner="BuiltIn">
<arg>${ver}</arg>
<arg>${dev}[serial]</arg>
<doc>Fails if ``container`` does not contain ``item`` one or more times.</doc>
<status status="PASS" start="2026-09-12T12:17:51.158572" elapsed="0.000522"/>
</kw>
<var name="${sw}">sw1</var>
<status status="PASS" start="2026-09-12T12:17:49.514421" elapsed="1.644702"/>
</iter>
<iter>
<kw name="Nautobot Get" owner="LabLib">
<msg time="2026-09-12T12:17:51.311769" level="INFO">GET http://10.0.0.10:8080/api/dcim/devices/?name=sw2&amp;depth=1 -&gt; 200
{"count":1,"next":null,"previous":null,"results":[{"id":"8e29dbf2-9a51-4c11-9392-73bfec02f23f","object_type":"dcim.device","display":"sw2","url":"http://10.0.0.10:8080/api/dcim/devices/8e29dbf2-9a51-4c11-9392-73bfec02f23f/","natural_slug":"sw2__cat9000v-lab_8e29","face":null,"local_config_context_data":{"bgp":{"asn":65000},"stp_priority":8192},"local_config_context_data_owner_object_id":null,"name":"sw2","serial":"9PD2HA43NFP","asset_tag":null,"position":null,"device_redundancy_group_priority":null,"vc_position":null,"vc_priority":null,"comments":"","local_config_context_schema":null,"local_config_context_data_owner_content_type":null,"device_type":{"id":"cc8c62c8-54b3-4a8b-b40c-0b5f673176e2","object_type":"dcim.devicetype","display":"Cisco C9KV-UADP-8P","url":"http://10.0.0.10:8080/api/dcim/device-types/cc8c62c8-54b3-4a8b-b40c-0b5f673176e2/","natural_slug":"cisco_c9kv-uadp-8p_cc8c","subdevice_role":null,"front_image":null,"rear_image":null,"model":"C9KV-UADP-8P","part_number":"C9KV-UADP-8P","u_height":1,"is_full_depth":true,"comments":"","manufacturer":{"id":"9e02045c-38a4-4db3-97f1-532c4f0b671f","object_type":"dcim.manufacturer","url":"http://10.0.0.10:8080/api/dcim/manufacturers/9e02045c-38a4-4db3-97f1-532c4f0b671f/"},"device_family":null,"created":"2026-09-12T15:29:18.811443Z","last_updated":"2026-09-12T15:29:18.811455Z","notes_url":"http://10.0.0.10:8080/api/dcim/device-types/cc8c62c8-54b3-4a8b-b40c-0b5f673176e2/notes/","custom_fields":{}},"status":{"id":"8f248011-2a05-4</msg>
<msg time="2026-09-12T12:17:51.312112" level="INFO">${d} = {'count': 1, 'next': None, 'previous': None, 'results': [{'id': '8e29dbf2-9a51-4c11-9392-73bfec02f23f', 'object_type': 'dcim.device', 'display': 'sw2', 'url': 'http://10.0.0.10:8080/api/dcim/devices/8...</msg>
<var>${d}</var>
<arg>dcim/devices/</arg>
<arg>name=${sw}</arg>
<arg>depth=1</arg>
<doc>GET /api/&lt;path&gt; and return the parsed JSON (results list for list endpoints).</doc>
<status status="PASS" start="2026-09-12T12:17:51.159267" elapsed="0.152880"/>
</kw>
<kw name="Set Variable" owner="BuiltIn">
<msg time="2026-09-12T12:17:51.312597" level="INFO">${dev} = {'id': '8e29dbf2-9a51-4c11-9392-73bfec02f23f', 'object_type': 'dcim.device', 'display': 'sw2', 'url': 'http://10.0.0.10:8080/api/dcim/devices/8e29dbf2-9a51-4c11-9392-73bfec02f23f/', 'natural_slug': 's...</msg>
<var>${dev}</var>
<arg>${d}[results][0]</arg>
<doc>Returns the given values which can then be assigned to a variables.</doc>
<status status="PASS" start="2026-09-12T12:17:51.312282" elapsed="0.000337"/>
</kw>
<kw name="Should Be Equal" owner="BuiltIn">
<arg>${dev}[device_type][model]</arg>
<arg>C9KV-UADP-8P</arg>
<doc>Fails if the given objects are unequal.</doc>
<status status="PASS" start="2026-09-12T12:17:51.312685" elapsed="0.000196"/>
</kw>
<kw name="Should Be Equal" owner="BuiltIn">
<arg>${dev}[primary_ip4][host]</arg>
<arg>${SWITCHES}[${sw}][host]</arg>
<doc>Fails if the given objects are unequal.</doc>
<status status="PASS" start="2026-09-12T12:17:51.312943" elapsed="0.000246"/>
</kw>
<kw name="Show" owner="common">
<kw name="Switch Host" owner="common">
<kw name="Set Variable" owner="BuiltIn">
<msg time="2026-09-12T12:17:51.313953" level="INFO">${host} = 10.0.0.12</msg>
<var>${host}</var>
<arg>${SWITCHES}[${sw}][host]</arg>
<doc>Returns the given values which can then be assigned to a variables.</doc>
<status status="PASS" start="2026-09-12T12:17:51.313763" elapsed="0.000220"/>
</kw>
<return>
<value>${host}</value>
<status status="PASS" start="2026-09-12T12:17:51.314021" elapsed="0.000034"/>
</return>
<msg time="2026-09-12T12:17:51.314154" level="INFO">${host} = 10.0.0.12</msg>
<var>${host}</var>
<arg>${sw}</arg>
<status status="PASS" start="2026-09-12T12:17:51.313560" elapsed="0.000610"/>
</kw>
<kw name="Run Command" owner="LabLib">
<msg time="2026-09-12T12:17:52.820152" level="INFO" html="true">&lt;pre&gt;10.0.0.12# show version | include System Serial Number|Model Number
Model Number                       : 
System Serial Number               : 9PD2HA43NFP&lt;/pre&gt;</msg>
<msg time="2026-09-12T12:17:52.820297" level="INFO">${out} = Model Number                       : 
System Serial Number               : 9PD2HA43NFP</msg>
<var>${out}</var>
<arg>${host}</arg>
<arg>${command}</arg>
<arg>${timeout}</arg>
<doc>Run a show/exec command on a switch over SSH and return its output.</doc>
<status status="PASS" start="2026-09-12T12:17:51.314228" elapsed="1.506089"/>
</kw>
<return>
<value>${out}</value>
<status status="PASS" start="2026-09-12T12:17:52.820375" elapsed="0.000040"/>
</return>
<msg time="2026-09-12T12:17:52.820534" level="INFO">${ver} = Model Number                       : 
System Serial Number               : 9PD2HA43NFP</msg>
<var>${ver}</var>
<arg>${sw}</arg>
<arg>show version | include System Serial Number|Model Number</arg>
<doc>Run a show command on a switch by name.</doc>
<status status="PASS" start="2026-09-12T12:17:51.313314" elapsed="1.507236"/>
</kw>
<kw name="Should Contain" owner="BuiltIn">
<arg>${ver}</arg>
<arg>${dev}[serial]</arg>
<doc>Fails if ``container`` does not contain ``item`` one or more times.</doc>
<status status="PASS" start="2026-09-12T12:17:52.820650" elapsed="0.000301"/>
</kw>
<var name="${sw}">sw2</var>
<status status="PASS" start="2026-09-12T12:17:51.159209" elapsed="1.661778"/>
</iter>
<var>${sw}</var>
<value>@{SWITCH_NAMES}</value>
<status status="PASS" start="2026-09-12T12:17:49.514271" elapsed="3.306742"/>
</for>
<status status="PASS" start="2026-09-12T12:17:49.514029" elapsed="3.307057"/>
</test>
<test id="s1-s1-t5" name="VLAN group holds the modelled VLANs" line="36">
<kw name="Nautobot Graphql" owner="LabLib">
<msg time="2026-09-12T12:17:52.843749" level="INFO">GraphQL { vlan_groups(name:"cat9000v-lab") { vlans { vid name } } }
-&gt; 200 {"data":{"vlan_groups":[{"vlans":[{"vid":10,"name":"USERS"},{"vid":20,"name":"SERVERS"},{"vid":99,"name":"NATIVE"},{"vid":100,"name":"TRANSIT"},{"vid":110,"name":"L3-110"},{"vid":111,"name":"L3-111"},{"vid":112,"name":"L3-112"},{"vid":113,"name":"L3-113"},{"vid":114,"name":"L3-114"},{"vid":115,"name":"L3-115"},{"vid":116,"name":"L3-116"},{"vid":117,"name":"L3-117"},{"vid":118,"name":"L3-118"},{"vid":119,"name":"L3-119"},{"vid":210,"name":"L2-210"},{"vid":211,"name":"L2-211"},{"vid":212,"name":"L2-212"},{"vid":213,"name":"L2-213"},{"vid":214,"name":"L2-214"},{"vid":215,"name":"L2-215"},{"vid":216,"name":"L2-216"},{"vid":217,"name":"L2-217"},{"vid":218,"name":"L2-218"},{"vid":219,"name":"L2-219"}]}]}}</msg>
<msg time="2026-09-12T12:17:52.844050" level="INFO">${vg} = {'vlan_groups': [{'vlans': [{'vid': 10, 'name': 'USERS'}, {'vid': 20, 'name': 'SERVERS'}, {'vid': 99, 'name': 'NATIVE'}, {'vid': 100, 'name': 'TRANSIT'}, {'vid': 110, 'name': 'L3-110'}, {'vid': 111, '...</msg>
<var>${vg}</var>
<arg>{ vlan_groups(name:"cat9000v-lab") { vlans { vid name } } }</arg>
<status status="PASS" start="2026-09-12T12:17:52.821436" elapsed="0.022647"/>
</kw>
<kw name="Create Dictionary" owner="BuiltIn">
<msg time="2026-09-12T12:17:52.844551" level="INFO">${got} = {}</msg>
<var>${got}</var>
<doc>Creates and returns a dictionary based on the given ``items``.</doc>
<status status="PASS" start="2026-09-12T12:17:52.844221" elapsed="0.000349"/>
</kw>
<for flavor="IN">
<iter>
<kw name="Convert To String" owner="BuiltIn">
<msg time="2026-09-12T12:17:52.845019" level="INFO">${vid} = 10</msg>
<var>${vid}</var>
<arg>${v}[vid]</arg>
<doc>Converts the given item to a Unicode string.</doc>
<status status="PASS" start="2026-09-12T12:17:52.844800" elapsed="0.000237"/>
</kw>
<kw name="Set To Dictionary" owner="Collections">
<arg>${got}</arg>
<arg>${vid}</arg>
<arg>${v}[name]</arg>
<doc>Adds the given ``key_value_pairs`` and/or ``items`` to the ``dictionary``.</doc>
<status status="PASS" start="2026-09-12T12:17:52.845113" elapsed="0.000211"/>
</kw>
<var name="${v}">{'vid': 10, 'name': 'USERS'}</var>
<status status="PASS" start="2026-09-12T12:17:52.844743" elapsed="0.000607"/>
</iter>
<iter>
<kw name="Convert To String" owner="BuiltIn">
<msg time="2026-09-12T12:17:52.845642" level="INFO">${vid} = 20</msg>
<var>${vid}</var>
<arg>${v}[vid]</arg>
<doc>Converts the given item to a Unicode string.</doc>
<status status="PASS" start="2026-09-12T12:17:52.845459" elapsed="0.000204"/>
</kw>
<kw name="Set To Dictionary" owner="Collections">
<arg>${got}</arg>
<arg>${vid}</arg>
<arg>${v}[name]</arg>
<doc>Adds the given ``key_value_pairs`` and/or ``items`` to the ``dictionary``.</doc>
<status status="PASS" start="2026-09-12T12:17:52.845721" elapsed="0.000132"/>
</kw>
<var name="${v}">{'vid': 20, 'name': 'SERVERS'}</var>
<status status="PASS" start="2026-09-12T12:17:52.845411" elapsed="0.000466"/>
</iter>
<iter>
<kw name="Convert To String" owner="BuiltIn">
<msg time="2026-09-12T12:17:52.846220" level="INFO">${vid} = 99</msg>
<var>${vid}</var>
<arg>${v}[vid]</arg>
<doc>Converts the given item to a Unicode string.</doc>
<status status="PASS" start="2026-09-12T12:17:52.846007" elapsed="0.000231"/>
</kw>
<kw name="Set To Dictionary" owner="Collections">
<arg>${got}</arg>
<arg>${vid}</arg>
<arg>${v}[name]</arg>
<doc>Adds the given ``key_value_pairs`` and/or ``items`` to the ``dictionary``.</doc>
<status status="PASS" start="2026-09-12T12:17:52.846294" elapsed="0.000125"/>
</kw>
<var name="${v}">{'vid': 99, 'name': 'NATIVE'}</var>
<status status="PASS" start="2026-09-12T12:17:52.845941" elapsed="0.000502"/>
</iter>
<iter>
<kw name="Convert To String" owner="BuiltIn">
<msg time="2026-09-12T12:17:52.846716" level="INFO">${vid} = 100</msg>
<var>${vid}</var>
<arg>${v}[vid]</arg>
<doc>Converts the given item to a Unicode string.</doc>
<status status="PASS" start="2026-09-12T12:17:52.846543" elapsed="0.000190"/>
</kw>
<kw name="Set To Dictionary" owner="Collections">
<arg>${got}</arg>
<arg>${vid}</arg>
<arg>${v}[name]</arg>
<doc>Adds the given ``key_value_pairs`` and/or ``items`` to the ``dictionary``.</doc>
<status status="PASS" start="2026-09-12T12:17:52.846786" elapsed="0.000129"/>
</kw>
<var name="${v}">{'vid': 100, 'name': 'TRANSIT'}</var>
<status status="PASS" start="2026-09-12T12:17:52.846498" elapsed="0.000441"/>
</iter>
<iter>
<kw name="Convert To String" owner="BuiltIn">
<msg time="2026-09-12T12:17:52.847246" level="INFO">${vid} = 110</msg>
<var>${vid}</var>
<arg>${v}[vid]</arg>
<doc>Converts the given item to a Unicode string.</doc>
<status status="PASS" start="2026-09-12T12:17:52.847058" elapsed="0.000205"/>
</kw>
<kw name="Set To Dictionary" owner="Collections">
<arg>${got}</arg>
<arg>${vid}</arg>
<arg>${v}[name]</arg>
<doc>Adds the given ``key_value_pairs`` and/or ``items`` to the ``dictionary``.</doc>
<status status="PASS" start="2026-09-12T12:17:52.847321" elapsed="0.000129"/>
</kw>
<var name="${v}">{'vid': 110, 'name': 'L3-110'}</var>
<status status="PASS" start="2026-09-12T12:17:52.847004" elapsed="0.000470"/>
</iter>
<iter>
<kw name="Convert To String" owner="BuiltIn">
<msg time="2026-09-12T12:17:52.847800" level="INFO">${vid} = 111</msg>
<var>${vid}</var>
<arg>${v}[vid]</arg>
<doc>Converts the given item to a Unicode string.</doc>
<status status="PASS" start="2026-09-12T12:17:52.847576" elapsed="0.000242"/>
</kw>
<kw name="Set To Dictionary" owner="Collections">
<arg>${got}</arg>
<arg>${vid}</arg>
<arg>${v}[name]</arg>
<doc>Adds the given ``key_value_pairs`` and/or ``items`` to the ``dictionary``.</doc>
<status status="PASS" start="2026-09-12T12:17:52.847882" elapsed="0.000137"/>
</kw>
<var name="${v}">{'vid': 111, 'name': 'L3-111'}</var>
<status status="PASS" start="2026-09-12T12:17:52.847533" elapsed="0.000516"/>
</iter>
<iter>
<kw name="Convert To String" owner="BuiltIn">
<msg time="2026-09-12T12:17:52.848340" level="INFO">${vid} = 112</msg>
<var>${vid}</var>
<arg>${v}[vid]</arg>
<doc>Converts the given item to a Unicode string.</doc>
<status status="PASS" start="2026-09-12T12:17:52.848162" elapsed="0.000196"/>
</kw>
<kw name="Set To Dictionary" owner="Collections">
<arg>${got}</arg>
<arg>${vid}</arg>
<arg>${v}[name]</arg>
<doc>Adds the given ``key_value_pairs`` and/or ``items`` to the ``dictionary``.</doc>
<status status="PASS" start="2026-09-12T12:17:52.848410" elapsed="0.000120"/>
</kw>
<var name="${v}">{'vid': 112, 'name': 'L3-112'}</var>
<status status="PASS" start="2026-09-12T12:17:52.848117" elapsed="0.000435"/>
</iter>
<iter>
<kw name="Convert To String" owner="BuiltIn">
<msg time="2026-09-12T12:17:52.848854" level="INFO">${vid} = 113</msg>
<var>${vid}</var>
<arg>${v}[vid]</arg>
<doc>Converts the given item to a Unicode string.</doc>
<status status="PASS" start="2026-09-12T12:17:52.848647" elapsed="0.000225"/>
</kw>
<kw name="Set To Dictionary" owner="Collections">
<arg>${got}</arg>
<arg>${vid}</arg>
<arg>${v}[name]</arg>
<doc>Adds the given ``key_value_pairs`` and/or ``items`` to the ``dictionary``.</doc>
<status status="PASS" start="2026-09-12T12:17:52.848926" elapsed="0.000150"/>
</kw>
<var name="${v}">{'vid': 113, 'name': 'L3-113'}</var>
<status status="PASS" start="2026-09-12T12:17:52.848605" elapsed="0.000504"/>
</iter>
<iter>
<kw name="Convert To String" owner="BuiltIn">
<msg time="2026-09-12T12:17:52.849395" level="INFO">${vid} = 114</msg>
<var>${vid}</var>
<arg>${v}[vid]</arg>
<doc>Converts the given item to a Unicode string.</doc>
<status status="PASS" start="2026-09-12T12:17:52.849218" elapsed="0.000197"/>
</kw>
<kw name="Set To Dictionary" owner="Collections">
<arg>${got}</arg>
<arg>${vid}</arg>
<arg>${v}[name]</arg>
<doc>Adds the given ``key_value_pairs`` and/or ``items`` to the ``dictionary``.</doc>
<status status="PASS" start="2026-09-12T12:17:52.849468" elapsed="0.000116"/>
</kw>
<var name="${v}">{'vid': 114, 'name': 'L3-114'}</var>
<status status="PASS" start="2026-09-12T12:17:52.849167" elapsed="0.000439"/>
</iter>
<iter>
<kw name="Convert To String" owner="BuiltIn">
<msg time="2026-09-12T12:17:52.849881" level="INFO">${vid} = 115</msg>
<var>${vid}</var>
<arg>${v}[vid]</arg>
<doc>Converts the given item to a Unicode string.</doc>
<status status="PASS" start="2026-09-12T12:17:52.849714" elapsed="0.000183"/>
</kw>
<kw name="Set To Dictionary" owner="Collections">
<arg>${got}</arg>
<arg>${vid}</arg>
<arg>${v}[name]</arg>
<doc>Adds the given ``key_value_pairs`` and/or ``items`` to the ``dictionary``.</doc>
<status status="PASS" start="2026-09-12T12:17:52.849948" elapsed="0.000158"/>
</kw>
<var name="${v}">{'vid': 115, 'name': 'L3-115'}</var>
<status status="PASS" start="2026-09-12T12:17:52.849657" elapsed="0.000473"/>
</iter>
<iter>
<kw name="Convert To String" owner="BuiltIn">
<msg time="2026-09-12T12:17:52.850460" level="INFO">${vid} = 116</msg>
<var>${vid}</var>
<arg>${v}[vid]</arg>
<doc>Converts the given item to a Unicode string.</doc>
<status status="PASS" start="2026-09-12T12:17:52.850233" elapsed="0.000245"/>
</kw>
<kw name="Set To Dictionary" owner="Collections">
<arg>${got}</arg>
<arg>${vid}</arg>
<arg>${v}[name]</arg>
<doc>Adds the given ``key_value_pairs`` and/or ``items`` to the ``dictionary``.</doc>
<status status="PASS" start="2026-09-12T12:17:52.850557" elapsed="0.000135"/>
</kw>
<var name="${v}">{'vid': 116, 'name': 'L3-116'}</var>
<status status="PASS" start="2026-09-12T12:17:52.850189" elapsed="0.000528"/>
</iter>
<iter>
<kw name="Convert To String" owner="BuiltIn">
<msg time="2026-09-12T12:17:52.851145" level="INFO">${vid} = 117</msg>
<var>${vid}</var>
<arg>${v}[vid]</arg>
<doc>Converts the given item to a Unicode string.</doc>
<status status="PASS" start="2026-09-12T12:17:52.850870" elapsed="0.000294"/>
</kw>
<kw name="Set To Dictionary" owner="Collections">
<arg>${got}</arg>
<arg>${vid}</arg>
<arg>${v}[name]</arg>
<doc>Adds the given ``key_value_pairs`` and/or ``items`` to the ``dictionary``.</doc>
<status status="PASS" start="2026-09-12T12:17:52.851226" elapsed="0.000146"/>
</kw>
<var name="${v}">{'vid': 117, 'name': 'L3-117'}</var>
<status status="PASS" start="2026-09-12T12:17:52.850801" elapsed="0.000602"/>
</iter>
<iter>
<kw name="Convert To String" owner="BuiltIn">
<msg time="2026-09-12T12:17:52.851720" level="INFO">${vid} = 118</msg>
<var>${vid}</var>
<arg>${v}[vid]</arg>
<doc>Converts the given item to a Unicode string.</doc>
<status status="PASS" start="2026-09-12T12:17:52.851512" elapsed="0.000226"/>
</kw>
<kw name="Set To Dictionary" owner="Collections">
<arg>${got}</arg>
<arg>${vid}</arg>
<arg>${v}[name]</arg>
<doc>Adds the given ``key_value_pairs`` and/or ``items`` to the ``dictionary``.</doc>
<status status="PASS" start="2026-09-12T12:17:52.851800" elapsed="0.000151"/>
</kw>
<var name="${v}">{'vid': 118, 'name': 'L3-118'}</var>
<status status="PASS" start="2026-09-12T12:17:52.851465" elapsed="0.000523"/>
</iter>
<iter>
<kw name="Convert To String" owner="BuiltIn">
<msg time="2026-09-12T12:17:52.852323" level="INFO">${vid} = 119</msg>
<var>${vid}</var>
<arg>${v}[vid]</arg>
<doc>Converts the given item to a Unicode string.</doc>
<status status="PASS" start="2026-09-12T12:17:52.852102" elapsed="0.000239"/>
</kw>
<kw name="Set To Dictionary" owner="Collections">
<arg>${got}</arg>
<arg>${vid}</arg>
<arg>${v}[name]</arg>
<doc>Adds the given ``key_value_pairs`` and/or ``items`` to the ``dictionary``.</doc>
<status status="PASS" start="2026-09-12T12:17:52.852397" elapsed="0.000120"/>
</kw>
<var name="${v}">{'vid': 119, 'name': 'L3-119'}</var>
<status status="PASS" start="2026-09-12T12:17:52.852055" elapsed="0.000485"/>
</iter>
<iter>
<kw name="Convert To String" owner="BuiltIn">
<msg time="2026-09-12T12:17:52.852830" level="INFO">${vid} = 210</msg>
<var>${vid}</var>
<arg>${v}[vid]</arg>
<doc>Converts the given item to a Unicode string.</doc>
<status status="PASS" start="2026-09-12T12:17:52.852650" elapsed="0.000199"/>
</kw>
<kw name="Set To Dictionary" owner="Collections">
<arg>${got}</arg>
<arg>${vid}</arg>
<arg>${v}[name]</arg>
<doc>Adds the given ``key_value_pairs`` and/or ``items`` to the ``dictionary``.</doc>
<status status="PASS" start="2026-09-12T12:17:52.852903" elapsed="0.000135"/>
</kw>
<var name="${v}">{'vid': 210, 'name': 'L2-210'}</var>
<status status="PASS" start="2026-09-12T12:17:52.852601" elapsed="0.000460"/>
</iter>
<iter>
<kw name="Convert To String" owner="BuiltIn">
<msg time="2026-09-12T12:17:52.853380" level="INFO">${vid} = 211</msg>
<var>${vid}</var>
<arg>${v}[vid]</arg>
<doc>Converts the given item to a Unicode string.</doc>
<status status="PASS" start="2026-09-12T12:17:52.853168" elapsed="0.000230"/>
</kw>
<kw name="Set To Dictionary" owner="Collections">
<arg>${got}</arg>
<arg>${vid}</arg>
<arg>${v}[name]</arg>
<doc>Adds the given ``key_value_pairs`` and/or ``items`` to the ``dictionary``.</doc>
<status status="PASS" start="2026-09-12T12:17:52.853453" elapsed="0.000121"/>
</kw>
<var name="${v}">{'vid': 211, 'name': 'L2-211'}</var>
<status status="PASS" start="2026-09-12T12:17:52.853119" elapsed="0.000477"/>
</iter>
<iter>
<kw name="Convert To String" owner="BuiltIn">
<msg time="2026-09-12T12:17:52.853890" level="INFO">${vid} = 212</msg>
<var>${vid}</var>
<arg>${v}[vid]</arg>
<doc>Converts the given item to a Unicode string.</doc>
<status status="PASS" start="2026-09-12T12:17:52.853691" elapsed="0.000218"/>
</kw>
<kw name="Set To Dictionary" owner="Collections">
<arg>${got}</arg>
<arg>${vid}</arg>
<arg>${v}[name]</arg>
<doc>Adds the given ``key_value_pairs`` and/or ``items`` to the ``dictionary``.</doc>
<status status="PASS" start="2026-09-12T12:17:52.853963" elapsed="0.000137"/>
</kw>
<var name="${v}">{'vid': 212, 'name': 'L2-212'}</var>
<status status="PASS" start="2026-09-12T12:17:52.853649" elapsed="0.000474"/>
</iter>
<iter>
<kw name="Convert To String" owner="BuiltIn">
<msg time="2026-09-12T12:17:52.854408" level="INFO">${vid} = 213</msg>
<var>${vid}</var>
<arg>${v}[vid]</arg>
<doc>Converts the given item to a Unicode string.</doc>
<status status="PASS" start="2026-09-12T12:17:52.854230" elapsed="0.000204"/>
</kw>
<kw name="Set To Dictionary" owner="Collections">
<arg>${got}</arg>
<arg>${vid}</arg>
<arg>${v}[name]</arg>
<doc>Adds the given ``key_value_pairs`` and/or ``items`` to the ``dictionary``.</doc>
<status status="PASS" start="2026-09-12T12:17:52.854504" elapsed="0.000135"/>
</kw>
<var name="${v}">{'vid': 213, 'name': 'L2-213'}</var>
<status status="PASS" start="2026-09-12T12:17:52.854181" elapsed="0.000482"/>
</iter>
<iter>
<kw name="Convert To String" owner="BuiltIn">
<msg time="2026-09-12T12:17:52.854948" level="INFO">${vid} = 214</msg>
<var>${vid}</var>
<arg>${v}[vid]</arg>
<doc>Converts the given item to a Unicode string.</doc>
<status status="PASS" start="2026-09-12T12:17:52.854760" elapsed="0.000209"/>
</kw>
<kw name="Set To Dictionary" owner="Collections">
<arg>${got}</arg>
<arg>${vid}</arg>
<arg>${v}[name]</arg>
<doc>Adds the given ``key_value_pairs`` and/or ``items`` to the ``dictionary``.</doc>
<status status="PASS" start="2026-09-12T12:17:52.855036" elapsed="0.000133"/>
</kw>
<var name="${v}">{'vid': 214, 'name': 'L2-214'}</var>
<status status="PASS" start="2026-09-12T12:17:52.854717" elapsed="0.000476"/>
</iter>
<iter>
<kw name="Convert To String" owner="BuiltIn">
<msg time="2026-09-12T12:17:52.855462" level="INFO">${vid} = 215</msg>
<var>${vid}</var>
<arg>${v}[vid]</arg>
<doc>Converts the given item to a Unicode string.</doc>
<status status="PASS" start="2026-09-12T12:17:52.855292" elapsed="0.000186"/>
</kw>
<kw name="Set To Dictionary" owner="Collections">
<arg>${got}</arg>
<arg>${vid}</arg>
<arg>${v}[name]</arg>
<doc>Adds the given ``key_value_pairs`` and/or ``items`` to the ``dictionary``.</doc>
<status status="PASS" start="2026-09-12T12:17:52.855543" elapsed="0.000145"/>
</kw>
<var name="${v}">{'vid': 215, 'name': 'L2-215'}</var>
<status status="PASS" start="2026-09-12T12:17:52.855249" elapsed="0.000464"/>
</iter>
<iter>
<kw name="Convert To String" owner="BuiltIn">
<msg time="2026-09-12T12:17:52.856087" level="INFO">${vid} = 216</msg>
<var>${vid}</var>
<arg>${v}[vid]</arg>
<doc>Converts the given item to a Unicode string.</doc>
<status status="PASS" start="2026-09-12T12:17:52.855828" elapsed="0.000278"/>
</kw>
<kw name="Set To Dictionary" owner="Collections">
<arg>${got}</arg>
<arg>${vid}</arg>
<arg>${v}[name]</arg>
<doc>Adds the given ``key_value_pairs`` and/or ``items`` to the ``dictionary``.</doc>
<status status="PASS" start="2026-09-12T12:17:52.856166" elapsed="0.000133"/>
</kw>
<var name="${v}">{'vid': 216, 'name': 'L2-216'}</var>
<status status="PASS" start="2026-09-12T12:17:52.855766" elapsed="0.000556"/>
</iter>
<iter>
<kw name="Convert To String" owner="BuiltIn">
<msg time="2026-09-12T12:17:52.856595" level="INFO">${vid} = 217</msg>
<var>${vid}</var>
<arg>${v}[vid]</arg>
<doc>Converts the given item to a Unicode string.</doc>
<status status="PASS" start="2026-09-12T12:17:52.856420" elapsed="0.000192"/>
</kw>
<kw name="Set To Dictionary" owner="Collections">
<arg>${got}</arg>
<arg>${vid}</arg>
<arg>${v}[name]</arg>
<doc>Adds the given ``key_value_pairs`` and/or ``items`` to the ``dictionary``.</doc>
<status status="PASS" start="2026-09-12T12:17:52.856696" elapsed="0.000154"/>
</kw>
<var name="${v}">{'vid': 217, 'name': 'L2-217'}</var>
<status status="PASS" start="2026-09-12T12:17:52.856375" elapsed="0.000515"/>
</iter>
<iter>
<kw name="Convert To String" owner="BuiltIn">
<msg time="2026-09-12T12:17:52.857197" level="INFO">${vid} = 218</msg>
<var>${vid}</var>
<arg>${v}[vid]</arg>
<doc>Converts the given item to a Unicode string.</doc>
<status status="PASS" start="2026-09-12T12:17:52.857004" elapsed="0.000210"/>
</kw>
<kw name="Set To Dictionary" owner="Collections">
<arg>${got}</arg>
<arg>${vid}</arg>
<arg>${v}[name]</arg>
<doc>Adds the given ``key_value_pairs`` and/or ``items`` to the ``dictionary``.</doc>
<status status="PASS" start="2026-09-12T12:17:52.857275" elapsed="0.000123"/>
</kw>
<var name="${v}">{'vid': 218, 'name': 'L2-218'}</var>
<status status="PASS" start="2026-09-12T12:17:52.856947" elapsed="0.000475"/>
</iter>
<iter>
<kw name="Convert To String" owner="BuiltIn">
<msg time="2026-09-12T12:17:52.857707" level="INFO">${vid} = 219</msg>
<var>${vid}</var>
<arg>${v}[vid]</arg>
<doc>Converts the given item to a Unicode string.</doc>
<status status="PASS" start="2026-09-12T12:17:52.857535" elapsed="0.000188"/>
</kw>
<kw name="Set To Dictionary" owner="Collections">
<arg>${got}</arg>
<arg>${vid}</arg>
<arg>${v}[name]</arg>
<doc>Adds the given ``key_value_pairs`` and/or ``items`` to the ``dictionary``.</doc>
<status status="PASS" start="2026-09-12T12:17:52.857794" elapsed="0.000146"/>
</kw>
<var name="${v}">{'vid': 219, 'name': 'L2-219'}</var>
<status status="PASS" start="2026-09-12T12:17:52.857487" elapsed="0.000479"/>
</iter>
<var>${v}</var>
<value>@{vg}[vlan_groups][0][vlans]</value>
<status status="PASS" start="2026-09-12T12:17:52.844616" elapsed="0.013387"/>
</for>
<kw name="Dictionaries Should Be Equal" owner="Collections">
<arg>${got}</arg>
<arg>${VLANS}</arg>
<doc>Fails if the given dictionaries are not equal.</doc>
<status status="PASS" start="2026-09-12T12:17:52.858090" elapsed="0.000149"/>
</kw>
<status status="PASS" start="2026-09-12T12:17:52.821227" elapsed="0.037097"/>
</test>
<test id="s1-s1-t6" name="Trunk, access ports, SVIs and cabling are modelled per switch" line="45">
<for flavor="IN">
<iter>
<kw name="Nautobot Graphql" owner="LabLib">
<msg time="2026-09-12T12:17:52.947611" level="INFO">GraphQL { devices(name:"sw1") { interfaces { name mode untagged_vlan { vid } tagged_vlans { vid } ip_addresses { address } connected_interface { name device { name } } } } }
-&gt; 200 {"data":{"devices":[{"interfaces":[{"name":"GigabitEthernet0/0","mode":null,"untagged_vlan":null,"tagged_vlans":[],"ip_addresses":[{"address":"10.0.0.11/24"}],"connected_interface":null},{"name":"GigabitEthernet1/0/1","mode":"TAGGED","untagged_vlan":{"vid":99},"tagged_vlans":[{"vid":10},{"vid":20},{"vid":100},{"vid":110},{"vid":111},{"vid":112},{"vid":113},{"vid":114},{"vid":115},{"vid":116},{"vid":117},{"vid":118},{"vid":119},{"vid":210},{"vid":211},{"vid":212},{"vid":213},{"vid":214},{"vid":215},{"vid":216},{"vid":217},{"vid":218},{"vid":219}],"ip_addresses":[],"connected_interface":{"name":"GigabitEthernet1/0/1","device":{"name":"sw2"}}},{"name":"GigabitEthernet1/0/2","mode":"ACCESS","untagged_vlan":{"vid":10},"tagged_vlans":[],"ip_addresses":[],"connected_interface":{"name":"eth1","device":{"name":"host1"}}},{"name":"GigabitEthernet1/0/3","mode":"ACCESS","untagged_vlan":{"vid":10},"tagged_vlans":[],"ip_addresses":[],"connected_interface":null},{"name":"GigabitEthernet1/0/4","mode":"ACCESS","untagged_vlan":{"vid":20},"tagged_vlans":[],"ip_addresses":[],"connected_interface":null},{"name":"GigabitEthernet1/0/5","mode":null,"untagged_vlan":null,"tagged_vlans":[],"ip_addresses":[],"connected_interface":null},{"name":"GigabitEthernet1/0/6","mode":null,"untagged_vlan":null,"tagged_vlans":[],"ip_addresses":[],"connected_interface":null},{"name":"GigabitEthernet1/0/7","mode":null,"untagged_vlan":null,"tagged_vlans":[],"ip_addresses":[],"connected_interface":null},{"name":"GigabitEthernet1/0/8","mode":null,"untagged_vlan":null,"tagged_vlans":[],"ip_addresses":[],"connected_interface":null},{"name":"Loopback0","mode":null,"untagged_vlan":null,"tagged_vlans":[],"ip_addresses":[{"address":"10.255.0.1/32"}],"connected_interface":null},{"name":"Vlan1","mode":null,"untagged_vlan":null,"tagged_vlans":[],"ip_addresses":[],"connected_interface":null},{"name":"Vlan10","mode":"ACCESS","untagged_vlan":{"vid":10},"tagged_vlans":[],"ip_addresses":[{"address":"10.10.0.1/24"}],"connecte</msg>
<msg time="2026-09-12T12:17:52.947925" level="INFO">${d} = {'devices': [{'interfaces': [{'name': 'GigabitEthernet0/0', 'mode': None, 'untagged_vlan': None, 'tagged_vlans': [], 'ip_addresses': [{'address': '10.0.0.11/24'}], 'connected_interface': None}, {'name...</msg>
<var>${d}</var>
<arg>{ devices(name:"${sw}") { interfaces { name mode untagged_vlan { vid } tagged_vlans { vid } ip_addresses { address } connected_interface { name device { name } } } } }</arg>
<status status="PASS" start="2026-09-12T12:17:52.858906" elapsed="0.089044"/>
</kw>
<kw name="Create Dictionary" owner="BuiltIn">
<msg time="2026-09-12T12:17:52.948382" level="INFO">${ifs} = {}</msg>
<var>${ifs}</var>
<doc>Creates and returns a dictionary based on the given ``items``.</doc>
<status status="PASS" start="2026-09-12T12:17:52.948107" elapsed="0.000297"/>
</kw>
<for flavor="IN">
<iter>
<kw name="Set To Dictionary" owner="Collections">
<arg>${ifs}</arg>
<arg>${i}[name]</arg>
<arg>${i}</arg>
<doc>Adds the given ``key_value_pairs`` and/or ``items`` to the ``dictionary``.</doc>
<status status="PASS" start="2026-09-12T12:17:52.948640" elapsed="0.000192"/>
</kw>
<var name="${i}">{'name': 'GigabitEthernet0/0', 'mode': None, 'untagged_vlan': None, 'tagged_vlans': [], 'ip_addresses': [{'address': '10.0.0.11/24'}], 'connected_interface': None}</var>
<status status="PASS" start="2026-09-12T12:17:52.948564" elapsed="0.000302"/>
</iter>
<iter>
<kw name="Set To Dictionary" owner="Collections">
<arg>${ifs}</arg>
<arg>${i}[name]</arg>
<arg>${i}</arg>
<doc>Adds the given ``key_value_pairs`` and/or ``items`` to the ``dictionary``.</doc>
<status status="PASS" start="2026-09-12T12:17:52.948992" elapsed="0.000173"/>
</kw>
<var name="${i}">{'name': 'GigabitEthernet1/0/1', 'mode': 'TAGGED', 'untagged_vlan': {'vid': 99}, 'tagged_vlans': [{'vid': 10}, {'vid': 20}, {'vid': 100}, {'vid': 110}, {'vid': 111}, {'vid': 112}, {'vid': 113}, {'vid'...</var>
<status status="PASS" start="2026-09-12T12:17:52.948932" elapsed="0.000262"/>
</iter>
<iter>
<kw name="Set To Dictionary" owner="Collections">
<arg>${ifs}</arg>
<arg>${i}[name]</arg>
<arg>${i}</arg>
<doc>Adds the given ``key_value_pairs`` and/or ``items`` to the ``dictionary``.</doc>
<status status="PASS" start="2026-09-12T12:17:52.949314" elapsed="0.000152"/>
</kw>
<var name="${i}">{'name': 'GigabitEthernet1/0/2', 'mode': 'ACCESS', 'untagged_vlan': {'vid': 10}, 'tagged_vlans': [], 'ip_addresses': [], 'connected_interface': {'name': 'eth1', 'device': {'name': 'host1'}}}</var>
<status status="PASS" start="2026-09-12T12:17:52.949261" elapsed="0.000249"/>
</iter>
<iter>
<kw name="Set To Dictionary" owner="Collections">
<arg>${ifs}</arg>
<arg>${i}[name]</arg>
<arg>${i}</arg>
<doc>Adds the given ``key_value_pairs`` and/or ``items`` to the ``dictionary``.</doc>
<status status="PASS" start="2026-09-12T12:17:52.949643" elapsed="0.000175"/>
</kw>
<var name="${i}">{'name': 'GigabitEthernet1/0/3', 'mode': 'ACCESS', 'untagged_vlan': {'vid': 10}, 'tagged_vlans': [], 'ip_addresses': [], 'connected_interface': None}</var>
<status status="PASS" start="2026-09-12T12:17:52.949590" elapsed="0.000260"/>
</iter>
<iter>
<kw name="Set To Dictionary" owner="Collections">
<arg>${ifs}</arg>
<arg>${i}[name]</arg>
<arg>${i}</arg>
<doc>Adds the given ``key_value_pairs`` and/or ``items`` to the ``dictionary``.</doc>
<status status="PASS" start="2026-09-12T12:17:52.949967" elapsed="0.000171"/>
</kw>
<var name="${i}">{'name': 'GigabitEthernet1/0/4', 'mode': 'ACCESS', 'untagged_vlan': {'vid': 20}, 'tagged_vlans': [], 'ip_addresses': [], 'connected_interface': None}</var>
<status status="PASS" start="2026-09-12T12:17:52.949911" elapsed="0.000264"/>
</iter>
<iter>
<kw name="Set To Dictionary" owner="Collections">
<arg>${ifs}</arg>
<arg>${i}[name]</arg>
<arg>${i}</arg>
<doc>Adds the given ``key_value_pairs`` and/or ``items`` to the ``dictionary``.</doc>
<status status="PASS" start="2026-09-12T12:17:52.950326" elapsed="0.000161"/>
</kw>
<var name="${i}">{'name': 'GigabitEthernet1/0/5', 'mode': None, 'untagged_vlan': None, 'tagged_vlans': [], 'ip_addresses': [], 'connected_interface': None}</var>
<status status="PASS" start="2026-09-12T12:17:52.950259" elapsed="0.000257"/>
</iter>
<iter>
<kw name="Set To Dictionary" owner="Collections">
<arg>${ifs}</arg>
<arg>${i}[name]</arg>
<arg>${i}</arg>
<doc>Adds the given ``key_value_pairs`` and/or ``items`` to the ``dictionary``.</doc>
<status status="PASS" start="2026-09-12T12:17:52.950632" elapsed="0.000179"/>
</kw>
<var name="${i}">{'name': 'GigabitEthernet1/0/6', 'mode': None, 'untagged_vlan': None, 'tagged_vlans': [], 'ip_addresses': [], 'connected_interface': None}</var>
<status status="PASS" start="2026-09-12T12:17:52.950572" elapsed="0.000275"/>
</iter>
<iter>
<kw name="Set To Dictionary" owner="Collections">
<arg>${ifs}</arg>
<arg>${i}[name]</arg>
<arg>${i}</arg>
<doc>Adds the given ``key_value_pairs`` and/or ``items`` to the ``dictionary``.</doc>
<status status="PASS" start="2026-09-12T12:17:52.951004" elapsed="0.000185"/>
</kw>
<var name="${i}">{'name': 'GigabitEthernet1/0/7', 'mode': None, 'untagged_vlan': None, 'tagged_vlans': [], 'ip_addresses': [], 'connected_interface': None}</var>
<status status="PASS" start="2026-09-12T12:17:52.950921" elapsed="0.000298"/>
</iter>
<iter>
<kw name="Set To Dictionary" owner="Collections">
<arg>${ifs}</arg>
<arg>${i}[name]</arg>
<arg>${i}</arg>
<doc>Adds the given ``key_value_pairs`` and/or ``items`` to the ``dictionary``.</doc>
<status status="PASS" start="2026-09-12T12:17:52.951327" elapsed="0.000127"/>
</kw>
<var name="${i}">{'name': 'GigabitEthernet1/0/8', 'mode': None, 'untagged_vlan': None, 'tagged_vlans': [], 'ip_addresses': [], 'connected_interface': None}</var>
<status status="PASS" start="2026-09-12T12:17:52.951277" elapsed="0.000202"/>
</iter>
<iter>
<kw name="Set To Dictionary" owner="Collections">
<arg>${ifs}</arg>
<arg>${i}[name]</arg>
<arg>${i}</arg>
<doc>Adds the given ``key_value_pairs`` and/or ``items`` to the ``dictionary``.</doc>
<status status="PASS" start="2026-09-12T12:17:52.951574" elapsed="0.000120"/>
</kw>
<var name="${i}">{'name': 'Loopback0', 'mode': None, 'untagged_vlan': None, 'tagged_vlans': [], 'ip_addresses': [{'address': '10.255.0.1/32'}], 'connected_interface': None}</var>
<status status="PASS" start="2026-09-12T12:17:52.951530" elapsed="0.000187"/>
</iter>
<iter>
<kw name="Set To Dictionary" owner="Collections">
<arg>${ifs}</arg>
<arg>${i}[name]</arg>
<arg>${i}</arg>
<doc>Adds the given ``key_value_pairs`` and/or ``items`` to the ``dictionary``.</doc>
<status status="PASS" start="2026-09-12T12:17:52.951807" elapsed="0.000119"/>
</kw>
<var name="${i}">{'name': 'Vlan1', 'mode': None, 'untagged_vlan': None, 'tagged_vlans': [], 'ip_addresses': [], 'connected_interface': None}</var>
<status status="PASS" start="2026-09-12T12:17:52.951766" elapsed="0.000183"/>
</iter>
<iter>
<kw name="Set To Dictionary" owner="Collections">
<arg>${ifs}</arg>
<arg>${i}[name]</arg>
<arg>${i}</arg>
<doc>Adds the given ``key_value_pairs`` and/or ``items`` to the ``dictionary``.</doc>
<status status="PASS" start="2026-09-12T12:17:52.952085" elapsed="0.000126"/>
</kw>
<var name="${i}">{'name': 'Vlan10', 'mode': 'ACCESS', 'untagged_vlan': {'vid': 10}, 'tagged_vlans': [], 'ip_addresses': [{'address': '10.10.0.1/24'}], 'connected_interface': None}</var>
<status status="PASS" start="2026-09-12T12:17:52.952025" elapsed="0.000211"/>
</iter>
<iter>
<kw name="Set To Dictionary" owner="Collections">
<arg>${ifs}</arg>
<arg>${i}[name]</arg>
<arg>${i}</arg>
<doc>Adds the given ``key_value_pairs`` and/or ``items`` to the ``dictionary``.</doc>
<status status="PASS" start="2026-09-12T12:17:52.952332" elapsed="0.000121"/>
</kw>
<var name="${i}">{'name': 'Vlan100', 'mode': 'ACCESS', 'untagged_vlan': {'vid': 100}, 'tagged_vlans': [], 'ip_addresses': [{'address': '10.100.0.1/30'}], 'connected_interface': None}</var>
<status status="PASS" start="2026-09-12T12:17:52.952289" elapsed="0.000188"/>
</iter>
<iter>
<kw name="Set To Dictionary" owner="Collections">
<arg>${ifs}</arg>
<arg>${i}[name]</arg>
<arg>${i}</arg>
<doc>Adds the given ``key_value_pairs`` and/or ``items`` to the ``dictionary``.</doc>
<status status="PASS" start="2026-09-12T12:17:52.952570" elapsed="0.000114"/>
</kw>
<var name="${i}">{'name': 'Vlan110', 'mode': 'ACCESS', 'untagged_vlan': {'vid': 110}, 'tagged_vlans': [], 'ip_addresses': [{'address': '10.110.0.1/24'}], 'connected_interface': None}</var>
<status status="PASS" start="2026-09-12T12:17:52.952526" elapsed="0.000181"/>
</iter>
<iter>
<kw name="Set To Dictionary" owner="Collections">
<arg>${ifs}</arg>
<arg>${i}[name]</arg>
<arg>${i}</arg>
<doc>Adds the given ``key_value_pairs`` and/or ``items`` to the ``dictionary``.</doc>
<status status="PASS" start="2026-09-12T12:17:52.952798" elapsed="0.000117"/>
</kw>
<var name="${i}">{'name': 'Vlan111', 'mode': 'ACCESS', 'untagged_vlan': {'vid': 111}, 'tagged_vlans': [], 'ip_addresses': [{'address': '10.111.0.1/24'}], 'connected_interface': None}</var>
<status status="PASS" start="2026-09-12T12:17:52.952758" elapsed="0.000181"/>
</iter>
<iter>
<kw name="Set To Dictionary" owner="Collections">
<arg>${ifs}</arg>
<arg>${i}[name]</arg>
<arg>${i}</arg>
<doc>Adds the given ``key_value_pairs`` and/or ``items`` to the ``dictionary``.</doc>
<status status="PASS" start="2026-09-12T12:17:52.953045" elapsed="0.000138"/>
</kw>
<var name="${i}">{'name': 'Vlan112', 'mode': 'ACCESS', 'untagged_vlan': {'vid': 112}, 'tagged_vlans': [], 'ip_addresses': [{'address': '10.112.0.1/24'}], 'connected_interface': None}</var>
<status status="PASS" start="2026-09-12T12:17:52.952999" elapsed="0.000208"/>
</iter>
<iter>
<kw name="Set To Dictionary" owner="Collections">
<arg>${ifs}</arg>
<arg>${i}[name]</arg>
<arg>${i}</arg>
<doc>Adds the given ``key_value_pairs`` and/or ``items`` to the ``dictionary``.</doc>
<status status="PASS" start="2026-09-12T12:17:52.953314" elapsed="0.000119"/>
</kw>
<var name="${i}">{'name': 'Vlan113', 'mode': 'ACCESS', 'untagged_vlan': {'vid': 113}, 'tagged_vlans': [], 'ip_addresses': [{'address': '10.113.0.1/24'}], 'connected_interface': None}</var>
<status status="PASS" start="2026-09-12T12:17:52.953267" elapsed="0.000190"/>
</iter>
<iter>
<kw name="Set To Dictionary" owner="Collections">
<arg>${ifs}</arg>
<arg>${i}[name]</arg>
<arg>${i}</arg>
<doc>Adds the given ``key_value_pairs`` and/or ``items`` to the ``dictionary``.</doc>
<status status="PASS" start="2026-09-12T12:17:52.953558" elapsed="0.000145"/>
</kw>
<var name="${i}">{'name': 'Vlan114', 'mode': 'ACCESS', 'untagged_vlan': {'vid': 114}, 'tagged_vlans': [], 'ip_addresses': [{'address': '10.114.0.1/24'}], 'connected_interface': None}</var>
<status status="PASS" start="2026-09-12T12:17:52.953506" elapsed="0.000223"/>
</iter>
<var>${i}</var>
<value>@{d}[devices][0][interfaces]</value>
<status status="PASS" start="2026-09-12T12:17:52.948447" elapsed="0.005302"/>
</for>
<kw name="Should Be Equal" owner="BuiltIn">
<arg>${ifs}[GigabitEthernet1/0/1][mode]</arg>
<arg>TAGGED</arg>
<doc>Fails if the given objects are unequal.</doc>
<status status="PASS" start="2026-09-12T12:17:52.953821" elapsed="0.000270"/>
</kw>
<kw name="Should Be Equal As Integers" owner="BuiltIn">
<msg time="2026-09-12T12:17:52.954409" level="INFO">Argument types are:
&lt;class 'int'&gt;
&lt;class 'str'&gt;</msg>
<arg>${ifs}[GigabitEthernet1/0/1][untagged_vlan][vid]</arg>
<arg>${TRUNK_NATIVE_VLAN}</arg>
<doc>Fails if objects are unequal after converting them to integers.</doc>
<status status="PASS" start="2026-09-12T12:17:52.954189" elapsed="0.000260"/>
</kw>
<kw name="Length Should Be" owner="BuiltIn">
<msg time="2026-09-12T12:17:52.954693" level="INFO">Length is 23.</msg>
<arg>${ifs}[GigabitEthernet1/0/1][tagged_vlans]</arg>
<arg>23</arg>
<doc>Verifies that the length of the given item is correct.</doc>
<status status="PASS" start="2026-09-12T12:17:52.954514" elapsed="0.000209"/>
</kw>
<kw name="Should Be Equal" owner="BuiltIn">
<arg>${ifs}[GigabitEthernet1/0/1][connected_interface][device][name]</arg>
<arg>${SWITCHES}[${sw}][peer]</arg>
<doc>Fails if the given objects are unequal.</doc>
<status status="PASS" start="2026-09-12T12:17:52.954783" elapsed="0.000247"/>
</kw>
<for flavor="IN">
<iter>
<kw name="Replace String" owner="String">
<msg time="2026-09-12T12:17:52.955542" level="INFO">${name} = GigabitEthernet1/0/2</msg>
<var>${name}</var>
<arg>${port}</arg>
<arg>Gi</arg>
<arg>GigabitEthernet</arg>
<doc>Replaces ``search_for`` in the given ``string`` with ``replace_with``.</doc>
<status status="PASS" start="2026-09-12T12:17:52.955380" elapsed="0.000181"/>
</kw>
<kw name="Should Be Equal" owner="BuiltIn">
<arg>${ifs}[${name}][mode]</arg>
<arg>ACCESS</arg>
<doc>Fails if the given objects are unequal.</doc>
<status status="PASS" start="2026-09-12T12:17:52.955625" elapsed="0.000210"/>
</kw>
<kw name="Should Be Equal As Integers" owner="BuiltIn">
<msg time="2026-09-12T12:17:52.956088" level="INFO">Argument types are:
&lt;class 'int'&gt;
&lt;class 'str'&gt;</msg>
<arg>${ifs}[${name}][untagged_vlan][vid]</arg>
<arg>${vlan}</arg>
<doc>Fails if objects are unequal after converting them to integers.</doc>
<status status="PASS" start="2026-09-12T12:17:52.955900" elapsed="0.000226"/>
</kw>
<var name="${port}">Gi1/0/2</var>
<var name="${vlan}">10</var>
<status status="PASS" start="2026-09-12T12:17:52.955308" elapsed="0.000841"/>
</iter>
<iter>
<kw name="Replace String" owner="String">
<msg time="2026-09-12T12:17:52.956418" level="INFO">${name} = GigabitEthernet1/0/3</msg>
<var>${name}</var>
<arg>${port}</arg>
<arg>Gi</arg>
<arg>GigabitEthernet</arg>
<doc>Replaces ``search_for`` in the given ``string`` with ``replace_with``.</doc>
<status status="PASS" start="2026-09-12T12:17:52.956270" elapsed="0.000166"/>
</kw>
<kw name="Should Be Equal" owner="BuiltIn">
<arg>${ifs}[${name}][mode]</arg>
<arg>ACCESS</arg>
<doc>Fails if the given objects are unequal.</doc>
<status status="PASS" start="2026-09-12T12:17:52.956496" elapsed="0.000186"/>
</kw>
<kw name="Should Be Equal As Integers" owner="BuiltIn">
<msg time="2026-09-12T12:17:52.956919" level="INFO">Argument types are:
&lt;class 'int'&gt;
&lt;class 'str'&gt;</msg>
<arg>${ifs}[${name}][untagged_vlan][vid]</arg>
<arg>${vlan}</arg>
<doc>Fails if objects are unequal after converting them to integers.</doc>
<status status="PASS" start="2026-09-12T12:17:52.956739" elapsed="0.000218"/>
</kw>
<var name="${port}">Gi1/0/3</var>
<var name="${vlan}">10</var>
<status status="PASS" start="2026-09-12T12:17:52.956216" elapsed="0.000776"/>
</iter>
<iter>
<kw name="Replace String" owner="String">
<msg time="2026-09-12T12:17:52.957232" level="INFO">${name} = GigabitEthernet1/0/4</msg>
<var>${name}</var>
<arg>${port}</arg>
<arg>Gi</arg>
<arg>GigabitEthernet</arg>
<doc>Replaces ``search_for`` in the given ``string`` with ``replace_with``.</doc>
<status status="PASS" start="2026-09-12T12:17:52.957115" elapsed="0.000133"/>
</kw>
<kw name="Should Be Equal" owner="BuiltIn">
<arg>${ifs}[${name}][mode]</arg>
<arg>ACCESS</arg>
<doc>Fails if the given objects are unequal.</doc>
<status status="PASS" start="2026-09-12T12:17:52.957309" elapsed="0.000210"/>
</kw>
<kw name="Should Be Equal As Integers" owner="BuiltIn">
<msg time="2026-09-12T12:17:52.957737" level="INFO">Argument types are:
&lt;class 'int'&gt;
&lt;class 'str'&gt;</msg>
<arg>${ifs}[${name}][untagged_vlan][vid]</arg>
<arg>${vlan}</arg>
<doc>Fails if objects are unequal after converting them to integers.</doc>
<status status="PASS" start="2026-09-12T12:17:52.957577" elapsed="0.000203"/>
</kw>
<var name="${port}">Gi1/0/4</var>
<var name="${vlan}">20</var>
<status status="PASS" start="2026-09-12T12:17:52.957068" elapsed="0.000742"/>
</iter>
<var>${port}</var>
<var>${vlan}</var>
<value>&amp;{ACCESS_PORTS}</value>
<status status="PASS" start="2026-09-12T12:17:52.955088" elapsed="0.002750"/>
</for>
<for flavor="IN">
<iter>
<kw name="Should Start With" owner="BuiltIn">
<arg>${ifs}[${svi}][ip_addresses][0][address]</arg>
<arg>${ip}/</arg>
<doc>Fails if the string ``str1`` does not start with the string ``str2``.</doc>
<status status="PASS" start="2026-09-12T12:17:52.958041" elapsed="0.000203"/>
</kw>
<var name="${svi}">Vlan10</var>
<var name="${ip}">10.10.0.1</var>
<status status="PASS" start="2026-09-12T12:17:52.957994" elapsed="0.000285"/>
</iter>
<iter>
<kw name="Should Start With" owner="BuiltIn">
<arg>${ifs}[${svi}][ip_addresses][0][address]</arg>
<arg>${ip}/</arg>
<doc>Fails if the string ``str1`` does not start with the string ``str2``.</doc>
<status status="PASS" start="2026-09-12T12:17:52.958397" elapsed="0.000229"/>
</kw>
<var name="${svi}">Vlan100</var>
<var name="${ip}">10.100.0.1</var>
<status status="PASS" start="2026-09-12T12:17:52.958353" elapsed="0.000297"/>
</iter>
<var>${svi}</var>
<var>${ip}</var>
<value>&amp;{SWITCHES}[${sw}][svis]</value>
<status status="PASS" start="2026-09-12T12:17:52.957870" elapsed="0.000801"/>
</for>
<kw name="Should Be Equal" owner="BuiltIn">
<arg>${ifs}[Loopback0][ip_addresses][0][address]</arg>
<arg>${SWITCHES}[${sw}][router_id]/32</arg>
<doc>Fails if the given objects are unequal.</doc>
<status status="PASS" start="2026-09-12T12:17:52.958732" elapsed="0.000264"/>
</kw>
<var name="${sw}">sw1</var>
<status status="PASS" start="2026-09-12T12:17:52.858856" elapsed="0.100165"/>
</iter>
<iter>
<kw name="Nautobot Graphql" owner="LabLib">
<msg time="2026-09-12T12:17:53.050962" level="INFO">GraphQL { devices(name:"sw2") { interfaces { name mode untagged_vlan { vid } tagged_vlans { vid } ip_addresses { address } connected_interface { name device { name } } } } }
-&gt; 200 {"data":{"devices":[{"interfaces":[{"name":"GigabitEthernet0/0","mode":null,"untagged_vlan":null,"tagged_vlans":[],"ip_addresses":[{"address":"10.0.0.12/24"}],"connected_interface":null},{"name":"GigabitEthernet1/0/1","mode":"TAGGED","untagged_vlan":{"vid":99},"tagged_vlans":[{"vid":10},{"vid":20},{"vid":100},{"vid":110},{"vid":111},{"vid":112},{"vid":113},{"vid":114},{"vid":115},{"vid":116},{"vid":117},{"vid":118},{"vid":119},{"vid":210},{"vid":211},{"vid":212},{"vid":213},{"vid":214},{"vid":215},{"vid":216},{"vid":217},{"vid":218},{"vid":219}],"ip_addresses":[],"connected_interface":{"name":"GigabitEthernet1/0/1","device":{"name":"sw1"}}},{"name":"GigabitEthernet1/0/2","mode":"ACCESS","untagged_vlan":{"vid":10},"tagged_vlans":[],"ip_addresses":[],"connected_interface":null},{"name":"GigabitEthernet1/0/3","mode":"ACCESS","untagged_vlan":{"vid":10},"tagged_vlans":[],"ip_addresses":[],"connected_interface":null},{"name":"GigabitEthernet1/0/4","mode":"ACCESS","untagged_vlan":{"vid":20},"tagged_vlans":[],"ip_addresses":[],"connected_interface":{"name":"eth1","device":{"name":"host2"}}},{"name":"GigabitEthernet1/0/5","mode":null,"untagged_vlan":null,"tagged_vlans":[],"ip_addresses":[],"connected_interface":null},{"name":"GigabitEthernet1/0/6","mode":null,"untagged_vlan":null,"tagged_vlans":[],"ip_addresses":[],"connected_interface":null},{"name":"GigabitEthernet1/0/7","mode":null,"untagged_vlan":null,"tagged_vlans":[],"ip_addresses":[],"connected_interface":null},{"name":"GigabitEthernet1/0/8","mode":null,"untagged_vlan":null,"tagged_vlans":[],"ip_addresses":[],"connected_interface":null},{"name":"Loopback0","mode":null,"untagged_vlan":null,"tagged_vlans":[],"ip_addresses":[{"address":"10.255.0.2/32"}],"connected_interface":null},{"name":"Vlan1","mode":null,"untagged_vlan":null,"tagged_vlans":[],"ip_addresses":[],"connected_interface":null},{"name":"Vlan20","mode":"ACCESS","untagged_vlan":{"vid":20},"tagged_vlans":[],"ip_addresses":[{"address":"10.20.0.1/24"}],"connecte</msg>
<msg time="2026-09-12T12:17:53.051363" level="INFO">${d} = {'devices': [{'interfaces': [{'name': 'GigabitEthernet0/0', 'mode': None, 'untagged_vlan': None, 'tagged_vlans': [], 'ip_addresses': [{'address': '10.0.0.12/24'}], 'connected_interface': None}, {'name...</msg>
<var>${d}</var>
<arg>{ devices(name:"${sw}") { interfaces { name mode untagged_vlan { vid } tagged_vlans { vid } ip_addresses { address } connected_interface { name device { name } } } } }</arg>
<status status="PASS" start="2026-09-12T12:17:52.959185" elapsed="0.092216"/>
</kw>
<kw name="Create Dictionary" owner="BuiltIn">
<msg time="2026-09-12T12:17:53.051923" level="INFO">${ifs} = {}</msg>
<var>${ifs}</var>
<doc>Creates and returns a dictionary based on the given ``items``.</doc>
<status status="PASS" start="2026-09-12T12:17:53.051604" elapsed="0.000343"/>
</kw>
<for flavor="IN">
<iter>
<kw name="Set To Dictionary" owner="Collections">
<arg>${ifs}</arg>
<arg>${i}[name]</arg>
<arg>${i}</arg>
<doc>Adds the given ``key_value_pairs`` and/or ``items`` to the ``dictionary``.</doc>
<status status="PASS" start="2026-09-12T12:17:53.052246" elapsed="0.000214"/>
</kw>
<var name="${i}">{'name': 'GigabitEthernet0/0', 'mode': None, 'untagged_vlan': None, 'tagged_vlans': [], 'ip_addresses': [{'address': '10.0.0.12/24'}], 'connected_interface': None}</var>
<status status="PASS" start="2026-09-12T12:17:53.052174" elapsed="0.000322"/>
</iter>
<iter>
<kw name="Set To Dictionary" owner="Collections">
<arg>${ifs}</arg>
<arg>${i}[name]</arg>
<arg>${i}</arg>
<doc>Adds the given ``key_value_pairs`` and/or ``items`` to the ``dictionary``.</doc>
<status status="PASS" start="2026-09-12T12:17:53.052639" elapsed="0.000158"/>
</kw>
<var name="${i}">{'name': 'GigabitEthernet1/0/1', 'mode': 'TAGGED', 'untagged_vlan': {'vid': 99}, 'tagged_vlans': [{'vid': 10}, {'vid': 20}, {'vid': 100}, {'vid': 110}, {'vid': 111}, {'vid': 112}, {'vid': 113}, {'vid'...</var>
<status status="PASS" start="2026-09-12T12:17:53.052578" elapsed="0.000253"/>
</iter>
<iter>
<kw name="Set To Dictionary" owner="Collections">
<arg>${ifs}</arg>
<arg>${i}[name]</arg>
<arg>${i}</arg>
<doc>Adds the given ``key_value_pairs`` and/or ``items`` to the ``dictionary``.</doc>
<status status="PASS" start="2026-09-12T12:17:53.052952" elapsed="0.000173"/>
</kw>
<var name="${i}">{'name': 'GigabitEthernet1/0/2', 'mode': 'ACCESS', 'untagged_vlan': {'vid': 10}, 'tagged_vlans': [], 'ip_addresses': [], 'connected_interface': None}</var>
<status status="PASS" start="2026-09-12T12:17:53.052896" elapsed="0.000262"/>
</iter>
<iter>
<kw name="Set To Dictionary" owner="Collections">
<arg>${ifs}</arg>
<arg>${i}[name]</arg>
<arg>${i}</arg>
<doc>Adds the given ``key_value_pairs`` and/or ``items`` to the ``dictionary``.</doc>
<status status="PASS" start="2026-09-12T12:17:53.053293" elapsed="0.000165"/>
</kw>
<var name="${i}">{'name': 'GigabitEthernet1/0/3', 'mode': 'ACCESS', 'untagged_vlan': {'vid': 10}, 'tagged_vlans': [], 'ip_addresses': [], 'connected_interface': None}</var>
<status status="PASS" start="2026-09-12T12:17:53.053228" elapsed="0.000264"/>
</iter>
<iter>
<kw name="Set To Dictionary" owner="Collections">
<arg>${ifs}</arg>
<arg>${i}[name]</arg>
<arg>${i}</arg>
<doc>Adds the given ``key_value_pairs`` and/or ``items`` to the ``dictionary``.</doc>
<status status="PASS" start="2026-09-12T12:17:53.053612" elapsed="0.000171"/>
</kw>
<var name="${i}">{'name': 'GigabitEthernet1/0/4', 'mode': 'ACCESS', 'untagged_vlan': {'vid': 20}, 'tagged_vlans': [], 'ip_addresses': [], 'connected_interface': {'name': 'eth1', 'device': {'name': 'host2'}}}</var>
<status status="PASS" start="2026-09-12T12:17:53.053556" elapsed="0.000261"/>
</iter>
<iter>
<kw name="Set To Dictionary" owner="Collections">
<arg>${ifs}</arg>
<arg>${i}[name]</arg>
<arg>${i}</arg>
<doc>Adds the given ``key_value_pairs`` and/or ``items`` to the ``dictionary``.</doc>
<status status="PASS" start="2026-09-12T12:17:53.053938" elapsed="0.000169"/>
</kw>
<var name="${i}">{'name': 'GigabitEthernet1/0/5', 'mode': None, 'untagged_vlan': None, 'tagged_vlans': [], 'ip_addresses': [], 'connected_interface': None}</var>
<status status="PASS" start="2026-09-12T12:17:53.053879" elapsed="0.000261"/>
</iter>
<iter>
<kw name="Set To Dictionary" owner="Collections">
<arg>${ifs}</arg>
[...]
<arg>${adv}</arg>
<arg>${p}[prefix]</arg>
<doc>Adds ``values`` to the end of ``list``.</doc>
<status status="PASS" start="2026-09-12T12:17:54.477944" elapsed="0.000126"/>
</kw>
<var name="${p}">{'prefix': '10.114.0.0/24'}</var>
<status status="PASS" start="2026-09-12T12:17:54.477904" elapsed="0.000198"/>
</iter>
<iter>
<kw name="Append To List" owner="Collections">
<arg>${adv}</arg>
<arg>${p}[prefix]</arg>
<doc>Adds ``values`` to the end of ``list``.</doc>
<status status="PASS" start="2026-09-12T12:17:54.478194" elapsed="0.000107"/>
</kw>
<var name="${p}">{'prefix': '10.115.0.0/24'}</var>
<status status="PASS" start="2026-09-12T12:17:54.478153" elapsed="0.000169"/>
</iter>
<iter>
<kw name="Append To List" owner="Collections">
<arg>${adv}</arg>
<arg>${p}[prefix]</arg>
<doc>Adds ``values`` to the end of ``list``.</doc>
<status status="PASS" start="2026-09-12T12:17:54.478414" elapsed="0.000115"/>
</kw>
<var name="${p}">{'prefix': '10.116.0.0/24'}</var>
<status status="PASS" start="2026-09-12T12:17:54.478375" elapsed="0.000175"/>
</iter>
<iter>
<kw name="Append To List" owner="Collections">
<arg>${adv}</arg>
<arg>${p}[prefix]</arg>
<doc>Adds ``values`` to the end of ``list``.</doc>
<status status="PASS" start="2026-09-12T12:17:54.478638" elapsed="0.000100"/>
</kw>
<var name="${p}">{'prefix': '10.117.0.0/24'}</var>
<status status="PASS" start="2026-09-12T12:17:54.478598" elapsed="0.000162"/>
</iter>
<iter>
<kw name="Append To List" owner="Collections">
<arg>${adv}</arg>
<arg>${p}[prefix]</arg>
<doc>Adds ``values`` to the end of ``list``.</doc>
<status status="PASS" start="2026-09-12T12:17:54.478849" elapsed="0.000100"/>
</kw>
<var name="${p}">{'prefix': '10.118.0.0/24'}</var>
<status status="PASS" start="2026-09-12T12:17:54.478810" elapsed="0.000160"/>
</iter>
<iter>
<kw name="Append To List" owner="Collections">
<arg>${adv}</arg>
<arg>${p}[prefix]</arg>
<doc>Adds ``values`` to the end of ``list``.</doc>
<status status="PASS" start="2026-09-12T12:17:54.479080" elapsed="0.000104"/>
</kw>
<var name="${p}">{'prefix': '10.119.0.0/24'}</var>
<status status="PASS" start="2026-09-12T12:17:54.479039" elapsed="0.000166"/>
</iter>
<iter>
<kw name="Append To List" owner="Collections">
<arg>${adv}</arg>
<arg>${p}[prefix]</arg>
<doc>Adds ``values`` to the end of ``list``.</doc>
<status status="PASS" start="2026-09-12T12:17:54.479288" elapsed="0.000098"/>
</kw>
<var name="${p}">{'prefix': '10.255.0.1/32'}</var>
<status status="PASS" start="2026-09-12T12:17:54.479251" elapsed="0.000158"/>
</iter>
<iter>
<kw name="Append To List" owner="Collections">
<arg>${adv}</arg>
<arg>${p}[prefix]</arg>
<doc>Adds ``values`` to the end of ``list``.</doc>
<status status="PASS" start="2026-09-12T12:17:54.479491" elapsed="0.000106"/>
</kw>
<var name="${p}">{'prefix': '10.255.0.2/32'}</var>
<status status="PASS" start="2026-09-12T12:17:54.479454" elapsed="0.000164"/>
</iter>
<var>${p}</var>
<value>@{d}[prefixes]</value>
<status status="PASS" start="2026-09-12T12:17:54.476408" elapsed="0.003230"/>
</for>
<for flavor="IN">
<iter>
<for flavor="IN">
<iter>
<kw name="List Should Contain Value" owner="Collections">
<arg>${adv}</arg>
<arg>${net}</arg>
<arg>msg=${net} not tagged bgp:advertise in Nautobot</arg>
<doc>Fails if the ``value`` is not found from ``list``.</doc>
<status status="PASS" start="2026-09-12T12:17:54.479906" elapsed="0.000283"/>
</kw>
<var name="${net}">10.255.0.1/32</var>
<status status="PASS" start="2026-09-12T12:17:54.479864" elapsed="0.000350"/>
</iter>
<iter>
<kw name="List Should Contain Value" owner="Collections">
<arg>${adv}</arg>
<arg>${net}</arg>
<arg>msg=${net} not tagged bgp:advertise in Nautobot</arg>
<doc>Fails if the ``value`` is not found from ``list``.</doc>
<status status="PASS" start="2026-09-12T12:17:54.480308" elapsed="0.000149"/>
</kw>
<var name="${net}">10.10.0.0/24</var>
<status status="PASS" start="2026-09-12T12:17:54.480263" elapsed="0.000217"/>
</iter>
<iter>
<kw name="List Should Contain Value" owner="Collections">
<arg>${adv}</arg>
<arg>${net}</arg>
<arg>msg=${net} not tagged bgp:advertise in Nautobot</arg>
<doc>Fails if the ``value`` is not found from ``list``.</doc>
<status status="PASS" start="2026-09-12T12:17:54.480566" elapsed="0.000147"/>
</kw>
<var name="${net}">10.110.0.0/24</var>
<status status="PASS" start="2026-09-12T12:17:54.480526" elapsed="0.000225"/>
</iter>
<iter>
<kw name="List Should Contain Value" owner="Collections">
<arg>${adv}</arg>
<arg>${net}</arg>
<arg>msg=${net} not tagged bgp:advertise in Nautobot</arg>
<doc>Fails if the ``value`` is not found from ``list``.</doc>
<status status="PASS" start="2026-09-12T12:17:54.480838" elapsed="0.000157"/>
</kw>
<var name="${net}">10.111.0.0/24</var>
<status status="PASS" start="2026-09-12T12:17:54.480797" elapsed="0.000224"/>
</iter>
<iter>
<kw name="List Should Contain Value" owner="Collections">
<arg>${adv}</arg>
<arg>${net}</arg>
<arg>msg=${net} not tagged bgp:advertise in Nautobot</arg>
<doc>Fails if the ``value`` is not found from ``list``.</doc>
<status status="PASS" start="2026-09-12T12:17:54.481111" elapsed="0.000139"/>
</kw>
<var name="${net}">10.112.0.0/24</var>
<status status="PASS" start="2026-09-12T12:17:54.481070" elapsed="0.000203"/>
</iter>
<iter>
<kw name="List Should Contain Value" owner="Collections">
<arg>${adv}</arg>
<arg>${net}</arg>
<arg>msg=${net} not tagged bgp:advertise in Nautobot</arg>
<doc>Fails if the ``value`` is not found from ``list``.</doc>
<status status="PASS" start="2026-09-12T12:17:54.481357" elapsed="0.000136"/>
</kw>
<var name="${net}">10.113.0.0/24</var>
<status status="PASS" start="2026-09-12T12:17:54.481317" elapsed="0.000198"/>
</iter>
<iter>
<kw name="List Should Contain Value" owner="Collections">
<arg>${adv}</arg>
<arg>${net}</arg>
<arg>msg=${net} not tagged bgp:advertise in Nautobot</arg>
<doc>Fails if the ``value`` is not found from ``list``.</doc>
<status status="PASS" start="2026-09-12T12:17:54.481601" elapsed="0.000136"/>
</kw>
<var name="${net}">10.114.0.0/24</var>
<status status="PASS" start="2026-09-12T12:17:54.481560" elapsed="0.000199"/>
</iter>
<var>${net}</var>
<value>@{BGP_NETWORKS}[${sw}]</value>
<status status="PASS" start="2026-09-12T12:17:54.479783" elapsed="0.001993"/>
</for>
<var name="${sw}">sw1</var>
<status status="PASS" start="2026-09-12T12:17:54.479765" elapsed="0.002030"/>
</iter>
<iter>
<for flavor="IN">
<iter>
<kw name="List Should Contain Value" owner="Collections">
<arg>${adv}</arg>
<arg>${net}</arg>
<arg>msg=${net} not tagged bgp:advertise in Nautobot</arg>
<doc>Fails if the ``value`` is not found from ``list``.</doc>
<status status="PASS" start="2026-09-12T12:17:54.482014" elapsed="0.000171"/>
</kw>
<var name="${net}">10.255.0.2/32</var>
<status status="PASS" start="2026-09-12T12:17:54.481963" elapsed="0.000247"/>
</iter>
<iter>
<kw name="List Should Contain Value" owner="Collections">
<arg>${adv}</arg>
<arg>${net}</arg>
<arg>msg=${net} not tagged bgp:advertise in Nautobot</arg>
<doc>Fails if the ``value`` is not found from ``list``.</doc>
<status status="PASS" start="2026-09-12T12:17:54.482299" elapsed="0.000145"/>
</kw>
<var name="${net}">10.20.0.0/24</var>
<status status="PASS" start="2026-09-12T12:17:54.482257" elapsed="0.000211"/>
</iter>
<iter>
<kw name="List Should Contain Value" owner="Collections">
<arg>${adv}</arg>
<arg>${net}</arg>
<arg>msg=${net} not tagged bgp:advertise in Nautobot</arg>
<doc>Fails if the ``value`` is not found from ``list``.</doc>
<status status="PASS" start="2026-09-12T12:17:54.482558" elapsed="0.000142"/>
</kw>
<var name="${net}">10.115.0.0/24</var>
<status status="PASS" start="2026-09-12T12:17:54.482518" elapsed="0.000206"/>
</iter>
<iter>
<kw name="List Should Contain Value" owner="Collections">
<arg>${adv}</arg>
<arg>${net}</arg>
<arg>msg=${net} not tagged bgp:advertise in Nautobot</arg>
<doc>Fails if the ``value`` is not found from ``list``.</doc>
<status status="PASS" start="2026-09-12T12:17:54.482808" elapsed="0.000135"/>
</kw>
<var name="${net}">10.116.0.0/24</var>
<status status="PASS" start="2026-09-12T12:17:54.482768" elapsed="0.000198"/>
</iter>
<iter>
<kw name="List Should Contain Value" owner="Collections">
<arg>${adv}</arg>
<arg>${net}</arg>
<arg>msg=${net} not tagged bgp:advertise in Nautobot</arg>
<doc>Fails if the ``value`` is not found from ``list``.</doc>
<status status="PASS" start="2026-09-12T12:17:54.483078" elapsed="0.000166"/>
</kw>
<var name="${net}">10.117.0.0/24</var>
<status status="PASS" start="2026-09-12T12:17:54.483028" elapsed="0.000256"/>
</iter>
<iter>
<kw name="List Should Contain Value" owner="Collections">
<arg>${adv}</arg>
<arg>${net}</arg>
<arg>msg=${net} not tagged bgp:advertise in Nautobot</arg>
<doc>Fails if the ``value`` is not found from ``list``.</doc>
<status status="PASS" start="2026-09-12T12:17:54.483409" elapsed="0.000210"/>
</kw>
<var name="${net}">10.118.0.0/24</var>
<status status="PASS" start="2026-09-12T12:17:54.483354" elapsed="0.000301"/>
</iter>
<iter>
<kw name="List Should Contain Value" owner="Collections">
<arg>${adv}</arg>
<arg>${net}</arg>
<arg>msg=${net} not tagged bgp:advertise in Nautobot</arg>
<doc>Fails if the ``value`` is not found from ``list``.</doc>
<status status="PASS" start="2026-09-12T12:17:54.483758" elapsed="0.000160"/>
</kw>
<var name="${net}">10.119.0.0/24</var>
<status status="PASS" start="2026-09-12T12:17:54.483711" elapsed="0.000232"/>
</iter>
<var>${net}</var>
<value>@{BGP_NETWORKS}[${sw}]</value>
<status status="PASS" start="2026-09-12T12:17:54.481882" elapsed="0.002079"/>
</for>
<var name="${sw}">sw2</var>
<status status="PASS" start="2026-09-12T12:17:54.481862" elapsed="0.002132"/>
</iter>
<var>${sw}</var>
<value>@{SWITCH_NAMES}</value>
<status status="PASS" start="2026-09-12T12:17:54.479669" elapsed="0.004342"/>
</for>
<status status="PASS" start="2026-09-12T12:17:54.408622" elapsed="0.075460"/>
</test>
<test id="s1-s1-t12" name="Live BGP sessions match the peerings modelled in Nautobot" line="125">
<kw name="Nautobot Graphql" owner="LabLib">
<msg time="2026-09-12T12:17:54.509966" level="INFO">GraphQL { bgp_routing_instances { device { name } endpoints { peer { source_ip { address } autonomous_system { asn } } } } }
-&gt; 200 {"data":{"bgp_routing_instances":[{"device":{"name":"sw1"},"endpoints":[{"peer":{"source_ip":{"address":"10.100.0.2/30"},"autonomous_system":{"asn":65000}}}]},{"device":{"name":"sw2"},"endpoints":[{"peer":{"source_ip":{"address":"10.100.0.1/30"},"autonomous_system":{"asn":65000}}}]}]}}</msg>
<msg time="2026-09-12T12:17:54.510272" level="INFO">${d} = {'bgp_routing_instances': [{'device': {'name': 'sw1'}, 'endpoints': [{'peer': {'source_ip': {'address': '10.100.0.2/30'}, 'autonomous_system': {'asn': 65000}}}]}, {'device': {'name': 'sw2'}, 'endpoint...</msg>
<var>${d}</var>
<arg>{ bgp_routing_instances { device { name } endpoints { peer { source_ip { address } autonomous_system { asn } } } } }</arg>
<status status="PASS" start="2026-09-12T12:17:54.484491" elapsed="0.025821"/>
</kw>
<for flavor="IN">
<iter>
<kw name="Set Variable" owner="BuiltIn">
<msg time="2026-09-12T12:17:54.511209" level="INFO">${sw} = sw1</msg>
<var>${sw}</var>
<arg>${ri}[device][name]</arg>
<doc>Returns the given values which can then be assigned to a variables.</doc>
<status status="PASS" start="2026-09-12T12:17:54.510787" elapsed="0.000455"/>
</kw>
<kw name="Show" owner="common">
<kw name="Switch Host" owner="common">
<kw name="Set Variable" owner="BuiltIn">
<msg time="2026-09-12T12:17:54.512437" level="INFO">${host} = 10.0.0.11</msg>
<var>${host}</var>
<arg>${SWITCHES}[${sw}][host]</arg>
<doc>Returns the given values which can then be assigned to a variables.</doc>
<status status="PASS" start="2026-09-12T12:17:54.512091" elapsed="0.000378"/>
</kw>
<return>
<value>${host}</value>
<status status="PASS" start="2026-09-12T12:17:54.512526" elapsed="0.000048"/>
</return>
<msg time="2026-09-12T12:17:54.512715" level="INFO">${host} = 10.0.0.11</msg>
<var>${host}</var>
<arg>${sw}</arg>
<status status="PASS" start="2026-09-12T12:17:54.511806" elapsed="0.000937"/>
</kw>
<kw name="Run Command" owner="LabLib">
<msg time="2026-09-12T12:17:55.009716" level="INFO" html="true">&lt;pre&gt;10.0.0.11# show bgp ipv4 unicast summary | begin Neighbor
Neighbor        V           AS MsgRcvd MsgSent   TblVer  InQ OutQ Up/Down  State/PfxRcd
10.100.0.2      4        65000     122     121       57    0    0 01:46:49        7&lt;/pre&gt;</msg>
<msg time="2026-09-12T12:17:55.009958" level="INFO">${out} = Neighbor        V           AS MsgRcvd MsgSent   TblVer  InQ OutQ Up/Down  State/PfxRcd
10.100.0.2      4        65000     122     121       57    0    0 01:46:49        7</msg>
<var>${out}</var>
<arg>${host}</arg>
<arg>${command}</arg>
<arg>${timeout}</arg>
<doc>Run a show/exec command on a switch over SSH and return its output.</doc>
<status status="PASS" start="2026-09-12T12:17:54.512846" elapsed="0.497164"/>
</kw>
<return>
<value>${out}</value>
<status status="PASS" start="2026-09-12T12:17:55.010107" elapsed="0.000058"/>
</return>
<msg time="2026-09-12T12:17:55.010363" level="INFO">${sum} = Neighbor        V           AS MsgRcvd MsgSent   TblVer  InQ OutQ Up/Down  State/PfxRcd
10.100.0.2      4        65000     122     121       57    0    0 01:46:49        7</msg>
<var>${sum}</var>
<arg>${sw}</arg>
<arg>show bgp ipv4 unicast summary | begin Neighbor</arg>
<doc>Run a show command on a switch by name.</doc>
<status status="PASS" start="2026-09-12T12:17:54.511429" elapsed="0.498966"/>
</kw>
<for flavor="IN">
<iter>
<kw name="Fetch From Left" owner="String">
<msg time="2026-09-12T12:17:55.011084" level="INFO">${peer_ip} = 10.100.0.2</msg>
<var>${peer_ip}</var>
<arg>${ep}[peer][source_ip][address]</arg>
<arg>/</arg>
<doc>Returns contents of the ``string`` before the first occurrence of ``marker``.</doc>
<status status="PASS" start="2026-09-12T12:17:55.010805" elapsed="0.000310"/>
</kw>
<kw name="Should Match Regexp" owner="BuiltIn">
<arg>${sum}</arg>
<arg>(?m)^${peer_ip}\\s+4\\s+${ep}[peer][autonomous_system][asn]\\s+.*\\s\\d+\\s*$</arg>
<arg>msg=${sw}: session to ${peer_ip} not Established</arg>
<doc>Fails if ``string`` does not match ``pattern`` as a regular expression.</doc>
<status status="PASS" start="2026-09-12T12:17:55.011243" elapsed="0.000758"/>
</kw>
<var name="${ep}">{'peer': {'source_ip': {'address': '10.100.0.2/30'}, 'autonomous_system': {'asn': 65000}}}</var>
<status status="PASS" start="2026-09-12T12:17:55.010672" elapsed="0.001378"/>
</iter>
<var>${ep}</var>
<value>@{ri}[endpoints]</value>
<status status="PASS" start="2026-09-12T12:17:55.010474" elapsed="0.001618"/>
</for>
<var name="${ri}">{'device': {'name': 'sw1'}, 'endpoints': [{'peer': {'source_ip': {'address': '10.100.0.2/30'}, 'autonomous_system': {'asn': 65000}}}]}</var>
<status status="PASS" start="2026-09-12T12:17:54.510653" elapsed="0.501479"/>
</iter>
<iter>
<kw name="Set Variable" owner="BuiltIn">
<msg time="2026-09-12T12:17:55.012704" level="INFO">${sw} = sw2</msg>
<var>${sw}</var>
<arg>${ri}[device][name]</arg>
<doc>Returns the given values which can then be assigned to a variables.</doc>
<status status="PASS" start="2026-09-12T12:17:55.012385" elapsed="0.000352"/>
</kw>
<kw name="Show" owner="common">
<kw name="Switch Host" owner="common">
<kw name="Set Variable" owner="BuiltIn">
<msg time="2026-09-12T12:17:55.013961" level="INFO">${host} = 10.0.0.12</msg>
<var>${host}</var>
<arg>${SWITCHES}[${sw}][host]</arg>
<doc>Returns the given values which can then be assigned to a variables.</doc>
<status status="PASS" start="2026-09-12T12:17:55.013616" elapsed="0.000386"/>
</kw>
<return>
<value>${host}</value>
<status status="PASS" start="2026-09-12T12:17:55.014056" elapsed="0.000041"/>
</return>
<msg time="2026-09-12T12:17:55.014232" level="INFO">${host} = 10.0.0.12</msg>
<var>${host}</var>
<arg>${sw}</arg>
<status status="PASS" start="2026-09-12T12:17:55.013318" elapsed="0.000944"/>
</kw>
<kw name="Run Command" owner="LabLib">
<msg time="2026-09-12T12:17:55.531097" level="INFO" html="true">&lt;pre&gt;10.0.0.12# show bgp ipv4 unicast summary | begin Neighbor
Neighbor        V           AS MsgRcvd MsgSent   TblVer  InQ OutQ Up/Down  State/PfxRcd
10.100.0.1      4        65000     121     122       15    0    0 01:46:41        7&lt;/pre&gt;</msg>
<msg time="2026-09-12T12:17:55.531257" level="INFO">${out} = Neighbor        V           AS MsgRcvd MsgSent   TblVer  InQ OutQ Up/Down  State/PfxRcd
10.100.0.1      4        65000     121     122       15    0    0 01:46:41        7</msg>
<var>${out}</var>
<arg>${host}</arg>
<arg>${command}</arg>
<arg>${timeout}</arg>
<doc>Run a show/exec command on a switch over SSH and return its output.</doc>
<status status="PASS" start="2026-09-12T12:17:55.014363" elapsed="0.516916"/>
</kw>
<return>
<value>${out}</value>
<status status="PASS" start="2026-09-12T12:17:55.531339" elapsed="0.000038"/>
</return>
<msg time="2026-09-12T12:17:55.531486" level="INFO">${sum} = Neighbor        V           AS MsgRcvd MsgSent   TblVer  InQ OutQ Up/Down  State/PfxRcd
10.100.0.1      4        65000     121     122       15    0    0 01:46:41        7</msg>
<var>${sum}</var>
<arg>${sw}</arg>
<arg>show bgp ipv4 unicast summary | begin Neighbor</arg>
<doc>Run a show command on a switch by name.</doc>
<status status="PASS" start="2026-09-12T12:17:55.012916" elapsed="0.518599"/>
</kw>
<for flavor="IN">
<iter>
<kw name="Fetch From Left" owner="String">
<msg time="2026-09-12T12:17:55.531959" level="INFO">${peer_ip} = 10.100.0.1</msg>
<var>${peer_ip}</var>
<arg>${ep}[peer][source_ip][address]</arg>
<arg>/</arg>
<doc>Returns contents of the ``string`` before the first occurrence of ``marker``.</doc>
<status status="PASS" start="2026-09-12T12:17:55.531786" elapsed="0.000214"/>
</kw>
<kw name="Should Match Regexp" owner="BuiltIn">
<arg>${sum}</arg>
<arg>(?m)^${peer_ip}\\s+4\\s+${ep}[peer][autonomous_system][asn]\\s+.*\\s\\d+\\s*$</arg>
<arg>msg=${sw}: session to ${peer_ip} not Established</arg>
<doc>Fails if ``string`` does not match ``pattern`` as a regular expression.</doc>
<status status="PASS" start="2026-09-12T12:17:55.532089" elapsed="0.000456"/>
</kw>
<var name="${ep}">{'peer': {'source_ip': {'address': '10.100.0.1/30'}, 'autonomous_system': {'asn': 65000}}}</var>
<status status="PASS" start="2026-09-12T12:17:55.531703" elapsed="0.000878"/>
</iter>
<var>${ep}</var>
<value>@{ri}[endpoints]</value>
<status status="PASS" start="2026-09-12T12:17:55.531590" elapsed="0.001017"/>
</for>
<var name="${ri}">{'device': {'name': 'sw2'}, 'endpoints': [{'peer': {'source_ip': {'address': '10.100.0.1/30'}, 'autonomous_system': {'asn': 65000}}}]}</var>
<status status="PASS" start="2026-09-12T12:17:55.012290" elapsed="0.520338"/>
</iter>
<var>${ri}</var>
<value>@{d}[bgp_routing_instances]</value>
<status status="PASS" start="2026-09-12T12:17:54.510405" elapsed="1.022241"/>
</for>
<status status="PASS" start="2026-09-12T12:17:54.484241" elapsed="1.048471"/>
</test>
<kw name="Suite Teardown Close Connections" owner="common" type="TEARDOWN">
<kw name="Close All Connections" owner="LabLib">
<status status="PASS" start="2026-09-12T12:17:55.533225" elapsed="0.021116"/>
</kw>
<status status="PASS" start="2026-09-12T12:17:55.533088" elapsed="0.021333"/>
</kw>
<doc>Nautobot on the NMS: service health, apps, and the lab as modelled in it — Nautobot is the
source of truth for nac/data/devices.nac.yaml and must match both that file and the devices.</doc>
<status status="PASS" start="2026-09-12T12:17:45.956935" elapsed="9.597511"/>
</suite>
<status status="PASS" start="2026-09-12T12:17:45.933424" elapsed="9.621632"/>
</suite>
<statistics>
<total>
<stat pass="12" fail="0" skip="0">All Tests</stat>
</total>
<tag>
<stat pass="1" fail="0" skip="0">nac</stat>
</tag>
<suite>
<stat name="cat9000v lab" id="s1" pass="12" fail="0" skip="0">cat9000v lab</stat>
<stat name="09 Nautobot" id="s1-s1" pass="12" fail="0" skip="0">cat9000v lab.09 Nautobot</stat>
</suite>
</statistics>
<errors>
</errors>
</robot>
